[2024-12-10T15:00:01.130+0000] {taskinstance.py:1083} INFO - Dependencies all met for <TaskInstance: defaultargs.tsk1 scheduled__2024-12-10T14:00:00+00:00 [queued]>
[2024-12-10T15:00:01.144+0000] {taskinstance.py:1083} INFO - Dependencies all met for <TaskInstance: defaultargs.tsk1 scheduled__2024-12-10T14:00:00+00:00 [queued]>
[2024-12-10T15:00:01.144+0000] {taskinstance.py:1279} INFO - 
--------------------------------------------------------------------------------
[2024-12-10T15:00:01.144+0000] {taskinstance.py:1280} INFO - Starting attempt 1 of 4
[2024-12-10T15:00:01.144+0000] {taskinstance.py:1281} INFO - 
--------------------------------------------------------------------------------
[2024-12-10T15:00:01.160+0000] {taskinstance.py:1300} INFO - Executing <Task(BashOperator): tsk1> on 2024-12-10 14:00:00+00:00
[2024-12-10T15:00:01.165+0000] {standard_task_runner.py:55} INFO - Started process 27273 to run task
[2024-12-10T15:00:01.168+0000] {standard_task_runner.py:82} INFO - Running: ['***', 'tasks', 'run', 'defaultargs', 'tsk1', 'scheduled__2024-12-10T14:00:00+00:00', '--job-id', '616', '--raw', '--subdir', 'DAGS_FOLDER/defaultargs.py', '--cfg-path', '/tmp/tmplw97m_0y']
[2024-12-10T15:00:01.169+0000] {standard_task_runner.py:83} INFO - Job 616: Subtask tsk1
[2024-12-10T15:00:01.253+0000] {task_command.py:388} INFO - Running <TaskInstance: defaultargs.tsk1 scheduled__2024-12-10T14:00:00+00:00 [running]> on host d5758c87d718
[2024-12-10T15:00:01.339+0000] {taskinstance.py:1509} INFO - Exporting the following env vars:
AIRFLOW_CTX_DAG_EMAIL=test@test.com
AIRFLOW_CTX_DAG_OWNER=***
AIRFLOW_CTX_DAG_ID=defaultargs
AIRFLOW_CTX_TASK_ID=tsk1
AIRFLOW_CTX_EXECUTION_DATE=2024-12-10T14:00:00+00:00
AIRFLOW_CTX_TRY_NUMBER=1
AIRFLOW_CTX_DAG_RUN_ID=scheduled__2024-12-10T14:00:00+00:00
[2024-12-10T15:00:01.340+0000] {subprocess.py:63} INFO - Tmp dir root location: 
 /tmp
[2024-12-10T15:00:01.341+0000] {subprocess.py:75} INFO - Running command: ['/bin/bash', '-c', 'sleep 5']
[2024-12-10T15:00:01.354+0000] {subprocess.py:86} INFO - Output:
[2024-12-10T15:00:06.359+0000] {subprocess.py:97} INFO - Command exited with return code 0
[2024-12-10T15:00:06.404+0000] {taskinstance.py:1323} INFO - Marking task as SUCCESS. dag_id=defaultargs, task_id=tsk1, execution_date=20241210T140000, start_date=20241210T150001, end_date=20241210T150006
[2024-12-10T15:00:06.453+0000] {local_task_job.py:208} INFO - Task exited with return code 0
[2024-12-10T15:00:06.492+0000] {taskinstance.py:2578} INFO - 1 downstream tasks scheduled from follow-on schedule check
