[2024-12-10T14:00:07.213+0000] {taskinstance.py:1083} INFO - Dependencies all met for <TaskInstance: defaultargs.tsk2 scheduled__2024-12-10T13:00:00+00:00 [queued]>
[2024-12-10T14:00:07.224+0000] {taskinstance.py:1083} INFO - Dependencies all met for <TaskInstance: defaultargs.tsk2 scheduled__2024-12-10T13:00:00+00:00 [queued]>
[2024-12-10T14:00:07.224+0000] {taskinstance.py:1279} INFO - 
--------------------------------------------------------------------------------
[2024-12-10T14:00:07.224+0000] {taskinstance.py:1280} INFO - Starting attempt 1 of 2
[2024-12-10T14:00:07.224+0000] {taskinstance.py:1281} INFO - 
--------------------------------------------------------------------------------
[2024-12-10T14:00:07.240+0000] {taskinstance.py:1300} INFO - Executing <Task(BashOperator): tsk2> on 2024-12-10 13:00:00+00:00
[2024-12-10T14:00:07.244+0000] {standard_task_runner.py:55} INFO - Started process 20958 to run task
[2024-12-10T14:00:07.248+0000] {standard_task_runner.py:82} INFO - Running: ['***', 'tasks', 'run', 'defaultargs', 'tsk2', 'scheduled__2024-12-10T13:00:00+00:00', '--job-id', '614', '--raw', '--subdir', 'DAGS_FOLDER/defaultargs.py', '--cfg-path', '/tmp/tmp5icfua_f']
[2024-12-10T14:00:07.248+0000] {standard_task_runner.py:83} INFO - Job 614: Subtask tsk2
[2024-12-10T14:00:07.329+0000] {task_command.py:388} INFO - Running <TaskInstance: defaultargs.tsk2 scheduled__2024-12-10T13:00:00+00:00 [running]> on host d5758c87d718
[2024-12-10T14:00:07.416+0000] {taskinstance.py:1509} INFO - Exporting the following env vars:
AIRFLOW_CTX_DAG_EMAIL=test@test.com
AIRFLOW_CTX_DAG_OWNER=***
AIRFLOW_CTX_DAG_ID=defaultargs
AIRFLOW_CTX_TASK_ID=tsk2
AIRFLOW_CTX_EXECUTION_DATE=2024-12-10T13:00:00+00:00
AIRFLOW_CTX_TRY_NUMBER=1
AIRFLOW_CTX_DAG_RUN_ID=scheduled__2024-12-10T13:00:00+00:00
[2024-12-10T14:00:07.418+0000] {subprocess.py:63} INFO - Tmp dir root location: 
 /tmp
[2024-12-10T14:00:07.418+0000] {subprocess.py:75} INFO - Running command: ['/bin/bash', '-c', 'sleep 5']
[2024-12-10T14:00:07.436+0000] {subprocess.py:86} INFO - Output:
[2024-12-10T14:00:12.442+0000] {subprocess.py:97} INFO - Command exited with return code 0
[2024-12-10T14:00:12.487+0000] {taskinstance.py:1323} INFO - Marking task as SUCCESS. dag_id=defaultargs, task_id=tsk2, execution_date=20241210T130000, start_date=20241210T140007, end_date=20241210T140012
[2024-12-10T14:00:12.527+0000] {local_task_job.py:208} INFO - Task exited with return code 0
[2024-12-10T14:00:12.551+0000] {taskinstance.py:2578} INFO - 1 downstream tasks scheduled from follow-on schedule check
