[2024-11-23T17:00:07.888+0000] {taskinstance.py:1083} INFO - Dependencies all met for <TaskInstance: daggroup.tsk2 manual__2024-11-23T17:00:01.048608+00:00 [queued]>
[2024-11-23T17:00:07.900+0000] {taskinstance.py:1083} INFO - Dependencies all met for <TaskInstance: daggroup.tsk2 manual__2024-11-23T17:00:01.048608+00:00 [queued]>
[2024-11-23T17:00:07.901+0000] {taskinstance.py:1279} INFO - 
--------------------------------------------------------------------------------
[2024-11-23T17:00:07.901+0000] {taskinstance.py:1280} INFO - Starting attempt 1 of 1
[2024-11-23T17:00:07.901+0000] {taskinstance.py:1281} INFO - 
--------------------------------------------------------------------------------
[2024-11-23T17:00:07.920+0000] {taskinstance.py:1300} INFO - Executing <Task(BashOperator): tsk2> on 2024-11-23 17:00:01.048608+00:00
[2024-11-23T17:00:07.926+0000] {standard_task_runner.py:55} INFO - Started process 24162 to run task
[2024-11-23T17:00:07.929+0000] {standard_task_runner.py:82} INFO - Running: ['***', 'tasks', 'run', 'daggroup', 'tsk2', 'manual__2024-11-23T17:00:01.048608+00:00', '--job-id', '58', '--raw', '--subdir', 'DAGS_FOLDER/daggroup.py', '--cfg-path', '/tmp/tmpq7qclprd']
[2024-11-23T17:00:07.930+0000] {standard_task_runner.py:83} INFO - Job 58: Subtask tsk2
[2024-11-23T17:00:08.018+0000] {task_command.py:388} INFO - Running <TaskInstance: daggroup.tsk2 manual__2024-11-23T17:00:01.048608+00:00 [running]> on host 6b6513c1cd28
[2024-11-23T17:00:08.110+0000] {taskinstance.py:1509} INFO - Exporting the following env vars:
AIRFLOW_CTX_DAG_OWNER=***
AIRFLOW_CTX_DAG_ID=daggroup
AIRFLOW_CTX_TASK_ID=tsk2
AIRFLOW_CTX_EXECUTION_DATE=2024-11-23T17:00:01.048608+00:00
AIRFLOW_CTX_TRY_NUMBER=1
AIRFLOW_CTX_DAG_RUN_ID=manual__2024-11-23T17:00:01.048608+00:00
[2024-11-23T17:00:08.113+0000] {subprocess.py:63} INFO - Tmp dir root location: 
 /tmp
[2024-11-23T17:00:08.114+0000] {subprocess.py:75} INFO - Running command: ['/bin/bash', '-c', 'sleep 5']
[2024-11-23T17:00:08.123+0000] {subprocess.py:86} INFO - Output:
[2024-11-23T17:00:13.126+0000] {subprocess.py:97} INFO - Command exited with return code 0
[2024-11-23T17:00:13.175+0000] {taskinstance.py:1323} INFO - Marking task as SUCCESS. dag_id=daggroup, task_id=tsk2, execution_date=20241123T170001, start_date=20241123T170007, end_date=20241123T170013
[2024-11-23T17:00:13.239+0000] {local_task_job.py:208} INFO - Task exited with return code 0
[2024-11-23T17:00:13.291+0000] {taskinstance.py:2578} INFO - 0 downstream tasks scheduled from follow-on schedule check
