[2024-11-23T16:09:43.016+0000] {taskinstance.py:1083} INFO - Dependencies all met for <TaskInstance: quarta_dag.tsk1 manual__2024-11-23T16:09:30.540376+00:00 [queued]>
[2024-11-23T16:09:43.028+0000] {taskinstance.py:1083} INFO - Dependencies all met for <TaskInstance: quarta_dag.tsk1 manual__2024-11-23T16:09:30.540376+00:00 [queued]>
[2024-11-23T16:09:43.028+0000] {taskinstance.py:1279} INFO - 
--------------------------------------------------------------------------------
[2024-11-23T16:09:43.029+0000] {taskinstance.py:1280} INFO - Starting attempt 1 of 1
[2024-11-23T16:09:43.029+0000] {taskinstance.py:1281} INFO - 
--------------------------------------------------------------------------------
[2024-11-23T16:09:43.048+0000] {taskinstance.py:1300} INFO - Executing <Task(BashOperator): tsk1> on 2024-11-23 16:09:30.540376+00:00
[2024-11-23T16:09:43.054+0000] {standard_task_runner.py:55} INFO - Started process 18858 to run task
[2024-11-23T16:09:43.058+0000] {standard_task_runner.py:82} INFO - Running: ['***', 'tasks', 'run', 'quarta_dag', 'tsk1', 'manual__2024-11-23T16:09:30.540376+00:00', '--job-id', '39', '--raw', '--subdir', 'DAGS_FOLDER/quartadag.py', '--cfg-path', '/tmp/tmpfi1tm9qa']
[2024-11-23T16:09:43.058+0000] {standard_task_runner.py:83} INFO - Job 39: Subtask tsk1
[2024-11-23T16:09:43.126+0000] {task_command.py:388} INFO - Running <TaskInstance: quarta_dag.tsk1 manual__2024-11-23T16:09:30.540376+00:00 [running]> on host 6b6513c1cd28
[2024-11-23T16:09:43.205+0000] {taskinstance.py:1509} INFO - Exporting the following env vars:
AIRFLOW_CTX_DAG_OWNER=***
AIRFLOW_CTX_DAG_ID=quarta_dag
AIRFLOW_CTX_TASK_ID=tsk1
AIRFLOW_CTX_EXECUTION_DATE=2024-11-23T16:09:30.540376+00:00
AIRFLOW_CTX_TRY_NUMBER=1
AIRFLOW_CTX_DAG_RUN_ID=manual__2024-11-23T16:09:30.540376+00:00
[2024-11-23T16:09:43.206+0000] {subprocess.py:63} INFO - Tmp dir root location: 
 /tmp
[2024-11-23T16:09:43.207+0000] {subprocess.py:75} INFO - Running command: ['/bin/bash', '-c', 'sleep 5']
[2024-11-23T16:09:43.218+0000] {subprocess.py:86} INFO - Output:
[2024-11-23T16:09:48.222+0000] {subprocess.py:97} INFO - Command exited with return code 0
[2024-11-23T16:09:48.260+0000] {taskinstance.py:1323} INFO - Marking task as SUCCESS. dag_id=quarta_dag, task_id=tsk1, execution_date=20241123T160930, start_date=20241123T160943, end_date=20241123T160948
[2024-11-23T16:09:48.314+0000] {local_task_job.py:208} INFO - Task exited with return code 0
[2024-11-23T16:09:48.330+0000] {taskinstance.py:2578} INFO - 0 downstream tasks scheduled from follow-on schedule check
