[2024-12-07T01:00:13.212+0000] {taskinstance.py:1083} INFO - Dependencies all met for <TaskInstance: defaultargs.tsk3 scheduled__2024-12-07T00:00:00+00:00 [queued]>
[2024-12-07T01:00:13.224+0000] {taskinstance.py:1083} INFO - Dependencies all met for <TaskInstance: defaultargs.tsk3 scheduled__2024-12-07T00:00:00+00:00 [queued]>
[2024-12-07T01:00:13.224+0000] {taskinstance.py:1279} INFO - 
--------------------------------------------------------------------------------
[2024-12-07T01:00:13.225+0000] {taskinstance.py:1280} INFO - Starting attempt 1 of 2
[2024-12-07T01:00:13.225+0000] {taskinstance.py:1281} INFO - 
--------------------------------------------------------------------------------
[2024-12-07T01:00:13.239+0000] {taskinstance.py:1300} INFO - Executing <Task(BashOperator): tsk3> on 2024-12-07 00:00:00+00:00
[2024-12-07T01:00:13.245+0000] {standard_task_runner.py:55} INFO - Started process 77431 to run task
[2024-12-07T01:00:13.248+0000] {standard_task_runner.py:82} INFO - Running: ['***', 'tasks', 'run', 'defaultargs', 'tsk3', 'scheduled__2024-12-07T00:00:00+00:00', '--job-id', '494', '--raw', '--subdir', 'DAGS_FOLDER/defaultargs.py', '--cfg-path', '/tmp/tmp5opt6sdh']
[2024-12-07T01:00:13.249+0000] {standard_task_runner.py:83} INFO - Job 494: Subtask tsk3
[2024-12-07T01:00:13.329+0000] {task_command.py:388} INFO - Running <TaskInstance: defaultargs.tsk3 scheduled__2024-12-07T00:00:00+00:00 [running]> on host d5758c87d718
[2024-12-07T01:00:13.416+0000] {taskinstance.py:1509} INFO - Exporting the following env vars:
AIRFLOW_CTX_DAG_EMAIL=test@test.com
AIRFLOW_CTX_DAG_OWNER=***
AIRFLOW_CTX_DAG_ID=defaultargs
AIRFLOW_CTX_TASK_ID=tsk3
AIRFLOW_CTX_EXECUTION_DATE=2024-12-07T00:00:00+00:00
AIRFLOW_CTX_TRY_NUMBER=1
AIRFLOW_CTX_DAG_RUN_ID=scheduled__2024-12-07T00:00:00+00:00
[2024-12-07T01:00:13.417+0000] {subprocess.py:63} INFO - Tmp dir root location: 
 /tmp
[2024-12-07T01:00:13.417+0000] {subprocess.py:75} INFO - Running command: ['/bin/bash', '-c', 'sleep 5']
[2024-12-07T01:00:13.426+0000] {subprocess.py:86} INFO - Output:
[2024-12-07T01:00:18.430+0000] {subprocess.py:97} INFO - Command exited with return code 0
[2024-12-07T01:00:18.470+0000] {taskinstance.py:1323} INFO - Marking task as SUCCESS. dag_id=defaultargs, task_id=tsk3, execution_date=20241207T000000, start_date=20241207T010013, end_date=20241207T010018
[2024-12-07T01:00:18.535+0000] {local_task_job.py:208} INFO - Task exited with return code 0
[2024-12-07T01:00:18.557+0000] {taskinstance.py:2578} INFO - 0 downstream tasks scheduled from follow-on schedule check
