[2024-11-20T00:19:29.487+0000] {taskinstance.py:1083} INFO - Dependencies all met for <TaskInstance: example_branch_operator.branching scheduled__2024-11-19T00:00:00+00:00 [queued]>
[2024-11-20T00:19:29.498+0000] {taskinstance.py:1083} INFO - Dependencies all met for <TaskInstance: example_branch_operator.branching scheduled__2024-11-19T00:00:00+00:00 [queued]>
[2024-11-20T00:19:29.498+0000] {taskinstance.py:1279} INFO - 
--------------------------------------------------------------------------------
[2024-11-20T00:19:29.498+0000] {taskinstance.py:1280} INFO - Starting attempt 1 of 1
[2024-11-20T00:19:29.499+0000] {taskinstance.py:1281} INFO - 
--------------------------------------------------------------------------------
[2024-11-20T00:19:29.511+0000] {taskinstance.py:1300} INFO - Executing <Task(BranchPythonOperator): branching> on 2024-11-19 00:00:00+00:00
[2024-11-20T00:19:29.517+0000] {standard_task_runner.py:55} INFO - Started process 10013 to run task
[2024-11-20T00:19:29.520+0000] {standard_task_runner.py:82} INFO - Running: ['***', 'tasks', 'run', 'example_branch_operator', 'branching', 'scheduled__2024-11-19T00:00:00+00:00', '--job-id', '3', '--raw', '--subdir', '/home/***/.local/lib/python3.7/site-packages/***/example_dags/example_branch_operator.py', '--cfg-path', '/tmp/tmpxwb_q3yp']
[2024-11-20T00:19:29.520+0000] {standard_task_runner.py:83} INFO - Job 3: Subtask branching
[2024-11-20T00:19:29.581+0000] {task_command.py:388} INFO - Running <TaskInstance: example_branch_operator.branching scheduled__2024-11-19T00:00:00+00:00 [running]> on host 3b868d6f55c3
[2024-11-20T00:19:29.652+0000] {taskinstance.py:1509} INFO - Exporting the following env vars:
AIRFLOW_CTX_DAG_OWNER=***
AIRFLOW_CTX_DAG_ID=example_branch_operator
AIRFLOW_CTX_TASK_ID=branching
AIRFLOW_CTX_EXECUTION_DATE=2024-11-19T00:00:00+00:00
AIRFLOW_CTX_TRY_NUMBER=1
AIRFLOW_CTX_DAG_RUN_ID=scheduled__2024-11-19T00:00:00+00:00
[2024-11-20T00:19:29.653+0000] {python.py:177} INFO - Done. Returned value was: branch_c
[2024-11-20T00:19:29.654+0000] {python.py:211} INFO - Branch callable return branch_c
[2024-11-20T00:19:29.654+0000] {skipmixin.py:155} INFO - Following branch branch_c
[2024-11-20T00:19:29.654+0000] {skipmixin.py:211} INFO - Skipping tasks ['branch_a', 'branch_b', 'branch_d']
[2024-11-20T00:19:29.702+0000] {taskinstance.py:1323} INFO - Marking task as SUCCESS. dag_id=example_branch_operator, task_id=branching, execution_date=20241119T000000, start_date=20241120T001929, end_date=20241120T001929
[2024-11-20T00:19:29.732+0000] {local_task_job.py:208} INFO - Task exited with return code 0
[2024-11-20T00:19:29.776+0000] {taskinstance.py:2578} INFO - 1 downstream tasks scheduled from follow-on schedule check
