[2024-11-30T21:49:51.973+0000] {taskinstance.py:1083} INFO - Dependencies all met for <TaskInstance: defaultargs.tsk2 manual__2024-11-30T21:49:45.516465+00:00 [queued]>
[2024-11-30T21:49:51.987+0000] {taskinstance.py:1083} INFO - Dependencies all met for <TaskInstance: defaultargs.tsk2 manual__2024-11-30T21:49:45.516465+00:00 [queued]>
[2024-11-30T21:49:51.987+0000] {taskinstance.py:1279} INFO - 
--------------------------------------------------------------------------------
[2024-11-30T21:49:51.987+0000] {taskinstance.py:1280} INFO - Starting attempt 1 of 2
[2024-11-30T21:49:51.987+0000] {taskinstance.py:1281} INFO - 
--------------------------------------------------------------------------------
[2024-11-30T21:49:52.001+0000] {taskinstance.py:1300} INFO - Executing <Task(BashOperator): tsk2> on 2024-11-30 21:49:45.516465+00:00
[2024-11-30T21:49:52.006+0000] {standard_task_runner.py:55} INFO - Started process 76349 to run task
[2024-11-30T21:49:52.010+0000] {standard_task_runner.py:82} INFO - Running: ['***', 'tasks', 'run', 'defaultargs', 'tsk2', 'manual__2024-11-30T21:49:45.516465+00:00', '--job-id', '94', '--raw', '--subdir', 'DAGS_FOLDER/defaultargs.py', '--cfg-path', '/tmp/tmpg74k03cs']
[2024-11-30T21:49:52.010+0000] {standard_task_runner.py:83} INFO - Job 94: Subtask tsk2
[2024-11-30T21:49:52.077+0000] {task_command.py:388} INFO - Running <TaskInstance: defaultargs.tsk2 manual__2024-11-30T21:49:45.516465+00:00 [running]> on host 6b6513c1cd28
[2024-11-30T21:49:52.153+0000] {taskinstance.py:1509} INFO - Exporting the following env vars:
AIRFLOW_CTX_DAG_EMAIL=test@test.com
AIRFLOW_CTX_DAG_OWNER=***
AIRFLOW_CTX_DAG_ID=defaultargs
AIRFLOW_CTX_TASK_ID=tsk2
AIRFLOW_CTX_EXECUTION_DATE=2024-11-30T21:49:45.516465+00:00
AIRFLOW_CTX_TRY_NUMBER=1
AIRFLOW_CTX_DAG_RUN_ID=manual__2024-11-30T21:49:45.516465+00:00
[2024-11-30T21:49:52.154+0000] {subprocess.py:63} INFO - Tmp dir root location: 
 /tmp
[2024-11-30T21:49:52.155+0000] {subprocess.py:75} INFO - Running command: ['/bin/bash', '-c', 'sleep 5']
[2024-11-30T21:49:52.165+0000] {subprocess.py:86} INFO - Output:
[2024-11-30T21:49:57.170+0000] {subprocess.py:97} INFO - Command exited with return code 0
[2024-11-30T21:49:57.202+0000] {taskinstance.py:1323} INFO - Marking task as SUCCESS. dag_id=defaultargs, task_id=tsk2, execution_date=20241130T214945, start_date=20241130T214951, end_date=20241130T214957
[2024-11-30T21:49:57.237+0000] {local_task_job.py:208} INFO - Task exited with return code 0
[2024-11-30T21:49:57.261+0000] {taskinstance.py:2578} INFO - 1 downstream tasks scheduled from follow-on schedule check
