[2024-11-23T16:44:21.533+0000] {taskinstance.py:1083} INFO - Dependencies all met for <TaskInstance: dagcomplexa.tsk6 manual__2024-11-23T16:44:01.834363+00:00 [queued]>
[2024-11-23T16:44:21.546+0000] {taskinstance.py:1083} INFO - Dependencies all met for <TaskInstance: dagcomplexa.tsk6 manual__2024-11-23T16:44:01.834363+00:00 [queued]>
[2024-11-23T16:44:21.547+0000] {taskinstance.py:1279} INFO - 
--------------------------------------------------------------------------------
[2024-11-23T16:44:21.547+0000] {taskinstance.py:1280} INFO - Starting attempt 1 of 1
[2024-11-23T16:44:21.547+0000] {taskinstance.py:1281} INFO - 
--------------------------------------------------------------------------------
[2024-11-23T16:44:21.565+0000] {taskinstance.py:1300} INFO - Executing <Task(BashOperator): tsk6> on 2024-11-23 16:44:01.834363+00:00
[2024-11-23T16:44:21.569+0000] {standard_task_runner.py:55} INFO - Started process 22508 to run task
[2024-11-23T16:44:21.573+0000] {standard_task_runner.py:82} INFO - Running: ['***', 'tasks', 'run', 'dagcomplexa', 'tsk6', 'manual__2024-11-23T16:44:01.834363+00:00', '--job-id', '53', '--raw', '--subdir', 'DAGS_FOLDER/dagcomplexa.py', '--cfg-path', '/tmp/tmpg3rvl6ks']
[2024-11-23T16:44:21.573+0000] {standard_task_runner.py:83} INFO - Job 53: Subtask tsk6
[2024-11-23T16:44:21.658+0000] {task_command.py:388} INFO - Running <TaskInstance: dagcomplexa.tsk6 manual__2024-11-23T16:44:01.834363+00:00 [running]> on host 6b6513c1cd28
[2024-11-23T16:44:21.757+0000] {taskinstance.py:1509} INFO - Exporting the following env vars:
AIRFLOW_CTX_DAG_OWNER=***
AIRFLOW_CTX_DAG_ID=dagcomplexa
AIRFLOW_CTX_TASK_ID=tsk6
AIRFLOW_CTX_EXECUTION_DATE=2024-11-23T16:44:01.834363+00:00
AIRFLOW_CTX_TRY_NUMBER=1
AIRFLOW_CTX_DAG_RUN_ID=manual__2024-11-23T16:44:01.834363+00:00
[2024-11-23T16:44:21.758+0000] {subprocess.py:63} INFO - Tmp dir root location: 
 /tmp
[2024-11-23T16:44:21.758+0000] {subprocess.py:75} INFO - Running command: ['/bin/bash', '-c', 'sleep 5']
[2024-11-23T16:44:21.772+0000] {subprocess.py:86} INFO - Output:
[2024-11-23T16:44:26.775+0000] {subprocess.py:97} INFO - Command exited with return code 0
[2024-11-23T16:44:26.838+0000] {taskinstance.py:1323} INFO - Marking task as SUCCESS. dag_id=dagcomplexa, task_id=tsk6, execution_date=20241123T164401, start_date=20241123T164421, end_date=20241123T164426
[2024-11-23T16:44:26.887+0000] {local_task_job.py:208} INFO - Task exited with return code 0
[2024-11-23T16:44:26.943+0000] {taskinstance.py:2578} INFO - 2 downstream tasks scheduled from follow-on schedule check
