[2024-11-23T16:30:28.977+0000] {taskinstance.py:1083} INFO - Dependencies all met for <TaskInstance: triggerdag1.tsk1 manual__2024-11-23T16:30:28.232285+00:00 [queued]>
[2024-11-23T16:30:28.989+0000] {taskinstance.py:1083} INFO - Dependencies all met for <TaskInstance: triggerdag1.tsk1 manual__2024-11-23T16:30:28.232285+00:00 [queued]>
[2024-11-23T16:30:28.989+0000] {taskinstance.py:1279} INFO - 
--------------------------------------------------------------------------------
[2024-11-23T16:30:28.989+0000] {taskinstance.py:1280} INFO - Starting attempt 1 of 1
[2024-11-23T16:30:28.990+0000] {taskinstance.py:1281} INFO - 
--------------------------------------------------------------------------------
[2024-11-23T16:30:29.008+0000] {taskinstance.py:1300} INFO - Executing <Task(BashOperator): tsk1> on 2024-11-23 16:30:28.232285+00:00
[2024-11-23T16:30:29.015+0000] {standard_task_runner.py:55} INFO - Started process 21034 to run task
[2024-11-23T16:30:29.018+0000] {standard_task_runner.py:82} INFO - Running: ['***', 'tasks', 'run', 'triggerdag1', 'tsk1', 'manual__2024-11-23T16:30:28.232285+00:00', '--job-id', '41', '--raw', '--subdir', 'DAGS_FOLDER/triggerDag1.py', '--cfg-path', '/tmp/tmppw780sg8']
[2024-11-23T16:30:29.019+0000] {standard_task_runner.py:83} INFO - Job 41: Subtask tsk1
[2024-11-23T16:30:29.102+0000] {task_command.py:388} INFO - Running <TaskInstance: triggerdag1.tsk1 manual__2024-11-23T16:30:28.232285+00:00 [running]> on host 6b6513c1cd28
[2024-11-23T16:30:29.181+0000] {taskinstance.py:1509} INFO - Exporting the following env vars:
AIRFLOW_CTX_DAG_OWNER=***
AIRFLOW_CTX_DAG_ID=triggerdag1
AIRFLOW_CTX_TASK_ID=tsk1
AIRFLOW_CTX_EXECUTION_DATE=2024-11-23T16:30:28.232285+00:00
AIRFLOW_CTX_TRY_NUMBER=1
AIRFLOW_CTX_DAG_RUN_ID=manual__2024-11-23T16:30:28.232285+00:00
[2024-11-23T16:30:29.182+0000] {subprocess.py:63} INFO - Tmp dir root location: 
 /tmp
[2024-11-23T16:30:29.183+0000] {subprocess.py:75} INFO - Running command: ['/bin/bash', '-c', 'sleep 5']
[2024-11-23T16:30:29.193+0000] {subprocess.py:86} INFO - Output:
[2024-11-23T16:30:34.197+0000] {subprocess.py:97} INFO - Command exited with return code 0
[2024-11-23T16:30:34.243+0000] {taskinstance.py:1323} INFO - Marking task as SUCCESS. dag_id=triggerdag1, task_id=tsk1, execution_date=20241123T163028, start_date=20241123T163028, end_date=20241123T163034
[2024-11-23T16:30:34.309+0000] {local_task_job.py:208} INFO - Task exited with return code 0
[2024-11-23T16:30:34.349+0000] {taskinstance.py:2578} INFO - 0 downstream tasks scheduled from follow-on schedule check
