[2024-12-01T14:23:40.519+0000] {taskinstance.py:1083} INFO - Dependencies all met for <TaskInstance: defaultargs.tsk1 scheduled__2024-12-01T04:00:00+00:00 [queued]>
[2024-12-01T14:23:40.529+0000] {taskinstance.py:1083} INFO - Dependencies all met for <TaskInstance: defaultargs.tsk1 scheduled__2024-12-01T04:00:00+00:00 [queued]>
[2024-12-01T14:23:40.530+0000] {taskinstance.py:1279} INFO - 
--------------------------------------------------------------------------------
[2024-12-01T14:23:40.530+0000] {taskinstance.py:1280} INFO - Starting attempt 1 of 4
[2024-12-01T14:23:40.530+0000] {taskinstance.py:1281} INFO - 
--------------------------------------------------------------------------------
[2024-12-01T14:23:40.547+0000] {taskinstance.py:1300} INFO - Executing <Task(BashOperator): tsk1> on 2024-12-01 04:00:00+00:00
[2024-12-01T14:23:40.551+0000] {standard_task_runner.py:55} INFO - Started process 60 to run task
[2024-12-01T14:23:40.554+0000] {standard_task_runner.py:82} INFO - Running: ['***', 'tasks', 'run', 'defaultargs', 'tsk1', 'scheduled__2024-12-01T04:00:00+00:00', '--job-id', '157', '--raw', '--subdir', 'DAGS_FOLDER/defaultargs.py', '--cfg-path', '/tmp/tmpug4_xge6']
[2024-12-01T14:23:40.555+0000] {standard_task_runner.py:83} INFO - Job 157: Subtask tsk1
[2024-12-01T14:23:40.617+0000] {task_command.py:388} INFO - Running <TaskInstance: defaultargs.tsk1 scheduled__2024-12-01T04:00:00+00:00 [running]> on host 5b16b263498c
[2024-12-01T14:23:40.690+0000] {taskinstance.py:1509} INFO - Exporting the following env vars:
AIRFLOW_CTX_DAG_EMAIL=test@test.com
AIRFLOW_CTX_DAG_OWNER=***
AIRFLOW_CTX_DAG_ID=defaultargs
AIRFLOW_CTX_TASK_ID=tsk1
AIRFLOW_CTX_EXECUTION_DATE=2024-12-01T04:00:00+00:00
AIRFLOW_CTX_TRY_NUMBER=1
AIRFLOW_CTX_DAG_RUN_ID=scheduled__2024-12-01T04:00:00+00:00
[2024-12-01T14:23:40.691+0000] {subprocess.py:63} INFO - Tmp dir root location: 
 /tmp
[2024-12-01T14:23:40.691+0000] {subprocess.py:75} INFO - Running command: ['/bin/bash', '-c', 'sleep 5']
[2024-12-01T14:23:40.701+0000] {subprocess.py:86} INFO - Output:
[2024-12-01T14:23:45.705+0000] {subprocess.py:97} INFO - Command exited with return code 0
[2024-12-01T14:23:45.743+0000] {taskinstance.py:1323} INFO - Marking task as SUCCESS. dag_id=defaultargs, task_id=tsk1, execution_date=20241201T040000, start_date=20241201T142340, end_date=20241201T142345
[2024-12-01T14:23:45.766+0000] {local_task_job.py:208} INFO - Task exited with return code 0
[2024-12-01T14:23:45.797+0000] {taskinstance.py:2578} INFO - 1 downstream tasks scheduled from follow-on schedule check
