[2024-12-02T12:00:01.264+0000] {taskinstance.py:1083} INFO - Dependencies all met for <TaskInstance: defaultargs.tsk1 scheduled__2024-12-02T11:00:00+00:00 [queued]>
[2024-12-02T12:00:01.274+0000] {taskinstance.py:1083} INFO - Dependencies all met for <TaskInstance: defaultargs.tsk1 scheduled__2024-12-02T11:00:00+00:00 [queued]>
[2024-12-02T12:00:01.274+0000] {taskinstance.py:1279} INFO - 
--------------------------------------------------------------------------------
[2024-12-02T12:00:01.274+0000] {taskinstance.py:1280} INFO - Starting attempt 1 of 4
[2024-12-02T12:00:01.274+0000] {taskinstance.py:1281} INFO - 
--------------------------------------------------------------------------------
[2024-12-02T12:00:01.289+0000] {taskinstance.py:1300} INFO - Executing <Task(BashOperator): tsk1> on 2024-12-02 11:00:00+00:00
[2024-12-02T12:00:01.295+0000] {standard_task_runner.py:55} INFO - Started process 4225 to run task
[2024-12-02T12:00:01.298+0000] {standard_task_runner.py:82} INFO - Running: ['***', 'tasks', 'run', 'defaultargs', 'tsk1', 'scheduled__2024-12-02T11:00:00+00:00', '--job-id', '265', '--raw', '--subdir', 'DAGS_FOLDER/defaultargs.py', '--cfg-path', '/tmp/tmpyimd239p']
[2024-12-02T12:00:01.299+0000] {standard_task_runner.py:83} INFO - Job 265: Subtask tsk1
[2024-12-02T12:00:01.366+0000] {task_command.py:388} INFO - Running <TaskInstance: defaultargs.tsk1 scheduled__2024-12-02T11:00:00+00:00 [running]> on host d5758c87d718
[2024-12-02T12:00:01.445+0000] {taskinstance.py:1509} INFO - Exporting the following env vars:
AIRFLOW_CTX_DAG_EMAIL=test@test.com
AIRFLOW_CTX_DAG_OWNER=***
AIRFLOW_CTX_DAG_ID=defaultargs
AIRFLOW_CTX_TASK_ID=tsk1
AIRFLOW_CTX_EXECUTION_DATE=2024-12-02T11:00:00+00:00
AIRFLOW_CTX_TRY_NUMBER=1
AIRFLOW_CTX_DAG_RUN_ID=scheduled__2024-12-02T11:00:00+00:00
[2024-12-02T12:00:01.446+0000] {subprocess.py:63} INFO - Tmp dir root location: 
 /tmp
[2024-12-02T12:00:01.447+0000] {subprocess.py:75} INFO - Running command: ['/bin/bash', '-c', 'sleep 5']
[2024-12-02T12:00:01.456+0000] {subprocess.py:86} INFO - Output:
[2024-12-02T12:00:06.460+0000] {subprocess.py:97} INFO - Command exited with return code 0
[2024-12-02T12:00:06.489+0000] {taskinstance.py:1323} INFO - Marking task as SUCCESS. dag_id=defaultargs, task_id=tsk1, execution_date=20241202T110000, start_date=20241202T120001, end_date=20241202T120006
[2024-12-02T12:00:06.532+0000] {local_task_job.py:208} INFO - Task exited with return code 0
[2024-12-02T12:00:06.568+0000] {taskinstance.py:2578} INFO - 1 downstream tasks scheduled from follow-on schedule check
