[2024-12-05T18:00:13.865+0000] {taskinstance.py:1083} INFO - Dependencies all met for <TaskInstance: defaultargs.tsk3 scheduled__2024-12-05T17:00:00+00:00 [queued]>
[2024-12-05T18:00:13.882+0000] {taskinstance.py:1083} INFO - Dependencies all met for <TaskInstance: defaultargs.tsk3 scheduled__2024-12-05T17:00:00+00:00 [queued]>
[2024-12-05T18:00:13.883+0000] {taskinstance.py:1279} INFO - 
--------------------------------------------------------------------------------
[2024-12-05T18:00:13.883+0000] {taskinstance.py:1280} INFO - Starting attempt 1 of 2
[2024-12-05T18:00:13.883+0000] {taskinstance.py:1281} INFO - 
--------------------------------------------------------------------------------
[2024-12-05T18:00:13.903+0000] {taskinstance.py:1300} INFO - Executing <Task(BashOperator): tsk3> on 2024-12-05 17:00:00+00:00
[2024-12-05T18:00:13.908+0000] {standard_task_runner.py:55} INFO - Started process 54050 to run task
[2024-12-05T18:00:13.912+0000] {standard_task_runner.py:82} INFO - Running: ['***', 'tasks', 'run', 'defaultargs', 'tsk3', 'scheduled__2024-12-05T17:00:00+00:00', '--job-id', '438', '--raw', '--subdir', 'DAGS_FOLDER/defaultargs.py', '--cfg-path', '/tmp/tmpxmmbfek4']
[2024-12-05T18:00:13.913+0000] {standard_task_runner.py:83} INFO - Job 438: Subtask tsk3
[2024-12-05T18:00:14.007+0000] {task_command.py:388} INFO - Running <TaskInstance: defaultargs.tsk3 scheduled__2024-12-05T17:00:00+00:00 [running]> on host d5758c87d718
[2024-12-05T18:00:14.153+0000] {taskinstance.py:1509} INFO - Exporting the following env vars:
AIRFLOW_CTX_DAG_EMAIL=test@test.com
AIRFLOW_CTX_DAG_OWNER=***
AIRFLOW_CTX_DAG_ID=defaultargs
AIRFLOW_CTX_TASK_ID=tsk3
AIRFLOW_CTX_EXECUTION_DATE=2024-12-05T17:00:00+00:00
AIRFLOW_CTX_TRY_NUMBER=1
AIRFLOW_CTX_DAG_RUN_ID=scheduled__2024-12-05T17:00:00+00:00
[2024-12-05T18:00:14.154+0000] {subprocess.py:63} INFO - Tmp dir root location: 
 /tmp
[2024-12-05T18:00:14.155+0000] {subprocess.py:75} INFO - Running command: ['/bin/bash', '-c', 'sleep 5']
[2024-12-05T18:00:14.167+0000] {subprocess.py:86} INFO - Output:
[2024-12-05T18:00:19.175+0000] {subprocess.py:97} INFO - Command exited with return code 0
[2024-12-05T18:00:19.239+0000] {taskinstance.py:1323} INFO - Marking task as SUCCESS. dag_id=defaultargs, task_id=tsk3, execution_date=20241205T170000, start_date=20241205T180013, end_date=20241205T180019
[2024-12-05T18:00:19.284+0000] {local_task_job.py:208} INFO - Task exited with return code 0
[2024-12-05T18:00:19.306+0000] {taskinstance.py:2578} INFO - 0 downstream tasks scheduled from follow-on schedule check
