[2024-12-07T17:48:37.557+0000] {taskinstance.py:1083} INFO - Dependencies all met for <TaskInstance: defaultargs.tsk1 scheduled__2024-12-07T16:00:00+00:00 [queued]>
[2024-12-07T17:48:37.567+0000] {taskinstance.py:1083} INFO - Dependencies all met for <TaskInstance: defaultargs.tsk1 scheduled__2024-12-07T16:00:00+00:00 [queued]>
[2024-12-07T17:48:37.567+0000] {taskinstance.py:1279} INFO - 
--------------------------------------------------------------------------------
[2024-12-07T17:48:37.567+0000] {taskinstance.py:1280} INFO - Starting attempt 1 of 4
[2024-12-07T17:48:37.567+0000] {taskinstance.py:1281} INFO - 
--------------------------------------------------------------------------------
[2024-12-07T17:48:37.581+0000] {taskinstance.py:1300} INFO - Executing <Task(BashOperator): tsk1> on 2024-12-07 16:00:00+00:00
[2024-12-07T17:48:37.586+0000] {standard_task_runner.py:55} INFO - Started process 62 to run task
[2024-12-07T17:48:37.588+0000] {standard_task_runner.py:82} INFO - Running: ['***', 'tasks', 'run', 'defaultargs', 'tsk1', 'scheduled__2024-12-07T16:00:00+00:00', '--job-id', '521', '--raw', '--subdir', 'DAGS_FOLDER/defaultargs.py', '--cfg-path', '/tmp/tmpatb8szjz']
[2024-12-07T17:48:37.589+0000] {standard_task_runner.py:83} INFO - Job 521: Subtask tsk1
[2024-12-07T17:48:37.651+0000] {task_command.py:388} INFO - Running <TaskInstance: defaultargs.tsk1 scheduled__2024-12-07T16:00:00+00:00 [running]> on host d5758c87d718
[2024-12-07T17:48:37.730+0000] {taskinstance.py:1509} INFO - Exporting the following env vars:
AIRFLOW_CTX_DAG_EMAIL=test@test.com
AIRFLOW_CTX_DAG_OWNER=***
AIRFLOW_CTX_DAG_ID=defaultargs
AIRFLOW_CTX_TASK_ID=tsk1
AIRFLOW_CTX_EXECUTION_DATE=2024-12-07T16:00:00+00:00
AIRFLOW_CTX_TRY_NUMBER=1
AIRFLOW_CTX_DAG_RUN_ID=scheduled__2024-12-07T16:00:00+00:00
[2024-12-07T17:48:37.731+0000] {subprocess.py:63} INFO - Tmp dir root location: 
 /tmp
[2024-12-07T17:48:37.732+0000] {subprocess.py:75} INFO - Running command: ['/bin/bash', '-c', 'sleep 5']
[2024-12-07T17:48:37.744+0000] {subprocess.py:86} INFO - Output:
[2024-12-07T17:48:42.748+0000] {subprocess.py:97} INFO - Command exited with return code 0
[2024-12-07T17:48:42.789+0000] {taskinstance.py:1323} INFO - Marking task as SUCCESS. dag_id=defaultargs, task_id=tsk1, execution_date=20241207T160000, start_date=20241207T174837, end_date=20241207T174842
[2024-12-07T17:48:42.835+0000] {local_task_job.py:208} INFO - Task exited with return code 0
[2024-12-07T17:48:42.871+0000] {taskinstance.py:2578} INFO - 1 downstream tasks scheduled from follow-on schedule check
