[2024-12-10T10:37:40.879+0000] {taskinstance.py:1083} INFO - Dependencies all met for <TaskInstance: defaultargs.tsk3 scheduled__2024-12-10T09:00:00+00:00 [queued]>
[2024-12-10T10:37:40.889+0000] {taskinstance.py:1083} INFO - Dependencies all met for <TaskInstance: defaultargs.tsk3 scheduled__2024-12-10T09:00:00+00:00 [queued]>
[2024-12-10T10:37:40.889+0000] {taskinstance.py:1279} INFO - 
--------------------------------------------------------------------------------
[2024-12-10T10:37:40.889+0000] {taskinstance.py:1280} INFO - Starting attempt 1 of 2
[2024-12-10T10:37:40.889+0000] {taskinstance.py:1281} INFO - 
--------------------------------------------------------------------------------
[2024-12-10T10:37:40.898+0000] {taskinstance.py:1300} INFO - Executing <Task(BashOperator): tsk3> on 2024-12-10 09:00:00+00:00
[2024-12-10T10:37:40.902+0000] {standard_task_runner.py:55} INFO - Started process 94 to run task
[2024-12-10T10:37:40.905+0000] {standard_task_runner.py:82} INFO - Running: ['***', 'tasks', 'run', 'defaultargs', 'tsk3', 'scheduled__2024-12-10T09:00:00+00:00', '--job-id', '603', '--raw', '--subdir', 'DAGS_FOLDER/defaultargs.py', '--cfg-path', '/tmp/tmpyqijrnx2']
[2024-12-10T10:37:40.905+0000] {standard_task_runner.py:83} INFO - Job 603: Subtask tsk3
[2024-12-10T10:37:40.977+0000] {task_command.py:388} INFO - Running <TaskInstance: defaultargs.tsk3 scheduled__2024-12-10T09:00:00+00:00 [running]> on host d5758c87d718
[2024-12-10T10:37:41.053+0000] {taskinstance.py:1509} INFO - Exporting the following env vars:
AIRFLOW_CTX_DAG_EMAIL=test@test.com
AIRFLOW_CTX_DAG_OWNER=***
AIRFLOW_CTX_DAG_ID=defaultargs
AIRFLOW_CTX_TASK_ID=tsk3
AIRFLOW_CTX_EXECUTION_DATE=2024-12-10T09:00:00+00:00
AIRFLOW_CTX_TRY_NUMBER=1
AIRFLOW_CTX_DAG_RUN_ID=scheduled__2024-12-10T09:00:00+00:00
[2024-12-10T10:37:41.054+0000] {subprocess.py:63} INFO - Tmp dir root location: 
 /tmp
[2024-12-10T10:37:41.055+0000] {subprocess.py:75} INFO - Running command: ['/bin/bash', '-c', 'sleep 5']
[2024-12-10T10:37:41.070+0000] {subprocess.py:86} INFO - Output:
[2024-12-10T10:37:46.075+0000] {subprocess.py:97} INFO - Command exited with return code 0
[2024-12-10T10:37:46.111+0000] {taskinstance.py:1323} INFO - Marking task as SUCCESS. dag_id=defaultargs, task_id=tsk3, execution_date=20241210T090000, start_date=20241210T103740, end_date=20241210T103746
[2024-12-10T10:37:46.167+0000] {local_task_job.py:208} INFO - Task exited with return code 0
[2024-12-10T10:37:46.189+0000] {taskinstance.py:2578} INFO - 0 downstream tasks scheduled from follow-on schedule check
