[2024-11-23T16:44:15.301+0000] {taskinstance.py:1083} INFO - Dependencies all met for <TaskInstance: dagcomplexa.tsk5 manual__2024-11-23T16:44:01.834363+00:00 [queued]>
[2024-11-23T16:44:15.316+0000] {taskinstance.py:1083} INFO - Dependencies all met for <TaskInstance: dagcomplexa.tsk5 manual__2024-11-23T16:44:01.834363+00:00 [queued]>
[2024-11-23T16:44:15.316+0000] {taskinstance.py:1279} INFO - 
--------------------------------------------------------------------------------
[2024-11-23T16:44:15.316+0000] {taskinstance.py:1280} INFO - Starting attempt 1 of 1
[2024-11-23T16:44:15.316+0000] {taskinstance.py:1281} INFO - 
--------------------------------------------------------------------------------
[2024-11-23T16:44:15.332+0000] {taskinstance.py:1300} INFO - Executing <Task(BashOperator): tsk5> on 2024-11-23 16:44:01.834363+00:00
[2024-11-23T16:44:15.339+0000] {standard_task_runner.py:55} INFO - Started process 22485 to run task
[2024-11-23T16:44:15.341+0000] {standard_task_runner.py:82} INFO - Running: ['***', 'tasks', 'run', 'dagcomplexa', 'tsk5', 'manual__2024-11-23T16:44:01.834363+00:00', '--job-id', '52', '--raw', '--subdir', 'DAGS_FOLDER/dagcomplexa.py', '--cfg-path', '/tmp/tmpicf3iahl']
[2024-11-23T16:44:15.341+0000] {standard_task_runner.py:83} INFO - Job 52: Subtask tsk5
[2024-11-23T16:44:15.430+0000] {task_command.py:388} INFO - Running <TaskInstance: dagcomplexa.tsk5 manual__2024-11-23T16:44:01.834363+00:00 [running]> on host 6b6513c1cd28
[2024-11-23T16:44:15.519+0000] {taskinstance.py:1509} INFO - Exporting the following env vars:
AIRFLOW_CTX_DAG_OWNER=***
AIRFLOW_CTX_DAG_ID=dagcomplexa
AIRFLOW_CTX_TASK_ID=tsk5
AIRFLOW_CTX_EXECUTION_DATE=2024-11-23T16:44:01.834363+00:00
AIRFLOW_CTX_TRY_NUMBER=1
AIRFLOW_CTX_DAG_RUN_ID=manual__2024-11-23T16:44:01.834363+00:00
[2024-11-23T16:44:15.520+0000] {subprocess.py:63} INFO - Tmp dir root location: 
 /tmp
[2024-11-23T16:44:15.521+0000] {subprocess.py:75} INFO - Running command: ['/bin/bash', '-c', 'sleep 5']
[2024-11-23T16:44:15.535+0000] {subprocess.py:86} INFO - Output:
[2024-11-23T16:44:20.540+0000] {subprocess.py:97} INFO - Command exited with return code 0
[2024-11-23T16:44:20.576+0000] {taskinstance.py:1323} INFO - Marking task as SUCCESS. dag_id=dagcomplexa, task_id=tsk5, execution_date=20241123T164401, start_date=20241123T164415, end_date=20241123T164420
[2024-11-23T16:44:20.614+0000] {local_task_job.py:208} INFO - Task exited with return code 0
[2024-11-23T16:44:20.647+0000] {taskinstance.py:2578} INFO - 1 downstream tasks scheduled from follow-on schedule check
