[2024-12-02T15:00:06.202+0000] {taskinstance.py:1083} INFO - Dependencies all met for <TaskInstance: defaultargs.tsk2 scheduled__2024-12-02T14:00:00+00:00 [queued]>
[2024-12-02T15:00:06.213+0000] {taskinstance.py:1083} INFO - Dependencies all met for <TaskInstance: defaultargs.tsk2 scheduled__2024-12-02T14:00:00+00:00 [queued]>
[2024-12-02T15:00:06.213+0000] {taskinstance.py:1279} INFO - 
--------------------------------------------------------------------------------
[2024-12-02T15:00:06.213+0000] {taskinstance.py:1280} INFO - Starting attempt 1 of 2
[2024-12-02T15:00:06.213+0000] {taskinstance.py:1281} INFO - 
--------------------------------------------------------------------------------
[2024-12-02T15:00:06.230+0000] {taskinstance.py:1300} INFO - Executing <Task(BashOperator): tsk2> on 2024-12-02 14:00:00+00:00
[2024-12-02T15:00:06.237+0000] {standard_task_runner.py:55} INFO - Started process 23107 to run task
[2024-12-02T15:00:06.241+0000] {standard_task_runner.py:82} INFO - Running: ['***', 'tasks', 'run', 'defaultargs', 'tsk2', 'scheduled__2024-12-02T14:00:00+00:00', '--job-id', '275', '--raw', '--subdir', 'DAGS_FOLDER/defaultargs.py', '--cfg-path', '/tmp/tmptkfnr8a6']
[2024-12-02T15:00:06.242+0000] {standard_task_runner.py:83} INFO - Job 275: Subtask tsk2
[2024-12-02T15:00:06.310+0000] {task_command.py:388} INFO - Running <TaskInstance: defaultargs.tsk2 scheduled__2024-12-02T14:00:00+00:00 [running]> on host d5758c87d718
[2024-12-02T15:00:06.405+0000] {taskinstance.py:1509} INFO - Exporting the following env vars:
AIRFLOW_CTX_DAG_EMAIL=test@test.com
AIRFLOW_CTX_DAG_OWNER=***
AIRFLOW_CTX_DAG_ID=defaultargs
AIRFLOW_CTX_TASK_ID=tsk2
AIRFLOW_CTX_EXECUTION_DATE=2024-12-02T14:00:00+00:00
AIRFLOW_CTX_TRY_NUMBER=1
AIRFLOW_CTX_DAG_RUN_ID=scheduled__2024-12-02T14:00:00+00:00
[2024-12-02T15:00:06.407+0000] {subprocess.py:63} INFO - Tmp dir root location: 
 /tmp
[2024-12-02T15:00:06.407+0000] {subprocess.py:75} INFO - Running command: ['/bin/bash', '-c', 'sleep 5']
[2024-12-02T15:00:06.427+0000] {subprocess.py:86} INFO - Output:
[2024-12-02T15:00:11.433+0000] {subprocess.py:97} INFO - Command exited with return code 0
[2024-12-02T15:00:11.476+0000] {taskinstance.py:1323} INFO - Marking task as SUCCESS. dag_id=defaultargs, task_id=tsk2, execution_date=20241202T140000, start_date=20241202T150006, end_date=20241202T150011
[2024-12-02T15:00:11.519+0000] {local_task_job.py:208} INFO - Task exited with return code 0
[2024-12-02T15:00:11.542+0000] {taskinstance.py:2578} INFO - 0 downstream tasks scheduled from follow-on schedule check
