[2024-11-23T17:00:14.010+0000] {taskinstance.py:1083} INFO - Dependencies all met for <TaskInstance: daggroup.tsk5 manual__2024-11-23T17:00:01.048608+00:00 [queued]>
[2024-11-23T17:00:14.024+0000] {taskinstance.py:1083} INFO - Dependencies all met for <TaskInstance: daggroup.tsk5 manual__2024-11-23T17:00:01.048608+00:00 [queued]>
[2024-11-23T17:00:14.024+0000] {taskinstance.py:1279} INFO - 
--------------------------------------------------------------------------------
[2024-11-23T17:00:14.024+0000] {taskinstance.py:1280} INFO - Starting attempt 1 of 1
[2024-11-23T17:00:14.024+0000] {taskinstance.py:1281} INFO - 
--------------------------------------------------------------------------------
[2024-11-23T17:00:14.039+0000] {taskinstance.py:1300} INFO - Executing <Task(BashOperator): tsk5> on 2024-11-23 17:00:01.048608+00:00
[2024-11-23T17:00:14.044+0000] {standard_task_runner.py:55} INFO - Started process 24167 to run task
[2024-11-23T17:00:14.048+0000] {standard_task_runner.py:82} INFO - Running: ['***', 'tasks', 'run', 'daggroup', 'tsk5', 'manual__2024-11-23T17:00:01.048608+00:00', '--job-id', '60', '--raw', '--subdir', 'DAGS_FOLDER/daggroup.py', '--cfg-path', '/tmp/tmphogmx77t']
[2024-11-23T17:00:14.049+0000] {standard_task_runner.py:83} INFO - Job 60: Subtask tsk5
[2024-11-23T17:00:14.129+0000] {task_command.py:388} INFO - Running <TaskInstance: daggroup.tsk5 manual__2024-11-23T17:00:01.048608+00:00 [running]> on host 6b6513c1cd28
[2024-11-23T17:00:14.211+0000] {taskinstance.py:1509} INFO - Exporting the following env vars:
AIRFLOW_CTX_DAG_OWNER=***
AIRFLOW_CTX_DAG_ID=daggroup
AIRFLOW_CTX_TASK_ID=tsk5
AIRFLOW_CTX_EXECUTION_DATE=2024-11-23T17:00:01.048608+00:00
AIRFLOW_CTX_TRY_NUMBER=1
AIRFLOW_CTX_DAG_RUN_ID=manual__2024-11-23T17:00:01.048608+00:00
[2024-11-23T17:00:14.212+0000] {subprocess.py:63} INFO - Tmp dir root location: 
 /tmp
[2024-11-23T17:00:14.213+0000] {subprocess.py:75} INFO - Running command: ['/bin/bash', '-c', 'sleep 5']
[2024-11-23T17:00:14.228+0000] {subprocess.py:86} INFO - Output:
[2024-11-23T17:00:19.232+0000] {subprocess.py:97} INFO - Command exited with return code 0
[2024-11-23T17:00:19.269+0000] {taskinstance.py:1323} INFO - Marking task as SUCCESS. dag_id=daggroup, task_id=tsk5, execution_date=20241123T170001, start_date=20241123T170014, end_date=20241123T170019
[2024-11-23T17:00:19.334+0000] {local_task_job.py:208} INFO - Task exited with return code 0
[2024-11-23T17:00:19.373+0000] {taskinstance.py:2578} INFO - 1 downstream tasks scheduled from follow-on schedule check
