[2024-12-03T15:00:01.005+0000] {taskinstance.py:1083} INFO - Dependencies all met for <TaskInstance: defaultargs.tsk1 scheduled__2024-12-03T14:00:00+00:00 [queued]>
[2024-12-03T15:00:01.011+0000] {taskinstance.py:1083} INFO - Dependencies all met for <TaskInstance: defaultargs.tsk1 scheduled__2024-12-03T14:00:00+00:00 [queued]>
[2024-12-03T15:00:01.011+0000] {taskinstance.py:1279} INFO - 
--------------------------------------------------------------------------------
[2024-12-03T15:00:01.011+0000] {taskinstance.py:1280} INFO - Starting attempt 1 of 4
[2024-12-03T15:00:01.011+0000] {taskinstance.py:1281} INFO - 
--------------------------------------------------------------------------------
[2024-12-03T15:00:01.023+0000] {taskinstance.py:1300} INFO - Executing <Task(BashOperator): tsk1> on 2024-12-03 14:00:00+00:00
[2024-12-03T15:00:01.027+0000] {standard_task_runner.py:55} INFO - Started process 24185 to run task
[2024-12-03T15:00:01.030+0000] {standard_task_runner.py:82} INFO - Running: ['***', 'tasks', 'run', 'defaultargs', 'tsk1', 'scheduled__2024-12-03T14:00:00+00:00', '--job-id', '324', '--raw', '--subdir', 'DAGS_FOLDER/defaultargs.py', '--cfg-path', '/tmp/tmpb0z1l667']
[2024-12-03T15:00:01.030+0000] {standard_task_runner.py:83} INFO - Job 324: Subtask tsk1
[2024-12-03T15:00:01.108+0000] {task_command.py:388} INFO - Running <TaskInstance: defaultargs.tsk1 scheduled__2024-12-03T14:00:00+00:00 [running]> on host d5758c87d718
[2024-12-03T15:00:01.199+0000] {taskinstance.py:1509} INFO - Exporting the following env vars:
AIRFLOW_CTX_DAG_EMAIL=test@test.com
AIRFLOW_CTX_DAG_OWNER=***
AIRFLOW_CTX_DAG_ID=defaultargs
AIRFLOW_CTX_TASK_ID=tsk1
AIRFLOW_CTX_EXECUTION_DATE=2024-12-03T14:00:00+00:00
AIRFLOW_CTX_TRY_NUMBER=1
AIRFLOW_CTX_DAG_RUN_ID=scheduled__2024-12-03T14:00:00+00:00
[2024-12-03T15:00:01.201+0000] {subprocess.py:63} INFO - Tmp dir root location: 
 /tmp
[2024-12-03T15:00:01.202+0000] {subprocess.py:75} INFO - Running command: ['/bin/bash', '-c', 'sleep 5']
[2024-12-03T15:00:01.220+0000] {subprocess.py:86} INFO - Output:
[2024-12-03T15:00:06.224+0000] {subprocess.py:97} INFO - Command exited with return code 0
[2024-12-03T15:00:06.274+0000] {taskinstance.py:1323} INFO - Marking task as SUCCESS. dag_id=defaultargs, task_id=tsk1, execution_date=20241203T140000, start_date=20241203T150001, end_date=20241203T150006
[2024-12-03T15:00:06.345+0000] {local_task_job.py:208} INFO - Task exited with return code 0
[2024-12-03T15:00:06.380+0000] {taskinstance.py:2578} INFO - 1 downstream tasks scheduled from follow-on schedule check
