[2024-11-23T02:22:14.577+0000] {taskinstance.py:1083} INFO - Dependencies all met for <TaskInstance: segunda_dag.tsk1 manual__2024-11-23T02:22:13.631832+00:00 [queued]>
[2024-11-23T02:22:14.584+0000] {taskinstance.py:1083} INFO - Dependencies all met for <TaskInstance: segunda_dag.tsk1 manual__2024-11-23T02:22:13.631832+00:00 [queued]>
[2024-11-23T02:22:14.584+0000] {taskinstance.py:1279} INFO - 
--------------------------------------------------------------------------------
[2024-11-23T02:22:14.584+0000] {taskinstance.py:1280} INFO - Starting attempt 1 of 1
[2024-11-23T02:22:14.584+0000] {taskinstance.py:1281} INFO - 
--------------------------------------------------------------------------------
[2024-11-23T02:22:14.594+0000] {taskinstance.py:1300} INFO - Executing <Task(BashOperator): tsk1> on 2024-11-23 02:22:13.631832+00:00
[2024-11-23T02:22:14.599+0000] {standard_task_runner.py:55} INFO - Started process 4349 to run task
[2024-11-23T02:22:14.601+0000] {standard_task_runner.py:82} INFO - Running: ['***', 'tasks', 'run', 'segunda_dag', 'tsk1', 'manual__2024-11-23T02:22:13.631832+00:00', '--job-id', '29', '--raw', '--subdir', 'DAGS_FOLDER/segundadag.py', '--cfg-path', '/tmp/tmpz_r8h6n8']
[2024-11-23T02:22:14.601+0000] {standard_task_runner.py:83} INFO - Job 29: Subtask tsk1
[2024-11-23T02:22:14.672+0000] {task_command.py:388} INFO - Running <TaskInstance: segunda_dag.tsk1 manual__2024-11-23T02:22:13.631832+00:00 [running]> on host 6b6513c1cd28
[2024-11-23T02:22:14.768+0000] {taskinstance.py:1509} INFO - Exporting the following env vars:
AIRFLOW_CTX_DAG_OWNER=***
AIRFLOW_CTX_DAG_ID=segunda_dag
AIRFLOW_CTX_TASK_ID=tsk1
AIRFLOW_CTX_EXECUTION_DATE=2024-11-23T02:22:13.631832+00:00
AIRFLOW_CTX_TRY_NUMBER=1
AIRFLOW_CTX_DAG_RUN_ID=manual__2024-11-23T02:22:13.631832+00:00
[2024-11-23T02:22:14.769+0000] {subprocess.py:63} INFO - Tmp dir root location: 
 /tmp
[2024-11-23T02:22:14.770+0000] {subprocess.py:75} INFO - Running command: ['/bin/bash', '-c', 'sleep 5']
[2024-11-23T02:22:14.791+0000] {subprocess.py:86} INFO - Output:
[2024-11-23T02:22:19.795+0000] {subprocess.py:97} INFO - Command exited with return code 0
[2024-11-23T02:22:19.827+0000] {taskinstance.py:1323} INFO - Marking task as SUCCESS. dag_id=segunda_dag, task_id=tsk1, execution_date=20241123T022213, start_date=20241123T022214, end_date=20241123T022219
[2024-11-23T02:22:19.876+0000] {local_task_job.py:208} INFO - Task exited with return code 0
[2024-11-23T02:22:19.915+0000] {taskinstance.py:2578} INFO - 2 downstream tasks scheduled from follow-on schedule check
