[2024-12-09T11:00:06.615+0000] {taskinstance.py:1083} INFO - Dependencies all met for <TaskInstance: defaultargs.tsk2 scheduled__2024-12-09T10:00:00+00:00 [queued]>
[2024-12-09T11:00:06.626+0000] {taskinstance.py:1083} INFO - Dependencies all met for <TaskInstance: defaultargs.tsk2 scheduled__2024-12-09T10:00:00+00:00 [queued]>
[2024-12-09T11:00:06.627+0000] {taskinstance.py:1279} INFO - 
--------------------------------------------------------------------------------
[2024-12-09T11:00:06.627+0000] {taskinstance.py:1280} INFO - Starting attempt 1 of 2
[2024-12-09T11:00:06.627+0000] {taskinstance.py:1281} INFO - 
--------------------------------------------------------------------------------
[2024-12-09T11:00:06.639+0000] {taskinstance.py:1300} INFO - Executing <Task(BashOperator): tsk2> on 2024-12-09 10:00:00+00:00
[2024-12-09T11:00:06.642+0000] {standard_task_runner.py:55} INFO - Started process 4688 to run task
[2024-12-09T11:00:06.644+0000] {standard_task_runner.py:82} INFO - Running: ['***', 'tasks', 'run', 'defaultargs', 'tsk2', 'scheduled__2024-12-09T10:00:00+00:00', '--job-id', '553', '--raw', '--subdir', 'DAGS_FOLDER/defaultargs.py', '--cfg-path', '/tmp/tmp9m593j3c']
[2024-12-09T11:00:06.644+0000] {standard_task_runner.py:83} INFO - Job 553: Subtask tsk2
[2024-12-09T11:00:06.721+0000] {task_command.py:388} INFO - Running <TaskInstance: defaultargs.tsk2 scheduled__2024-12-09T10:00:00+00:00 [running]> on host d5758c87d718
[2024-12-09T11:00:06.799+0000] {taskinstance.py:1509} INFO - Exporting the following env vars:
AIRFLOW_CTX_DAG_EMAIL=test@test.com
AIRFLOW_CTX_DAG_OWNER=***
AIRFLOW_CTX_DAG_ID=defaultargs
AIRFLOW_CTX_TASK_ID=tsk2
AIRFLOW_CTX_EXECUTION_DATE=2024-12-09T10:00:00+00:00
AIRFLOW_CTX_TRY_NUMBER=1
AIRFLOW_CTX_DAG_RUN_ID=scheduled__2024-12-09T10:00:00+00:00
[2024-12-09T11:00:06.800+0000] {subprocess.py:63} INFO - Tmp dir root location: 
 /tmp
[2024-12-09T11:00:06.801+0000] {subprocess.py:75} INFO - Running command: ['/bin/bash', '-c', 'sleep 5']
[2024-12-09T11:00:06.813+0000] {subprocess.py:86} INFO - Output:
[2024-12-09T11:00:11.818+0000] {subprocess.py:97} INFO - Command exited with return code 0
[2024-12-09T11:00:11.846+0000] {taskinstance.py:1323} INFO - Marking task as SUCCESS. dag_id=defaultargs, task_id=tsk2, execution_date=20241209T100000, start_date=20241209T110006, end_date=20241209T110011
[2024-12-09T11:00:11.885+0000] {local_task_job.py:208} INFO - Task exited with return code 0
[2024-12-09T11:00:11.906+0000] {taskinstance.py:2578} INFO - 1 downstream tasks scheduled from follow-on schedule check
