[2024-11-23T02:22:20.777+0000] {taskinstance.py:1083} INFO - Dependencies all met for <TaskInstance: segunda_dag.tsk2 manual__2024-11-23T02:22:13.631832+00:00 [queued]>
[2024-11-23T02:22:20.788+0000] {taskinstance.py:1083} INFO - Dependencies all met for <TaskInstance: segunda_dag.tsk2 manual__2024-11-23T02:22:13.631832+00:00 [queued]>
[2024-11-23T02:22:20.789+0000] {taskinstance.py:1279} INFO - 
--------------------------------------------------------------------------------
[2024-11-23T02:22:20.789+0000] {taskinstance.py:1280} INFO - Starting attempt 1 of 1
[2024-11-23T02:22:20.789+0000] {taskinstance.py:1281} INFO - 
--------------------------------------------------------------------------------
[2024-11-23T02:22:20.807+0000] {taskinstance.py:1300} INFO - Executing <Task(BashOperator): tsk2> on 2024-11-23 02:22:13.631832+00:00
[2024-11-23T02:22:20.814+0000] {standard_task_runner.py:55} INFO - Started process 4374 to run task
[2024-11-23T02:22:20.816+0000] {standard_task_runner.py:82} INFO - Running: ['***', 'tasks', 'run', 'segunda_dag', 'tsk2', 'manual__2024-11-23T02:22:13.631832+00:00', '--job-id', '30', '--raw', '--subdir', 'DAGS_FOLDER/segundadag.py', '--cfg-path', '/tmp/tmphxogqmqe']
[2024-11-23T02:22:20.817+0000] {standard_task_runner.py:83} INFO - Job 30: Subtask tsk2
[2024-11-23T02:22:20.877+0000] {task_command.py:388} INFO - Running <TaskInstance: segunda_dag.tsk2 manual__2024-11-23T02:22:13.631832+00:00 [running]> on host 6b6513c1cd28
[2024-11-23T02:22:20.952+0000] {taskinstance.py:1509} INFO - Exporting the following env vars:
AIRFLOW_CTX_DAG_OWNER=***
AIRFLOW_CTX_DAG_ID=segunda_dag
AIRFLOW_CTX_TASK_ID=tsk2
AIRFLOW_CTX_EXECUTION_DATE=2024-11-23T02:22:13.631832+00:00
AIRFLOW_CTX_TRY_NUMBER=1
AIRFLOW_CTX_DAG_RUN_ID=manual__2024-11-23T02:22:13.631832+00:00
[2024-11-23T02:22:20.953+0000] {subprocess.py:63} INFO - Tmp dir root location: 
 /tmp
[2024-11-23T02:22:20.954+0000] {subprocess.py:75} INFO - Running command: ['/bin/bash', '-c', 'sleep 5']
[2024-11-23T02:22:20.967+0000] {subprocess.py:86} INFO - Output:
[2024-11-23T02:22:25.971+0000] {subprocess.py:97} INFO - Command exited with return code 0
[2024-11-23T02:22:26.017+0000] {taskinstance.py:1323} INFO - Marking task as SUCCESS. dag_id=segunda_dag, task_id=tsk2, execution_date=20241123T022213, start_date=20241123T022220, end_date=20241123T022226
[2024-11-23T02:22:26.060+0000] {local_task_job.py:208} INFO - Task exited with return code 0
[2024-11-23T02:22:26.104+0000] {taskinstance.py:2578} INFO - 0 downstream tasks scheduled from follow-on schedule check
