[2024-12-01T15:00:07.498+0000] {taskinstance.py:1083} INFO - Dependencies all met for <TaskInstance: defaultargs.tsk2 scheduled__2024-12-01T14:00:00+00:00 [queued]>
[2024-12-01T15:00:07.506+0000] {taskinstance.py:1083} INFO - Dependencies all met for <TaskInstance: defaultargs.tsk2 scheduled__2024-12-01T14:00:00+00:00 [queued]>
[2024-12-01T15:00:07.506+0000] {taskinstance.py:1279} INFO - 
--------------------------------------------------------------------------------
[2024-12-01T15:00:07.506+0000] {taskinstance.py:1280} INFO - Starting attempt 1 of 2
[2024-12-01T15:00:07.506+0000] {taskinstance.py:1281} INFO - 
--------------------------------------------------------------------------------
[2024-12-01T15:00:07.518+0000] {taskinstance.py:1300} INFO - Executing <Task(BashOperator): tsk2> on 2024-12-01 14:00:00+00:00
[2024-12-01T15:00:07.522+0000] {standard_task_runner.py:55} INFO - Started process 3902 to run task
[2024-12-01T15:00:07.525+0000] {standard_task_runner.py:82} INFO - Running: ['***', 'tasks', 'run', 'defaultargs', 'tsk2', 'scheduled__2024-12-01T14:00:00+00:00', '--job-id', '164', '--raw', '--subdir', 'DAGS_FOLDER/defaultargs.py', '--cfg-path', '/tmp/tmptx6l3e0g']
[2024-12-01T15:00:07.525+0000] {standard_task_runner.py:83} INFO - Job 164: Subtask tsk2
[2024-12-01T15:00:07.609+0000] {task_command.py:388} INFO - Running <TaskInstance: defaultargs.tsk2 scheduled__2024-12-01T14:00:00+00:00 [running]> on host 5b16b263498c
[2024-12-01T15:00:07.708+0000] {taskinstance.py:1509} INFO - Exporting the following env vars:
AIRFLOW_CTX_DAG_EMAIL=test@test.com
AIRFLOW_CTX_DAG_OWNER=***
AIRFLOW_CTX_DAG_ID=defaultargs
AIRFLOW_CTX_TASK_ID=tsk2
AIRFLOW_CTX_EXECUTION_DATE=2024-12-01T14:00:00+00:00
AIRFLOW_CTX_TRY_NUMBER=1
AIRFLOW_CTX_DAG_RUN_ID=scheduled__2024-12-01T14:00:00+00:00
[2024-12-01T15:00:07.710+0000] {subprocess.py:63} INFO - Tmp dir root location: 
 /tmp
[2024-12-01T15:00:07.710+0000] {subprocess.py:75} INFO - Running command: ['/bin/bash', '-c', 'sleep 5']
[2024-12-01T15:00:07.725+0000] {subprocess.py:86} INFO - Output:
[2024-12-01T15:00:12.730+0000] {subprocess.py:97} INFO - Command exited with return code 0
[2024-12-01T15:00:12.764+0000] {taskinstance.py:1323} INFO - Marking task as SUCCESS. dag_id=defaultargs, task_id=tsk2, execution_date=20241201T140000, start_date=20241201T150007, end_date=20241201T150012
[2024-12-01T15:00:12.797+0000] {local_task_job.py:208} INFO - Task exited with return code 0
[2024-12-01T15:00:12.824+0000] {taskinstance.py:2578} INFO - 1 downstream tasks scheduled from follow-on schedule check
