[2024-12-11T10:53:12.388+0000] {taskinstance.py:1083} INFO - Dependencies all met for <TaskInstance: defaultargs.tsk2 scheduled__2024-12-11T09:00:00+00:00 [queued]>
[2024-12-11T10:53:12.399+0000] {taskinstance.py:1083} INFO - Dependencies all met for <TaskInstance: defaultargs.tsk2 scheduled__2024-12-11T09:00:00+00:00 [queued]>
[2024-12-11T10:53:12.399+0000] {taskinstance.py:1279} INFO - 
--------------------------------------------------------------------------------
[2024-12-11T10:53:12.399+0000] {taskinstance.py:1280} INFO - Starting attempt 1 of 2
[2024-12-11T10:53:12.399+0000] {taskinstance.py:1281} INFO - 
--------------------------------------------------------------------------------
[2024-12-11T10:53:12.416+0000] {taskinstance.py:1300} INFO - Executing <Task(BashOperator): tsk2> on 2024-12-11 09:00:00+00:00
[2024-12-11T10:53:12.420+0000] {standard_task_runner.py:55} INFO - Started process 88 to run task
[2024-12-11T10:53:12.423+0000] {standard_task_runner.py:82} INFO - Running: ['***', 'tasks', 'run', 'defaultargs', 'tsk2', 'scheduled__2024-12-11T09:00:00+00:00', '--job-id', '657', '--raw', '--subdir', 'DAGS_FOLDER/defaultargs.py', '--cfg-path', '/tmp/tmpjhgwfrwe']
[2024-12-11T10:53:12.423+0000] {standard_task_runner.py:83} INFO - Job 657: Subtask tsk2
[2024-12-11T10:53:12.502+0000] {task_command.py:388} INFO - Running <TaskInstance: defaultargs.tsk2 scheduled__2024-12-11T09:00:00+00:00 [running]> on host d5758c87d718
[2024-12-11T10:53:12.577+0000] {taskinstance.py:1509} INFO - Exporting the following env vars:
AIRFLOW_CTX_DAG_EMAIL=test@test.com
AIRFLOW_CTX_DAG_OWNER=***
AIRFLOW_CTX_DAG_ID=defaultargs
AIRFLOW_CTX_TASK_ID=tsk2
AIRFLOW_CTX_EXECUTION_DATE=2024-12-11T09:00:00+00:00
AIRFLOW_CTX_TRY_NUMBER=1
AIRFLOW_CTX_DAG_RUN_ID=scheduled__2024-12-11T09:00:00+00:00
[2024-12-11T10:53:12.578+0000] {subprocess.py:63} INFO - Tmp dir root location: 
 /tmp
[2024-12-11T10:53:12.579+0000] {subprocess.py:75} INFO - Running command: ['/bin/bash', '-c', 'sleep 5']
[2024-12-11T10:53:12.588+0000] {subprocess.py:86} INFO - Output:
[2024-12-11T10:53:17.593+0000] {subprocess.py:97} INFO - Command exited with return code 0
[2024-12-11T10:53:17.634+0000] {taskinstance.py:1323} INFO - Marking task as SUCCESS. dag_id=defaultargs, task_id=tsk2, execution_date=20241211T090000, start_date=20241211T105312, end_date=20241211T105317
[2024-12-11T10:53:17.680+0000] {local_task_job.py:208} INFO - Task exited with return code 0
[2024-12-11T10:53:17.707+0000] {taskinstance.py:2578} INFO - 1 downstream tasks scheduled from follow-on schedule check
