[2024-12-11T12:00:00.684+0000] {taskinstance.py:1083} INFO - Dependencies all met for <TaskInstance: defaultargs.tsk1 scheduled__2024-12-11T11:00:00+00:00 [queued]>
[2024-12-11T12:00:00.695+0000] {taskinstance.py:1083} INFO - Dependencies all met for <TaskInstance: defaultargs.tsk1 scheduled__2024-12-11T11:00:00+00:00 [queued]>
[2024-12-11T12:00:00.695+0000] {taskinstance.py:1279} INFO - 
--------------------------------------------------------------------------------
[2024-12-11T12:00:00.696+0000] {taskinstance.py:1280} INFO - Starting attempt 1 of 4
[2024-12-11T12:00:00.696+0000] {taskinstance.py:1281} INFO - 
--------------------------------------------------------------------------------
[2024-12-11T12:00:00.708+0000] {taskinstance.py:1300} INFO - Executing <Task(BashOperator): tsk1> on 2024-12-11 11:00:00+00:00
[2024-12-11T12:00:00.713+0000] {standard_task_runner.py:55} INFO - Started process 7157 to run task
[2024-12-11T12:00:00.716+0000] {standard_task_runner.py:82} INFO - Running: ['***', 'tasks', 'run', 'defaultargs', 'tsk1', 'scheduled__2024-12-11T11:00:00+00:00', '--job-id', '663', '--raw', '--subdir', 'DAGS_FOLDER/defaultargs.py', '--cfg-path', '/tmp/tmpbh2l_l_i']
[2024-12-11T12:00:00.716+0000] {standard_task_runner.py:83} INFO - Job 663: Subtask tsk1
[2024-12-11T12:00:00.782+0000] {task_command.py:388} INFO - Running <TaskInstance: defaultargs.tsk1 scheduled__2024-12-11T11:00:00+00:00 [running]> on host d5758c87d718
[2024-12-11T12:00:00.869+0000] {taskinstance.py:1509} INFO - Exporting the following env vars:
AIRFLOW_CTX_DAG_EMAIL=test@test.com
AIRFLOW_CTX_DAG_OWNER=***
AIRFLOW_CTX_DAG_ID=defaultargs
AIRFLOW_CTX_TASK_ID=tsk1
AIRFLOW_CTX_EXECUTION_DATE=2024-12-11T11:00:00+00:00
AIRFLOW_CTX_TRY_NUMBER=1
AIRFLOW_CTX_DAG_RUN_ID=scheduled__2024-12-11T11:00:00+00:00
[2024-12-11T12:00:00.870+0000] {subprocess.py:63} INFO - Tmp dir root location: 
 /tmp
[2024-12-11T12:00:00.870+0000] {subprocess.py:75} INFO - Running command: ['/bin/bash', '-c', 'sleep 5']
[2024-12-11T12:00:00.880+0000] {subprocess.py:86} INFO - Output:
[2024-12-11T12:00:05.884+0000] {subprocess.py:97} INFO - Command exited with return code 0
[2024-12-11T12:00:05.917+0000] {taskinstance.py:1323} INFO - Marking task as SUCCESS. dag_id=defaultargs, task_id=tsk1, execution_date=20241211T110000, start_date=20241211T120000, end_date=20241211T120005
[2024-12-11T12:00:05.954+0000] {local_task_job.py:208} INFO - Task exited with return code 0
[2024-12-11T12:00:05.983+0000] {taskinstance.py:2578} INFO - 1 downstream tasks scheduled from follow-on schedule check
