[2024-11-28T02:37:24.308+0000] {taskinstance.py:1083} INFO - Dependencies all met for <TaskInstance: dagrundag2.tsk2 manual__2024-11-28T02:37:16.489399+00:00 [queued]>
[2024-11-28T02:37:24.322+0000] {taskinstance.py:1083} INFO - Dependencies all met for <TaskInstance: dagrundag2.tsk2 manual__2024-11-28T02:37:16.489399+00:00 [queued]>
[2024-11-28T02:37:24.322+0000] {taskinstance.py:1279} INFO - 
--------------------------------------------------------------------------------
[2024-11-28T02:37:24.323+0000] {taskinstance.py:1280} INFO - Starting attempt 1 of 1
[2024-11-28T02:37:24.323+0000] {taskinstance.py:1281} INFO - 
--------------------------------------------------------------------------------
[2024-11-28T02:37:24.348+0000] {taskinstance.py:1300} INFO - Executing <Task(BashOperator): tsk2> on 2024-11-28 02:37:16.489399+00:00
[2024-11-28T02:37:24.354+0000] {standard_task_runner.py:55} INFO - Started process 95854 to run task
[2024-11-28T02:37:24.359+0000] {standard_task_runner.py:82} INFO - Running: ['***', 'tasks', 'run', 'dagrundag2', 'tsk2', 'manual__2024-11-28T02:37:16.489399+00:00', '--job-id', '81', '--raw', '--subdir', 'DAGS_FOLDER/dagrundag2.py', '--cfg-path', '/tmp/tmpnt1hjg5b']
[2024-11-28T02:37:24.359+0000] {standard_task_runner.py:83} INFO - Job 81: Subtask tsk2
[2024-11-28T02:37:24.462+0000] {task_command.py:388} INFO - Running <TaskInstance: dagrundag2.tsk2 manual__2024-11-28T02:37:16.489399+00:00 [running]> on host 6b6513c1cd28
[2024-11-28T02:37:24.599+0000] {taskinstance.py:1509} INFO - Exporting the following env vars:
AIRFLOW_CTX_DAG_OWNER=***
AIRFLOW_CTX_DAG_ID=dagrundag2
AIRFLOW_CTX_TASK_ID=tsk2
AIRFLOW_CTX_EXECUTION_DATE=2024-11-28T02:37:16.489399+00:00
AIRFLOW_CTX_TRY_NUMBER=1
AIRFLOW_CTX_DAG_RUN_ID=manual__2024-11-28T02:37:16.489399+00:00
[2024-11-28T02:37:24.601+0000] {subprocess.py:63} INFO - Tmp dir root location: 
 /tmp
[2024-11-28T02:37:24.602+0000] {subprocess.py:75} INFO - Running command: ['/bin/bash', '-c', 'sleep 5']
[2024-11-28T02:37:24.623+0000] {subprocess.py:86} INFO - Output:
[2024-11-28T02:37:29.628+0000] {subprocess.py:97} INFO - Command exited with return code 0
[2024-11-28T02:37:29.673+0000] {taskinstance.py:1323} INFO - Marking task as SUCCESS. dag_id=dagrundag2, task_id=tsk2, execution_date=20241128T023716, start_date=20241128T023724, end_date=20241128T023729
[2024-11-28T02:37:29.711+0000] {local_task_job.py:208} INFO - Task exited with return code 0
[2024-11-28T02:37:29.739+0000] {taskinstance.py:2578} INFO - 0 downstream tasks scheduled from follow-on schedule check
