[2024-11-28T02:26:08.382+0000] {taskinstance.py:1083} INFO - Dependencies all met for <TaskInstance: dagrundag2.tsk1 manual__2024-11-28T02:26:07.401232+00:00 [queued]>
[2024-11-28T02:26:08.394+0000] {taskinstance.py:1083} INFO - Dependencies all met for <TaskInstance: dagrundag2.tsk1 manual__2024-11-28T02:26:07.401232+00:00 [queued]>
[2024-11-28T02:26:08.395+0000] {taskinstance.py:1279} INFO - 
--------------------------------------------------------------------------------
[2024-11-28T02:26:08.395+0000] {taskinstance.py:1280} INFO - Starting attempt 1 of 1
[2024-11-28T02:26:08.395+0000] {taskinstance.py:1281} INFO - 
--------------------------------------------------------------------------------
[2024-11-28T02:26:08.416+0000] {taskinstance.py:1300} INFO - Executing <Task(BashOperator): tsk1> on 2024-11-28 02:26:07.401232+00:00
[2024-11-28T02:26:08.422+0000] {standard_task_runner.py:55} INFO - Started process 94659 to run task
[2024-11-28T02:26:08.426+0000] {standard_task_runner.py:82} INFO - Running: ['***', 'tasks', 'run', 'dagrundag2', 'tsk1', 'manual__2024-11-28T02:26:07.401232+00:00', '--job-id', '76', '--raw', '--subdir', 'DAGS_FOLDER/dagrundag2.py', '--cfg-path', '/tmp/tmpaczthp4r']
[2024-11-28T02:26:08.426+0000] {standard_task_runner.py:83} INFO - Job 76: Subtask tsk1
[2024-11-28T02:26:08.498+0000] {task_command.py:388} INFO - Running <TaskInstance: dagrundag2.tsk1 manual__2024-11-28T02:26:07.401232+00:00 [running]> on host 6b6513c1cd28
[2024-11-28T02:26:08.584+0000] {taskinstance.py:1509} INFO - Exporting the following env vars:
AIRFLOW_CTX_DAG_OWNER=***
AIRFLOW_CTX_DAG_ID=dagrundag2
AIRFLOW_CTX_TASK_ID=tsk1
AIRFLOW_CTX_EXECUTION_DATE=2024-11-28T02:26:07.401232+00:00
AIRFLOW_CTX_TRY_NUMBER=1
AIRFLOW_CTX_DAG_RUN_ID=manual__2024-11-28T02:26:07.401232+00:00
[2024-11-28T02:26:08.585+0000] {subprocess.py:63} INFO - Tmp dir root location: 
 /tmp
[2024-11-28T02:26:08.586+0000] {subprocess.py:75} INFO - Running command: ['/bin/bash', '-c', 'sleep 5']
[2024-11-28T02:26:08.600+0000] {subprocess.py:86} INFO - Output:
[2024-11-28T02:26:13.605+0000] {subprocess.py:97} INFO - Command exited with return code 0
[2024-11-28T02:26:13.643+0000] {taskinstance.py:1323} INFO - Marking task as SUCCESS. dag_id=dagrundag2, task_id=tsk1, execution_date=20241128T022607, start_date=20241128T022608, end_date=20241128T022613
[2024-11-28T02:26:13.696+0000] {local_task_job.py:208} INFO - Task exited with return code 0
[2024-11-28T02:26:13.731+0000] {taskinstance.py:2578} INFO - 1 downstream tasks scheduled from follow-on schedule check
