[2024-12-03T11:04:34.456+0000] {taskinstance.py:1083} INFO - Dependencies all met for <TaskInstance: defaultargs.tsk1 scheduled__2024-12-03T01:00:00+00:00 [queued]>
[2024-12-03T11:04:34.466+0000] {taskinstance.py:1083} INFO - Dependencies all met for <TaskInstance: defaultargs.tsk1 scheduled__2024-12-03T01:00:00+00:00 [queued]>
[2024-12-03T11:04:34.467+0000] {taskinstance.py:1279} INFO - 
--------------------------------------------------------------------------------
[2024-12-03T11:04:34.467+0000] {taskinstance.py:1280} INFO - Starting attempt 1 of 4
[2024-12-03T11:04:34.467+0000] {taskinstance.py:1281} INFO - 
--------------------------------------------------------------------------------
[2024-12-03T11:04:34.483+0000] {taskinstance.py:1300} INFO - Executing <Task(BashOperator): tsk1> on 2024-12-03 01:00:00+00:00
[2024-12-03T11:04:34.488+0000] {standard_task_runner.py:55} INFO - Started process 61 to run task
[2024-12-03T11:04:34.490+0000] {standard_task_runner.py:82} INFO - Running: ['***', 'tasks', 'run', 'defaultargs', 'tsk1', 'scheduled__2024-12-03T01:00:00+00:00', '--job-id', '309', '--raw', '--subdir', 'DAGS_FOLDER/defaultargs.py', '--cfg-path', '/tmp/tmp4m8k6ine']
[2024-12-03T11:04:34.491+0000] {standard_task_runner.py:83} INFO - Job 309: Subtask tsk1
[2024-12-03T11:04:34.549+0000] {task_command.py:388} INFO - Running <TaskInstance: defaultargs.tsk1 scheduled__2024-12-03T01:00:00+00:00 [running]> on host d5758c87d718
[2024-12-03T11:04:34.635+0000] {taskinstance.py:1509} INFO - Exporting the following env vars:
AIRFLOW_CTX_DAG_EMAIL=test@test.com
AIRFLOW_CTX_DAG_OWNER=***
AIRFLOW_CTX_DAG_ID=defaultargs
AIRFLOW_CTX_TASK_ID=tsk1
AIRFLOW_CTX_EXECUTION_DATE=2024-12-03T01:00:00+00:00
AIRFLOW_CTX_TRY_NUMBER=1
AIRFLOW_CTX_DAG_RUN_ID=scheduled__2024-12-03T01:00:00+00:00
[2024-12-03T11:04:34.636+0000] {subprocess.py:63} INFO - Tmp dir root location: 
 /tmp
[2024-12-03T11:04:34.637+0000] {subprocess.py:75} INFO - Running command: ['/bin/bash', '-c', 'sleep 5']
[2024-12-03T11:04:34.647+0000] {subprocess.py:86} INFO - Output:
[2024-12-03T11:04:39.653+0000] {subprocess.py:97} INFO - Command exited with return code 0
[2024-12-03T11:04:39.691+0000] {taskinstance.py:1323} INFO - Marking task as SUCCESS. dag_id=defaultargs, task_id=tsk1, execution_date=20241203T010000, start_date=20241203T110434, end_date=20241203T110439
[2024-12-03T11:04:39.738+0000] {local_task_job.py:208} INFO - Task exited with return code 0
[2024-12-03T11:04:39.774+0000] {taskinstance.py:2578} INFO - 1 downstream tasks scheduled from follow-on schedule check
