[2024-12-03T13:00:07.117+0000] {taskinstance.py:1083} INFO - Dependencies all met for <TaskInstance: defaultargs.tsk2 scheduled__2024-12-03T12:00:00+00:00 [queued]>
[2024-12-03T13:00:07.128+0000] {taskinstance.py:1083} INFO - Dependencies all met for <TaskInstance: defaultargs.tsk2 scheduled__2024-12-03T12:00:00+00:00 [queued]>
[2024-12-03T13:00:07.129+0000] {taskinstance.py:1279} INFO - 
--------------------------------------------------------------------------------
[2024-12-03T13:00:07.129+0000] {taskinstance.py:1280} INFO - Starting attempt 1 of 2
[2024-12-03T13:00:07.129+0000] {taskinstance.py:1281} INFO - 
--------------------------------------------------------------------------------
[2024-12-03T13:00:07.147+0000] {taskinstance.py:1300} INFO - Executing <Task(BashOperator): tsk2> on 2024-12-03 12:00:00+00:00
[2024-12-03T13:00:07.153+0000] {standard_task_runner.py:55} INFO - Started process 12117 to run task
[2024-12-03T13:00:07.157+0000] {standard_task_runner.py:82} INFO - Running: ['***', 'tasks', 'run', 'defaultargs', 'tsk2', 'scheduled__2024-12-03T12:00:00+00:00', '--job-id', '319', '--raw', '--subdir', 'DAGS_FOLDER/defaultargs.py', '--cfg-path', '/tmp/tmp_az8977i']
[2024-12-03T13:00:07.157+0000] {standard_task_runner.py:83} INFO - Job 319: Subtask tsk2
[2024-12-03T13:00:07.235+0000] {task_command.py:388} INFO - Running <TaskInstance: defaultargs.tsk2 scheduled__2024-12-03T12:00:00+00:00 [running]> on host d5758c87d718
[2024-12-03T13:00:07.326+0000] {taskinstance.py:1509} INFO - Exporting the following env vars:
AIRFLOW_CTX_DAG_EMAIL=test@test.com
AIRFLOW_CTX_DAG_OWNER=***
AIRFLOW_CTX_DAG_ID=defaultargs
AIRFLOW_CTX_TASK_ID=tsk2
AIRFLOW_CTX_EXECUTION_DATE=2024-12-03T12:00:00+00:00
AIRFLOW_CTX_TRY_NUMBER=1
AIRFLOW_CTX_DAG_RUN_ID=scheduled__2024-12-03T12:00:00+00:00
[2024-12-03T13:00:07.328+0000] {subprocess.py:63} INFO - Tmp dir root location: 
 /tmp
[2024-12-03T13:00:07.328+0000] {subprocess.py:75} INFO - Running command: ['/bin/bash', '-c', 'sleep 5']
[2024-12-03T13:00:07.341+0000] {subprocess.py:86} INFO - Output:
[2024-12-03T13:00:12.345+0000] {subprocess.py:97} INFO - Command exited with return code 0
[2024-12-03T13:00:12.387+0000] {taskinstance.py:1323} INFO - Marking task as SUCCESS. dag_id=defaultargs, task_id=tsk2, execution_date=20241203T120000, start_date=20241203T130007, end_date=20241203T130012
[2024-12-03T13:00:12.426+0000] {local_task_job.py:208} INFO - Task exited with return code 0
[2024-12-03T13:00:12.451+0000] {taskinstance.py:2578} INFO - 1 downstream tasks scheduled from follow-on schedule check
