[2024-12-06T12:26:15.314+0000] {taskinstance.py:1083} INFO - Dependencies all met for <TaskInstance: defaultargs.tsk1 scheduled__2024-12-05T21:00:00+00:00 [queued]>
[2024-12-06T12:26:15.325+0000] {taskinstance.py:1083} INFO - Dependencies all met for <TaskInstance: defaultargs.tsk1 scheduled__2024-12-05T21:00:00+00:00 [queued]>
[2024-12-06T12:26:15.325+0000] {taskinstance.py:1279} INFO - 
--------------------------------------------------------------------------------
[2024-12-06T12:26:15.325+0000] {taskinstance.py:1280} INFO - Starting attempt 1 of 4
[2024-12-06T12:26:15.325+0000] {taskinstance.py:1281} INFO - 
--------------------------------------------------------------------------------
[2024-12-06T12:26:15.340+0000] {taskinstance.py:1300} INFO - Executing <Task(BashOperator): tsk1> on 2024-12-05 21:00:00+00:00
[2024-12-06T12:26:15.345+0000] {standard_task_runner.py:55} INFO - Started process 62 to run task
[2024-12-06T12:26:15.347+0000] {standard_task_runner.py:82} INFO - Running: ['***', 'tasks', 'run', 'defaultargs', 'tsk1', 'scheduled__2024-12-05T21:00:00+00:00', '--job-id', '451', '--raw', '--subdir', 'DAGS_FOLDER/defaultargs.py', '--cfg-path', '/tmp/tmpmcqq1tjh']
[2024-12-06T12:26:15.348+0000] {standard_task_runner.py:83} INFO - Job 451: Subtask tsk1
[2024-12-06T12:26:15.411+0000] {task_command.py:388} INFO - Running <TaskInstance: defaultargs.tsk1 scheduled__2024-12-05T21:00:00+00:00 [running]> on host d5758c87d718
[2024-12-06T12:26:15.483+0000] {taskinstance.py:1509} INFO - Exporting the following env vars:
AIRFLOW_CTX_DAG_EMAIL=test@test.com
AIRFLOW_CTX_DAG_OWNER=***
AIRFLOW_CTX_DAG_ID=defaultargs
AIRFLOW_CTX_TASK_ID=tsk1
AIRFLOW_CTX_EXECUTION_DATE=2024-12-05T21:00:00+00:00
AIRFLOW_CTX_TRY_NUMBER=1
AIRFLOW_CTX_DAG_RUN_ID=scheduled__2024-12-05T21:00:00+00:00
[2024-12-06T12:26:15.483+0000] {subprocess.py:63} INFO - Tmp dir root location: 
 /tmp
[2024-12-06T12:26:15.484+0000] {subprocess.py:75} INFO - Running command: ['/bin/bash', '-c', 'sleep 5']
[2024-12-06T12:26:15.494+0000] {subprocess.py:86} INFO - Output:
[2024-12-06T12:26:20.498+0000] {subprocess.py:97} INFO - Command exited with return code 0
[2024-12-06T12:26:20.534+0000] {taskinstance.py:1323} INFO - Marking task as SUCCESS. dag_id=defaultargs, task_id=tsk1, execution_date=20241205T210000, start_date=20241206T122615, end_date=20241206T122620
[2024-12-06T12:26:20.598+0000] {local_task_job.py:208} INFO - Task exited with return code 0
[2024-12-06T12:26:20.631+0000] {taskinstance.py:2578} INFO - 1 downstream tasks scheduled from follow-on schedule check
