[2024-12-10T17:00:13.068+0000] {taskinstance.py:1083} INFO - Dependencies all met for <TaskInstance: defaultargs.tsk3 scheduled__2024-12-10T16:00:00+00:00 [queued]>
[2024-12-10T17:00:13.075+0000] {taskinstance.py:1083} INFO - Dependencies all met for <TaskInstance: defaultargs.tsk3 scheduled__2024-12-10T16:00:00+00:00 [queued]>
[2024-12-10T17:00:13.075+0000] {taskinstance.py:1279} INFO - 
--------------------------------------------------------------------------------
[2024-12-10T17:00:13.075+0000] {taskinstance.py:1280} INFO - Starting attempt 1 of 2
[2024-12-10T17:00:13.075+0000] {taskinstance.py:1281} INFO - 
--------------------------------------------------------------------------------
[2024-12-10T17:00:13.086+0000] {taskinstance.py:1300} INFO - Executing <Task(BashOperator): tsk3> on 2024-12-10 16:00:00+00:00
[2024-12-10T17:00:13.089+0000] {standard_task_runner.py:55} INFO - Started process 39891 to run task
[2024-12-10T17:00:13.092+0000] {standard_task_runner.py:82} INFO - Running: ['***', 'tasks', 'run', 'defaultargs', 'tsk3', 'scheduled__2024-12-10T16:00:00+00:00', '--job-id', '624', '--raw', '--subdir', 'DAGS_FOLDER/defaultargs.py', '--cfg-path', '/tmp/tmpz4apszju']
[2024-12-10T17:00:13.093+0000] {standard_task_runner.py:83} INFO - Job 624: Subtask tsk3
[2024-12-10T17:00:13.177+0000] {task_command.py:388} INFO - Running <TaskInstance: defaultargs.tsk3 scheduled__2024-12-10T16:00:00+00:00 [running]> on host d5758c87d718
[2024-12-10T17:00:13.267+0000] {taskinstance.py:1509} INFO - Exporting the following env vars:
AIRFLOW_CTX_DAG_EMAIL=test@test.com
AIRFLOW_CTX_DAG_OWNER=***
AIRFLOW_CTX_DAG_ID=defaultargs
AIRFLOW_CTX_TASK_ID=tsk3
AIRFLOW_CTX_EXECUTION_DATE=2024-12-10T16:00:00+00:00
AIRFLOW_CTX_TRY_NUMBER=1
AIRFLOW_CTX_DAG_RUN_ID=scheduled__2024-12-10T16:00:00+00:00
[2024-12-10T17:00:13.268+0000] {subprocess.py:63} INFO - Tmp dir root location: 
 /tmp
[2024-12-10T17:00:13.268+0000] {subprocess.py:75} INFO - Running command: ['/bin/bash', '-c', 'sleep 5']
[2024-12-10T17:00:13.282+0000] {subprocess.py:86} INFO - Output:
[2024-12-10T17:00:18.287+0000] {subprocess.py:97} INFO - Command exited with return code 0
[2024-12-10T17:00:18.328+0000] {taskinstance.py:1323} INFO - Marking task as SUCCESS. dag_id=defaultargs, task_id=tsk3, execution_date=20241210T160000, start_date=20241210T170013, end_date=20241210T170018
[2024-12-10T17:00:18.375+0000] {local_task_job.py:208} INFO - Task exited with return code 0
[2024-12-10T17:00:18.401+0000] {taskinstance.py:2578} INFO - 0 downstream tasks scheduled from follow-on schedule check
