[2024-11-28T02:38:21.231+0000] {taskinstance.py:1083} INFO - Dependencies all met for <TaskInstance: dagrundag1.tsk1 manual__2024-11-28T02:38:20.419382+00:00 [queued]>
[2024-11-28T02:38:21.243+0000] {taskinstance.py:1083} INFO - Dependencies all met for <TaskInstance: dagrundag1.tsk1 manual__2024-11-28T02:38:20.419382+00:00 [queued]>
[2024-11-28T02:38:21.243+0000] {taskinstance.py:1279} INFO - 
--------------------------------------------------------------------------------
[2024-11-28T02:38:21.243+0000] {taskinstance.py:1280} INFO - Starting attempt 1 of 1
[2024-11-28T02:38:21.243+0000] {taskinstance.py:1281} INFO - 
--------------------------------------------------------------------------------
[2024-11-28T02:38:21.271+0000] {taskinstance.py:1300} INFO - Executing <Task(BashOperator): tsk1> on 2024-11-28 02:38:20.419382+00:00
[2024-11-28T02:38:21.280+0000] {standard_task_runner.py:55} INFO - Started process 95957 to run task
[2024-11-28T02:38:21.287+0000] {standard_task_runner.py:82} INFO - Running: ['***', 'tasks', 'run', 'dagrundag1', 'tsk1', 'manual__2024-11-28T02:38:20.419382+00:00', '--job-id', '82', '--raw', '--subdir', 'DAGS_FOLDER/dagrundag1.py', '--cfg-path', '/tmp/tmpgz02dlal']
[2024-11-28T02:38:21.289+0000] {standard_task_runner.py:83} INFO - Job 82: Subtask tsk1
[2024-11-28T02:38:21.370+0000] {task_command.py:388} INFO - Running <TaskInstance: dagrundag1.tsk1 manual__2024-11-28T02:38:20.419382+00:00 [running]> on host 6b6513c1cd28
[2024-11-28T02:38:21.462+0000] {taskinstance.py:1509} INFO - Exporting the following env vars:
AIRFLOW_CTX_DAG_OWNER=***
AIRFLOW_CTX_DAG_ID=dagrundag1
AIRFLOW_CTX_TASK_ID=tsk1
AIRFLOW_CTX_EXECUTION_DATE=2024-11-28T02:38:20.419382+00:00
AIRFLOW_CTX_TRY_NUMBER=1
AIRFLOW_CTX_DAG_RUN_ID=manual__2024-11-28T02:38:20.419382+00:00
[2024-11-28T02:38:21.463+0000] {subprocess.py:63} INFO - Tmp dir root location: 
 /tmp
[2024-11-28T02:38:21.464+0000] {subprocess.py:75} INFO - Running command: ['/bin/bash', '-c', 'sleep 5']
[2024-11-28T02:38:21.476+0000] {subprocess.py:86} INFO - Output:
[2024-11-28T02:38:26.480+0000] {subprocess.py:97} INFO - Command exited with return code 0
[2024-11-28T02:38:26.513+0000] {taskinstance.py:1323} INFO - Marking task as SUCCESS. dag_id=dagrundag1, task_id=tsk1, execution_date=20241128T023820, start_date=20241128T023821, end_date=20241128T023826
[2024-11-28T02:38:26.559+0000] {local_task_job.py:208} INFO - Task exited with return code 0
[2024-11-28T02:38:26.583+0000] {taskinstance.py:2578} INFO - 1 downstream tasks scheduled from follow-on schedule check
