[2024-12-07T02:00:00.664+0000] {taskinstance.py:1083} INFO - Dependencies all met for <TaskInstance: defaultargs.tsk1 scheduled__2024-12-07T01:00:00+00:00 [queued]>
[2024-12-07T02:00:00.673+0000] {taskinstance.py:1083} INFO - Dependencies all met for <TaskInstance: defaultargs.tsk1 scheduled__2024-12-07T01:00:00+00:00 [queued]>
[2024-12-07T02:00:00.673+0000] {taskinstance.py:1279} INFO - 
--------------------------------------------------------------------------------
[2024-12-07T02:00:00.673+0000] {taskinstance.py:1280} INFO - Starting attempt 1 of 4
[2024-12-07T02:00:00.673+0000] {taskinstance.py:1281} INFO - 
--------------------------------------------------------------------------------
[2024-12-07T02:00:00.688+0000] {taskinstance.py:1300} INFO - Executing <Task(BashOperator): tsk1> on 2024-12-07 01:00:00+00:00
[2024-12-07T02:00:00.692+0000] {standard_task_runner.py:55} INFO - Started process 83734 to run task
[2024-12-07T02:00:00.695+0000] {standard_task_runner.py:82} INFO - Running: ['***', 'tasks', 'run', 'defaultargs', 'tsk1', 'scheduled__2024-12-07T01:00:00+00:00', '--job-id', '495', '--raw', '--subdir', 'DAGS_FOLDER/defaultargs.py', '--cfg-path', '/tmp/tmpq0mc_9pn']
[2024-12-07T02:00:00.696+0000] {standard_task_runner.py:83} INFO - Job 495: Subtask tsk1
[2024-12-07T02:00:00.761+0000] {task_command.py:388} INFO - Running <TaskInstance: defaultargs.tsk1 scheduled__2024-12-07T01:00:00+00:00 [running]> on host d5758c87d718
[2024-12-07T02:00:00.838+0000] {taskinstance.py:1509} INFO - Exporting the following env vars:
AIRFLOW_CTX_DAG_EMAIL=test@test.com
AIRFLOW_CTX_DAG_OWNER=***
AIRFLOW_CTX_DAG_ID=defaultargs
AIRFLOW_CTX_TASK_ID=tsk1
AIRFLOW_CTX_EXECUTION_DATE=2024-12-07T01:00:00+00:00
AIRFLOW_CTX_TRY_NUMBER=1
AIRFLOW_CTX_DAG_RUN_ID=scheduled__2024-12-07T01:00:00+00:00
[2024-12-07T02:00:00.839+0000] {subprocess.py:63} INFO - Tmp dir root location: 
 /tmp
[2024-12-07T02:00:00.839+0000] {subprocess.py:75} INFO - Running command: ['/bin/bash', '-c', 'sleep 5']
[2024-12-07T02:00:00.850+0000] {subprocess.py:86} INFO - Output:
[2024-12-07T02:00:05.855+0000] {subprocess.py:97} INFO - Command exited with return code 0
[2024-12-07T02:00:05.894+0000] {taskinstance.py:1323} INFO - Marking task as SUCCESS. dag_id=defaultargs, task_id=tsk1, execution_date=20241207T010000, start_date=20241207T020000, end_date=20241207T020005
[2024-12-07T02:00:05.943+0000] {local_task_job.py:208} INFO - Task exited with return code 0
[2024-12-07T02:00:05.977+0000] {taskinstance.py:2578} INFO - 0 downstream tasks scheduled from follow-on schedule check
