[2024-12-05T21:00:06.400+0000] {taskinstance.py:1083} INFO - Dependencies all met for <TaskInstance: defaultargs.tsk2 scheduled__2024-12-05T20:00:00+00:00 [queued]>
[2024-12-05T21:00:06.413+0000] {taskinstance.py:1083} INFO - Dependencies all met for <TaskInstance: defaultargs.tsk2 scheduled__2024-12-05T20:00:00+00:00 [queued]>
[2024-12-05T21:00:06.413+0000] {taskinstance.py:1279} INFO - 
--------------------------------------------------------------------------------
[2024-12-05T21:00:06.413+0000] {taskinstance.py:1280} INFO - Starting attempt 1 of 2
[2024-12-05T21:00:06.413+0000] {taskinstance.py:1281} INFO - 
--------------------------------------------------------------------------------
[2024-12-05T21:00:06.429+0000] {taskinstance.py:1300} INFO - Executing <Task(BashOperator): tsk2> on 2024-12-05 20:00:00+00:00
[2024-12-05T21:00:06.435+0000] {standard_task_runner.py:55} INFO - Started process 72023 to run task
[2024-12-05T21:00:06.438+0000] {standard_task_runner.py:82} INFO - Running: ['***', 'tasks', 'run', 'defaultargs', 'tsk2', 'scheduled__2024-12-05T20:00:00+00:00', '--job-id', '446', '--raw', '--subdir', 'DAGS_FOLDER/defaultargs.py', '--cfg-path', '/tmp/tmphl_zba7r']
[2024-12-05T21:00:06.439+0000] {standard_task_runner.py:83} INFO - Job 446: Subtask tsk2
[2024-12-05T21:00:06.518+0000] {task_command.py:388} INFO - Running <TaskInstance: defaultargs.tsk2 scheduled__2024-12-05T20:00:00+00:00 [running]> on host d5758c87d718
[2024-12-05T21:00:06.609+0000] {taskinstance.py:1509} INFO - Exporting the following env vars:
AIRFLOW_CTX_DAG_EMAIL=test@test.com
AIRFLOW_CTX_DAG_OWNER=***
AIRFLOW_CTX_DAG_ID=defaultargs
AIRFLOW_CTX_TASK_ID=tsk2
AIRFLOW_CTX_EXECUTION_DATE=2024-12-05T20:00:00+00:00
AIRFLOW_CTX_TRY_NUMBER=1
AIRFLOW_CTX_DAG_RUN_ID=scheduled__2024-12-05T20:00:00+00:00
[2024-12-05T21:00:06.610+0000] {subprocess.py:63} INFO - Tmp dir root location: 
 /tmp
[2024-12-05T21:00:06.610+0000] {subprocess.py:75} INFO - Running command: ['/bin/bash', '-c', 'sleep 5']
[2024-12-05T21:00:06.623+0000] {subprocess.py:86} INFO - Output:
[2024-12-05T21:00:11.627+0000] {subprocess.py:97} INFO - Command exited with return code 0
[2024-12-05T21:00:11.661+0000] {taskinstance.py:1323} INFO - Marking task as SUCCESS. dag_id=defaultargs, task_id=tsk2, execution_date=20241205T200000, start_date=20241205T210006, end_date=20241205T210011
[2024-12-05T21:00:11.718+0000] {local_task_job.py:208} INFO - Task exited with return code 0
[2024-12-05T21:00:11.742+0000] {taskinstance.py:2578} INFO - 1 downstream tasks scheduled from follow-on schedule check
