[2024-12-01T03:00:06.254+0000] {taskinstance.py:1083} INFO - Dependencies all met for <TaskInstance: defaultargs.tsk2 scheduled__2024-12-01T02:00:00+00:00 [queued]>
[2024-12-01T03:00:06.265+0000] {taskinstance.py:1083} INFO - Dependencies all met for <TaskInstance: defaultargs.tsk2 scheduled__2024-12-01T02:00:00+00:00 [queued]>
[2024-12-01T03:00:06.266+0000] {taskinstance.py:1279} INFO - 
--------------------------------------------------------------------------------
[2024-12-01T03:00:06.266+0000] {taskinstance.py:1280} INFO - Starting attempt 1 of 2
[2024-12-01T03:00:06.266+0000] {taskinstance.py:1281} INFO - 
--------------------------------------------------------------------------------
[2024-12-01T03:00:06.282+0000] {taskinstance.py:1300} INFO - Executing <Task(BashOperator): tsk2> on 2024-12-01 02:00:00+00:00
[2024-12-01T03:00:06.287+0000] {standard_task_runner.py:55} INFO - Started process 15026 to run task
[2024-12-01T03:00:06.290+0000] {standard_task_runner.py:82} INFO - Running: ['***', 'tasks', 'run', 'defaultargs', 'tsk2', 'scheduled__2024-12-01T02:00:00+00:00', '--job-id', '150', '--raw', '--subdir', 'DAGS_FOLDER/defaultargs.py', '--cfg-path', '/tmp/tmp0aud4g9n']
[2024-12-01T03:00:06.290+0000] {standard_task_runner.py:83} INFO - Job 150: Subtask tsk2
[2024-12-01T03:00:06.355+0000] {task_command.py:388} INFO - Running <TaskInstance: defaultargs.tsk2 scheduled__2024-12-01T02:00:00+00:00 [running]> on host 5b16b263498c
[2024-12-01T03:00:06.423+0000] {taskinstance.py:1509} INFO - Exporting the following env vars:
AIRFLOW_CTX_DAG_EMAIL=test@test.com
AIRFLOW_CTX_DAG_OWNER=***
AIRFLOW_CTX_DAG_ID=defaultargs
AIRFLOW_CTX_TASK_ID=tsk2
AIRFLOW_CTX_EXECUTION_DATE=2024-12-01T02:00:00+00:00
AIRFLOW_CTX_TRY_NUMBER=1
AIRFLOW_CTX_DAG_RUN_ID=scheduled__2024-12-01T02:00:00+00:00
[2024-12-01T03:00:06.424+0000] {subprocess.py:63} INFO - Tmp dir root location: 
 /tmp
[2024-12-01T03:00:06.424+0000] {subprocess.py:75} INFO - Running command: ['/bin/bash', '-c', 'sleep 5']
[2024-12-01T03:00:06.438+0000] {subprocess.py:86} INFO - Output:
[2024-12-01T03:00:11.441+0000] {subprocess.py:97} INFO - Command exited with return code 0
[2024-12-01T03:00:11.472+0000] {taskinstance.py:1323} INFO - Marking task as SUCCESS. dag_id=defaultargs, task_id=tsk2, execution_date=20241201T020000, start_date=20241201T030006, end_date=20241201T030011
[2024-12-01T03:00:11.523+0000] {local_task_job.py:208} INFO - Task exited with return code 0
[2024-12-01T03:00:11.549+0000] {taskinstance.py:2578} INFO - 1 downstream tasks scheduled from follow-on schedule check
