[2024-11-23T16:32:35.005+0000] {taskinstance.py:1083} INFO - Dependencies all met for <TaskInstance: triggerdag2.tsk2 manual__2024-11-23T16:32:34.310436+00:00 [queued]>
[2024-11-23T16:32:35.016+0000] {taskinstance.py:1083} INFO - Dependencies all met for <TaskInstance: triggerdag2.tsk2 manual__2024-11-23T16:32:34.310436+00:00 [queued]>
[2024-11-23T16:32:35.016+0000] {taskinstance.py:1279} INFO - 
--------------------------------------------------------------------------------
[2024-11-23T16:32:35.016+0000] {taskinstance.py:1280} INFO - Starting attempt 1 of 1
[2024-11-23T16:32:35.017+0000] {taskinstance.py:1281} INFO - 
--------------------------------------------------------------------------------
[2024-11-23T16:32:35.032+0000] {taskinstance.py:1300} INFO - Executing <Task(BashOperator): tsk2> on 2024-11-23 16:32:34.310436+00:00
[2024-11-23T16:32:35.038+0000] {standard_task_runner.py:55} INFO - Started process 21249 to run task
[2024-11-23T16:32:35.040+0000] {standard_task_runner.py:82} INFO - Running: ['***', 'tasks', 'run', 'triggerdag2', 'tsk2', 'manual__2024-11-23T16:32:34.310436+00:00', '--job-id', '43', '--raw', '--subdir', 'DAGS_FOLDER/triggerDag2.py', '--cfg-path', '/tmp/tmpgidg_c6e']
[2024-11-23T16:32:35.040+0000] {standard_task_runner.py:83} INFO - Job 43: Subtask tsk2
[2024-11-23T16:32:35.094+0000] {task_command.py:388} INFO - Running <TaskInstance: triggerdag2.tsk2 manual__2024-11-23T16:32:34.310436+00:00 [running]> on host 6b6513c1cd28
[2024-11-23T16:32:35.175+0000] {taskinstance.py:1509} INFO - Exporting the following env vars:
AIRFLOW_CTX_DAG_OWNER=***
AIRFLOW_CTX_DAG_ID=triggerdag2
AIRFLOW_CTX_TASK_ID=tsk2
AIRFLOW_CTX_EXECUTION_DATE=2024-11-23T16:32:34.310436+00:00
AIRFLOW_CTX_TRY_NUMBER=1
AIRFLOW_CTX_DAG_RUN_ID=manual__2024-11-23T16:32:34.310436+00:00
[2024-11-23T16:32:35.176+0000] {subprocess.py:63} INFO - Tmp dir root location: 
 /tmp
[2024-11-23T16:32:35.177+0000] {subprocess.py:75} INFO - Running command: ['/bin/bash', '-c', 'sleep 5']
[2024-11-23T16:32:35.188+0000] {subprocess.py:86} INFO - Output:
[2024-11-23T16:32:40.193+0000] {subprocess.py:97} INFO - Command exited with return code 0
[2024-11-23T16:32:40.222+0000] {taskinstance.py:1323} INFO - Marking task as SUCCESS. dag_id=triggerdag2, task_id=tsk2, execution_date=20241123T163234, start_date=20241123T163235, end_date=20241123T163240
[2024-11-23T16:32:40.274+0000] {local_task_job.py:208} INFO - Task exited with return code 0
[2024-11-23T16:32:40.293+0000] {taskinstance.py:2578} INFO - 0 downstream tasks scheduled from follow-on schedule check
