[2024-12-02T15:00:00.560+0000] {taskinstance.py:1083} INFO - Dependencies all met for <TaskInstance: defaultargs.tsk1 scheduled__2024-12-02T14:00:00+00:00 [queued]>
[2024-12-02T15:00:00.569+0000] {taskinstance.py:1083} INFO - Dependencies all met for <TaskInstance: defaultargs.tsk1 scheduled__2024-12-02T14:00:00+00:00 [queued]>
[2024-12-02T15:00:00.570+0000] {taskinstance.py:1279} INFO - 
--------------------------------------------------------------------------------
[2024-12-02T15:00:00.570+0000] {taskinstance.py:1280} INFO - Starting attempt 1 of 4
[2024-12-02T15:00:00.570+0000] {taskinstance.py:1281} INFO - 
--------------------------------------------------------------------------------
[2024-12-02T15:00:00.590+0000] {taskinstance.py:1300} INFO - Executing <Task(BashOperator): tsk1> on 2024-12-02 14:00:00+00:00
[2024-12-02T15:00:00.596+0000] {standard_task_runner.py:55} INFO - Started process 23084 to run task
[2024-12-02T15:00:00.599+0000] {standard_task_runner.py:82} INFO - Running: ['***', 'tasks', 'run', 'defaultargs', 'tsk1', 'scheduled__2024-12-02T14:00:00+00:00', '--job-id', '274', '--raw', '--subdir', 'DAGS_FOLDER/defaultargs.py', '--cfg-path', '/tmp/tmpnvbbhg2m']
[2024-12-02T15:00:00.599+0000] {standard_task_runner.py:83} INFO - Job 274: Subtask tsk1
[2024-12-02T15:00:00.666+0000] {task_command.py:388} INFO - Running <TaskInstance: defaultargs.tsk1 scheduled__2024-12-02T14:00:00+00:00 [running]> on host d5758c87d718
[2024-12-02T15:00:00.741+0000] {taskinstance.py:1509} INFO - Exporting the following env vars:
AIRFLOW_CTX_DAG_EMAIL=test@test.com
AIRFLOW_CTX_DAG_OWNER=***
AIRFLOW_CTX_DAG_ID=defaultargs
AIRFLOW_CTX_TASK_ID=tsk1
AIRFLOW_CTX_EXECUTION_DATE=2024-12-02T14:00:00+00:00
AIRFLOW_CTX_TRY_NUMBER=1
AIRFLOW_CTX_DAG_RUN_ID=scheduled__2024-12-02T14:00:00+00:00
[2024-12-02T15:00:00.742+0000] {subprocess.py:63} INFO - Tmp dir root location: 
 /tmp
[2024-12-02T15:00:00.743+0000] {subprocess.py:75} INFO - Running command: ['/bin/bash', '-c', 'sleep 5']
[2024-12-02T15:00:00.753+0000] {subprocess.py:86} INFO - Output:
[2024-12-02T15:00:05.757+0000] {subprocess.py:97} INFO - Command exited with return code 0
[2024-12-02T15:00:05.784+0000] {taskinstance.py:1323} INFO - Marking task as SUCCESS. dag_id=defaultargs, task_id=tsk1, execution_date=20241202T140000, start_date=20241202T150000, end_date=20241202T150005
[2024-12-02T15:00:05.832+0000] {local_task_job.py:208} INFO - Task exited with return code 0
[2024-12-02T15:00:05.860+0000] {taskinstance.py:2578} INFO - 1 downstream tasks scheduled from follow-on schedule check
