[2024-11-23T01:47:53.546+0000] {taskinstance.py:1083} INFO - Dependencies all met for <TaskInstance: primeira_dag.tsk1 manual__2024-11-23T01:47:52.622792+00:00 [queued]>
[2024-11-23T01:47:53.555+0000] {taskinstance.py:1083} INFO - Dependencies all met for <TaskInstance: primeira_dag.tsk1 manual__2024-11-23T01:47:52.622792+00:00 [queued]>
[2024-11-23T01:47:53.555+0000] {taskinstance.py:1279} INFO - 
--------------------------------------------------------------------------------
[2024-11-23T01:47:53.555+0000] {taskinstance.py:1280} INFO - Starting attempt 1 of 1
[2024-11-23T01:47:53.555+0000] {taskinstance.py:1281} INFO - 
--------------------------------------------------------------------------------
[2024-11-23T01:47:53.574+0000] {taskinstance.py:1300} INFO - Executing <Task(BashOperator): tsk1> on 2024-11-23 01:47:52.622792+00:00
[2024-11-23T01:47:53.581+0000] {standard_task_runner.py:55} INFO - Started process 740 to run task
[2024-11-23T01:47:53.584+0000] {standard_task_runner.py:82} INFO - Running: ['***', 'tasks', 'run', 'primeira_dag', 'tsk1', 'manual__2024-11-23T01:47:52.622792+00:00', '--job-id', '26', '--raw', '--subdir', 'DAGS_FOLDER/primeiradag.py', '--cfg-path', '/tmp/tmptzn18oh_']
[2024-11-23T01:47:53.585+0000] {standard_task_runner.py:83} INFO - Job 26: Subtask tsk1
[2024-11-23T01:47:53.649+0000] {task_command.py:388} INFO - Running <TaskInstance: primeira_dag.tsk1 manual__2024-11-23T01:47:52.622792+00:00 [running]> on host 6b6513c1cd28
[2024-11-23T01:47:53.732+0000] {taskinstance.py:1509} INFO - Exporting the following env vars:
AIRFLOW_CTX_DAG_OWNER=***
AIRFLOW_CTX_DAG_ID=primeira_dag
AIRFLOW_CTX_TASK_ID=tsk1
AIRFLOW_CTX_EXECUTION_DATE=2024-11-23T01:47:52.622792+00:00
AIRFLOW_CTX_TRY_NUMBER=1
AIRFLOW_CTX_DAG_RUN_ID=manual__2024-11-23T01:47:52.622792+00:00
[2024-11-23T01:47:53.733+0000] {subprocess.py:63} INFO - Tmp dir root location: 
 /tmp
[2024-11-23T01:47:53.734+0000] {subprocess.py:75} INFO - Running command: ['/bin/bash', '-c', 'sleep 5']
[2024-11-23T01:47:53.747+0000] {subprocess.py:86} INFO - Output:
[2024-11-23T01:47:58.751+0000] {subprocess.py:97} INFO - Command exited with return code 0
[2024-11-23T01:47:58.803+0000] {taskinstance.py:1323} INFO - Marking task as SUCCESS. dag_id=primeira_dag, task_id=tsk1, execution_date=20241123T014752, start_date=20241123T014753, end_date=20241123T014758
[2024-11-23T01:47:58.870+0000] {local_task_job.py:208} INFO - Task exited with return code 0
[2024-11-23T01:47:58.915+0000] {taskinstance.py:2578} INFO - 1 downstream tasks scheduled from follow-on schedule check
