[2024-11-23T16:44:03.111+0000] {taskinstance.py:1083} INFO - Dependencies all met for <TaskInstance: dagcomplexa.tsk3 manual__2024-11-23T16:44:01.834363+00:00 [queued]>
[2024-11-23T16:44:03.122+0000] {taskinstance.py:1083} INFO - Dependencies all met for <TaskInstance: dagcomplexa.tsk3 manual__2024-11-23T16:44:01.834363+00:00 [queued]>
[2024-11-23T16:44:03.122+0000] {taskinstance.py:1279} INFO - 
--------------------------------------------------------------------------------
[2024-11-23T16:44:03.123+0000] {taskinstance.py:1280} INFO - Starting attempt 1 of 1
[2024-11-23T16:44:03.123+0000] {taskinstance.py:1281} INFO - 
--------------------------------------------------------------------------------
[2024-11-23T16:44:03.141+0000] {taskinstance.py:1300} INFO - Executing <Task(BashOperator): tsk3> on 2024-11-23 16:44:01.834363+00:00
[2024-11-23T16:44:03.146+0000] {standard_task_runner.py:55} INFO - Started process 22454 to run task
[2024-11-23T16:44:03.149+0000] {standard_task_runner.py:82} INFO - Running: ['***', 'tasks', 'run', 'dagcomplexa', 'tsk3', 'manual__2024-11-23T16:44:01.834363+00:00', '--job-id', '48', '--raw', '--subdir', 'DAGS_FOLDER/dagcomplexa.py', '--cfg-path', '/tmp/tmpccmqsusq']
[2024-11-23T16:44:03.149+0000] {standard_task_runner.py:83} INFO - Job 48: Subtask tsk3
[2024-11-23T16:44:03.236+0000] {task_command.py:388} INFO - Running <TaskInstance: dagcomplexa.tsk3 manual__2024-11-23T16:44:01.834363+00:00 [running]> on host 6b6513c1cd28
[2024-11-23T16:44:03.311+0000] {taskinstance.py:1509} INFO - Exporting the following env vars:
AIRFLOW_CTX_DAG_OWNER=***
AIRFLOW_CTX_DAG_ID=dagcomplexa
AIRFLOW_CTX_TASK_ID=tsk3
AIRFLOW_CTX_EXECUTION_DATE=2024-11-23T16:44:01.834363+00:00
AIRFLOW_CTX_TRY_NUMBER=1
AIRFLOW_CTX_DAG_RUN_ID=manual__2024-11-23T16:44:01.834363+00:00
[2024-11-23T16:44:03.312+0000] {subprocess.py:63} INFO - Tmp dir root location: 
 /tmp
[2024-11-23T16:44:03.314+0000] {subprocess.py:75} INFO - Running command: ['/bin/bash', '-c', 'sleep 5']
[2024-11-23T16:44:03.327+0000] {subprocess.py:86} INFO - Output:
[2024-11-23T16:44:08.332+0000] {subprocess.py:97} INFO - Command exited with return code 0
[2024-11-23T16:44:08.365+0000] {taskinstance.py:1323} INFO - Marking task as SUCCESS. dag_id=dagcomplexa, task_id=tsk3, execution_date=20241123T164401, start_date=20241123T164403, end_date=20241123T164408
[2024-11-23T16:44:08.420+0000] {local_task_job.py:208} INFO - Task exited with return code 0
[2024-11-23T16:44:08.448+0000] {taskinstance.py:2578} INFO - 1 downstream tasks scheduled from follow-on schedule check
