[2024-12-06T12:26:27.168+0000] {taskinstance.py:1083} INFO - Dependencies all met for <TaskInstance: defaultargs.tsk3 scheduled__2024-12-06T11:00:00+00:00 [queued]>
[2024-12-06T12:26:27.178+0000] {taskinstance.py:1083} INFO - Dependencies all met for <TaskInstance: defaultargs.tsk3 scheduled__2024-12-06T11:00:00+00:00 [queued]>
[2024-12-06T12:26:27.178+0000] {taskinstance.py:1279} INFO - 
--------------------------------------------------------------------------------
[2024-12-06T12:26:27.179+0000] {taskinstance.py:1280} INFO - Starting attempt 1 of 2
[2024-12-06T12:26:27.179+0000] {taskinstance.py:1281} INFO - 
--------------------------------------------------------------------------------
[2024-12-06T12:26:27.194+0000] {taskinstance.py:1300} INFO - Executing <Task(BashOperator): tsk3> on 2024-12-06 11:00:00+00:00
[2024-12-06T12:26:27.198+0000] {standard_task_runner.py:55} INFO - Started process 94 to run task
[2024-12-06T12:26:27.201+0000] {standard_task_runner.py:82} INFO - Running: ['***', 'tasks', 'run', 'defaultargs', 'tsk3', 'scheduled__2024-12-06T11:00:00+00:00', '--job-id', '455', '--raw', '--subdir', 'DAGS_FOLDER/defaultargs.py', '--cfg-path', '/tmp/tmproh6f8ya']
[2024-12-06T12:26:27.202+0000] {standard_task_runner.py:83} INFO - Job 455: Subtask tsk3
[2024-12-06T12:26:27.263+0000] {task_command.py:388} INFO - Running <TaskInstance: defaultargs.tsk3 scheduled__2024-12-06T11:00:00+00:00 [running]> on host d5758c87d718
[2024-12-06T12:26:27.342+0000] {taskinstance.py:1509} INFO - Exporting the following env vars:
AIRFLOW_CTX_DAG_EMAIL=test@test.com
AIRFLOW_CTX_DAG_OWNER=***
AIRFLOW_CTX_DAG_ID=defaultargs
AIRFLOW_CTX_TASK_ID=tsk3
AIRFLOW_CTX_EXECUTION_DATE=2024-12-06T11:00:00+00:00
AIRFLOW_CTX_TRY_NUMBER=1
AIRFLOW_CTX_DAG_RUN_ID=scheduled__2024-12-06T11:00:00+00:00
[2024-12-06T12:26:27.343+0000] {subprocess.py:63} INFO - Tmp dir root location: 
 /tmp
[2024-12-06T12:26:27.343+0000] {subprocess.py:75} INFO - Running command: ['/bin/bash', '-c', 'sleep 5']
[2024-12-06T12:26:27.355+0000] {subprocess.py:86} INFO - Output:
[2024-12-06T12:26:32.359+0000] {subprocess.py:97} INFO - Command exited with return code 0
[2024-12-06T12:26:32.396+0000] {taskinstance.py:1323} INFO - Marking task as SUCCESS. dag_id=defaultargs, task_id=tsk3, execution_date=20241206T110000, start_date=20241206T122627, end_date=20241206T122632
[2024-12-06T12:26:32.460+0000] {local_task_job.py:208} INFO - Task exited with return code 0
[2024-12-06T12:26:32.493+0000] {taskinstance.py:2578} INFO - 0 downstream tasks scheduled from follow-on schedule check
