[2024-11-28T02:37:10.100+0000] {taskinstance.py:1083} INFO - Dependencies all met for <TaskInstance: dagrundag1.tsk1 manual__2024-11-28T02:37:08.760454+00:00 [queued]>
[2024-11-28T02:37:10.112+0000] {taskinstance.py:1083} INFO - Dependencies all met for <TaskInstance: dagrundag1.tsk1 manual__2024-11-28T02:37:08.760454+00:00 [queued]>
[2024-11-28T02:37:10.112+0000] {taskinstance.py:1279} INFO - 
--------------------------------------------------------------------------------
[2024-11-28T02:37:10.112+0000] {taskinstance.py:1280} INFO - Starting attempt 1 of 1
[2024-11-28T02:37:10.112+0000] {taskinstance.py:1281} INFO - 
--------------------------------------------------------------------------------
[2024-11-28T02:37:10.131+0000] {taskinstance.py:1300} INFO - Executing <Task(BashOperator): tsk1> on 2024-11-28 02:37:08.760454+00:00
[2024-11-28T02:37:10.137+0000] {standard_task_runner.py:55} INFO - Started process 95826 to run task
[2024-11-28T02:37:10.140+0000] {standard_task_runner.py:82} INFO - Running: ['***', 'tasks', 'run', 'dagrundag1', 'tsk1', 'manual__2024-11-28T02:37:08.760454+00:00', '--job-id', '78', '--raw', '--subdir', 'DAGS_FOLDER/dagrundag1.py', '--cfg-path', '/tmp/tmphui0ts4_']
[2024-11-28T02:37:10.140+0000] {standard_task_runner.py:83} INFO - Job 78: Subtask tsk1
[2024-11-28T02:37:10.208+0000] {task_command.py:388} INFO - Running <TaskInstance: dagrundag1.tsk1 manual__2024-11-28T02:37:08.760454+00:00 [running]> on host 6b6513c1cd28
[2024-11-28T02:37:10.284+0000] {taskinstance.py:1509} INFO - Exporting the following env vars:
AIRFLOW_CTX_DAG_OWNER=***
AIRFLOW_CTX_DAG_ID=dagrundag1
AIRFLOW_CTX_TASK_ID=tsk1
AIRFLOW_CTX_EXECUTION_DATE=2024-11-28T02:37:08.760454+00:00
AIRFLOW_CTX_TRY_NUMBER=1
AIRFLOW_CTX_DAG_RUN_ID=manual__2024-11-28T02:37:08.760454+00:00
[2024-11-28T02:37:10.285+0000] {subprocess.py:63} INFO - Tmp dir root location: 
 /tmp
[2024-11-28T02:37:10.286+0000] {subprocess.py:75} INFO - Running command: ['/bin/bash', '-c', 'sleep 5']
[2024-11-28T02:37:10.296+0000] {subprocess.py:86} INFO - Output:
[2024-11-28T02:37:15.299+0000] {subprocess.py:97} INFO - Command exited with return code 0
[2024-11-28T02:37:15.334+0000] {taskinstance.py:1323} INFO - Marking task as SUCCESS. dag_id=dagrundag1, task_id=tsk1, execution_date=20241128T023708, start_date=20241128T023710, end_date=20241128T023715
[2024-11-28T02:37:15.372+0000] {local_task_job.py:208} INFO - Task exited with return code 0
[2024-11-28T02:37:15.392+0000] {taskinstance.py:2578} INFO - 1 downstream tasks scheduled from follow-on schedule check
