[2024-11-23T17:00:26.433+0000] {taskinstance.py:1083} INFO - Dependencies all met for <TaskInstance: daggroup.tsk_group.tsk8 manual__2024-11-23T17:00:01.048608+00:00 [queued]>
[2024-11-23T17:00:26.446+0000] {taskinstance.py:1083} INFO - Dependencies all met for <TaskInstance: daggroup.tsk_group.tsk8 manual__2024-11-23T17:00:01.048608+00:00 [queued]>
[2024-11-23T17:00:26.446+0000] {taskinstance.py:1279} INFO - 
--------------------------------------------------------------------------------
[2024-11-23T17:00:26.446+0000] {taskinstance.py:1280} INFO - Starting attempt 1 of 1
[2024-11-23T17:00:26.446+0000] {taskinstance.py:1281} INFO - 
--------------------------------------------------------------------------------
[2024-11-23T17:00:26.464+0000] {taskinstance.py:1300} INFO - Executing <Task(BashOperator): tsk_group.tsk8> on 2024-11-23 17:00:01.048608+00:00
[2024-11-23T17:00:26.469+0000] {standard_task_runner.py:55} INFO - Started process 24203 to run task
[2024-11-23T17:00:26.472+0000] {standard_task_runner.py:82} INFO - Running: ['***', 'tasks', 'run', 'daggroup', 'tsk_group.tsk8', 'manual__2024-11-23T17:00:01.048608+00:00', '--job-id', '62', '--raw', '--subdir', 'DAGS_FOLDER/daggroup.py', '--cfg-path', '/tmp/tmp9169p2rx']
[2024-11-23T17:00:26.473+0000] {standard_task_runner.py:83} INFO - Job 62: Subtask tsk_group.tsk8
[2024-11-23T17:00:26.544+0000] {task_command.py:388} INFO - Running <TaskInstance: daggroup.tsk_group.tsk8 manual__2024-11-23T17:00:01.048608+00:00 [running]> on host 6b6513c1cd28
[2024-11-23T17:00:26.617+0000] {taskinstance.py:1509} INFO - Exporting the following env vars:
AIRFLOW_CTX_DAG_OWNER=***
AIRFLOW_CTX_DAG_ID=daggroup
AIRFLOW_CTX_TASK_ID=tsk_group.tsk8
AIRFLOW_CTX_EXECUTION_DATE=2024-11-23T17:00:01.048608+00:00
AIRFLOW_CTX_TRY_NUMBER=1
AIRFLOW_CTX_DAG_RUN_ID=manual__2024-11-23T17:00:01.048608+00:00
[2024-11-23T17:00:26.618+0000] {subprocess.py:63} INFO - Tmp dir root location: 
 /tmp
[2024-11-23T17:00:26.619+0000] {subprocess.py:75} INFO - Running command: ['/bin/bash', '-c', 'sleep 5']
[2024-11-23T17:00:26.632+0000] {subprocess.py:86} INFO - Output:
[2024-11-23T17:00:31.637+0000] {subprocess.py:97} INFO - Command exited with return code 0
[2024-11-23T17:00:31.670+0000] {taskinstance.py:1323} INFO - Marking task as SUCCESS. dag_id=daggroup, task_id=tsk_group.tsk8, execution_date=20241123T170001, start_date=20241123T170026, end_date=20241123T170031
[2024-11-23T17:00:31.712+0000] {local_task_job.py:208} INFO - Task exited with return code 0
[2024-11-23T17:00:31.732+0000] {taskinstance.py:2578} INFO - 0 downstream tasks scheduled from follow-on schedule check
