[2024-11-28T02:37:16.277+0000] {taskinstance.py:1083} INFO - Dependencies all met for <TaskInstance: dagrundag1.tsk2 manual__2024-11-28T02:37:08.760454+00:00 [queued]>
[2024-11-28T02:37:16.290+0000] {taskinstance.py:1083} INFO - Dependencies all met for <TaskInstance: dagrundag1.tsk2 manual__2024-11-28T02:37:08.760454+00:00 [queued]>
[2024-11-28T02:37:16.290+0000] {taskinstance.py:1279} INFO - 
--------------------------------------------------------------------------------
[2024-11-28T02:37:16.291+0000] {taskinstance.py:1280} INFO - Starting attempt 1 of 1
[2024-11-28T02:37:16.291+0000] {taskinstance.py:1281} INFO - 
--------------------------------------------------------------------------------
[2024-11-28T02:37:16.312+0000] {taskinstance.py:1300} INFO - Executing <Task(TriggerDagRunOperator): tsk2> on 2024-11-28 02:37:08.760454+00:00
[2024-11-28T02:37:16.317+0000] {standard_task_runner.py:55} INFO - Started process 95829 to run task
[2024-11-28T02:37:16.320+0000] {standard_task_runner.py:82} INFO - Running: ['***', 'tasks', 'run', 'dagrundag1', 'tsk2', 'manual__2024-11-28T02:37:08.760454+00:00', '--job-id', '79', '--raw', '--subdir', 'DAGS_FOLDER/dagrundag1.py', '--cfg-path', '/tmp/tmpy5c_raj3']
[2024-11-28T02:37:16.321+0000] {standard_task_runner.py:83} INFO - Job 79: Subtask tsk2
[2024-11-28T02:37:16.391+0000] {task_command.py:388} INFO - Running <TaskInstance: dagrundag1.tsk2 manual__2024-11-28T02:37:08.760454+00:00 [running]> on host 6b6513c1cd28
[2024-11-28T02:37:16.488+0000] {taskinstance.py:1509} INFO - Exporting the following env vars:
AIRFLOW_CTX_DAG_OWNER=***
AIRFLOW_CTX_DAG_ID=dagrundag1
AIRFLOW_CTX_TASK_ID=tsk2
AIRFLOW_CTX_EXECUTION_DATE=2024-11-28T02:37:08.760454+00:00
AIRFLOW_CTX_TRY_NUMBER=1
AIRFLOW_CTX_DAG_RUN_ID=manual__2024-11-28T02:37:08.760454+00:00
[2024-11-28T02:37:16.596+0000] {taskinstance.py:1323} INFO - Marking task as SUCCESS. dag_id=dagrundag1, task_id=tsk2, execution_date=20241128T023708, start_date=20241128T023716, end_date=20241128T023716
[2024-11-28T02:37:16.653+0000] {local_task_job.py:208} INFO - Task exited with return code 0
[2024-11-28T02:37:16.677+0000] {taskinstance.py:2578} INFO - 0 downstream tasks scheduled from follow-on schedule check
