[2024-11-30T21:49:57.837+0000] {taskinstance.py:1083} INFO - Dependencies all met for <TaskInstance: defaultargs.tsk3 manual__2024-11-30T21:49:45.516465+00:00 [queued]>
[2024-11-30T21:49:57.850+0000] {taskinstance.py:1083} INFO - Dependencies all met for <TaskInstance: defaultargs.tsk3 manual__2024-11-30T21:49:45.516465+00:00 [queued]>
[2024-11-30T21:49:57.850+0000] {taskinstance.py:1279} INFO - 
--------------------------------------------------------------------------------
[2024-11-30T21:49:57.850+0000] {taskinstance.py:1280} INFO - Starting attempt 1 of 2
[2024-11-30T21:49:57.850+0000] {taskinstance.py:1281} INFO - 
--------------------------------------------------------------------------------
[2024-11-30T21:49:57.867+0000] {taskinstance.py:1300} INFO - Executing <Task(BashOperator): tsk3> on 2024-11-30 21:49:45.516465+00:00
[2024-11-30T21:49:57.872+0000] {standard_task_runner.py:55} INFO - Started process 76356 to run task
[2024-11-30T21:49:57.875+0000] {standard_task_runner.py:82} INFO - Running: ['***', 'tasks', 'run', 'defaultargs', 'tsk3', 'manual__2024-11-30T21:49:45.516465+00:00', '--job-id', '97', '--raw', '--subdir', 'DAGS_FOLDER/defaultargs.py', '--cfg-path', '/tmp/tmp97lhc9od']
[2024-11-30T21:49:57.876+0000] {standard_task_runner.py:83} INFO - Job 97: Subtask tsk3
[2024-11-30T21:49:57.940+0000] {task_command.py:388} INFO - Running <TaskInstance: defaultargs.tsk3 manual__2024-11-30T21:49:45.516465+00:00 [running]> on host 6b6513c1cd28
[2024-11-30T21:49:58.022+0000] {taskinstance.py:1509} INFO - Exporting the following env vars:
AIRFLOW_CTX_DAG_EMAIL=test@test.com
AIRFLOW_CTX_DAG_OWNER=***
AIRFLOW_CTX_DAG_ID=defaultargs
AIRFLOW_CTX_TASK_ID=tsk3
AIRFLOW_CTX_EXECUTION_DATE=2024-11-30T21:49:45.516465+00:00
AIRFLOW_CTX_TRY_NUMBER=1
AIRFLOW_CTX_DAG_RUN_ID=manual__2024-11-30T21:49:45.516465+00:00
[2024-11-30T21:49:58.023+0000] {subprocess.py:63} INFO - Tmp dir root location: 
 /tmp
[2024-11-30T21:49:58.024+0000] {subprocess.py:75} INFO - Running command: ['/bin/bash', '-c', 'sleep 5']
[2024-11-30T21:49:58.035+0000] {subprocess.py:86} INFO - Output:
[2024-11-30T21:50:03.039+0000] {subprocess.py:97} INFO - Command exited with return code 0
[2024-11-30T21:50:03.072+0000] {taskinstance.py:1323} INFO - Marking task as SUCCESS. dag_id=defaultargs, task_id=tsk3, execution_date=20241130T214945, start_date=20241130T214957, end_date=20241130T215003
[2024-11-30T21:50:03.105+0000] {local_task_job.py:208} INFO - Task exited with return code 0
[2024-11-30T21:50:03.121+0000] {taskinstance.py:2578} INFO - 0 downstream tasks scheduled from follow-on schedule check
