[2024-11-28T02:37:18.077+0000] {taskinstance.py:1083} INFO - Dependencies all met for <TaskInstance: dagrundag2.tsk1 manual__2024-11-28T02:37:16.489399+00:00 [queued]>
[2024-11-28T02:37:18.089+0000] {taskinstance.py:1083} INFO - Dependencies all met for <TaskInstance: dagrundag2.tsk1 manual__2024-11-28T02:37:16.489399+00:00 [queued]>
[2024-11-28T02:37:18.089+0000] {taskinstance.py:1279} INFO - 
--------------------------------------------------------------------------------
[2024-11-28T02:37:18.089+0000] {taskinstance.py:1280} INFO - Starting attempt 1 of 1
[2024-11-28T02:37:18.089+0000] {taskinstance.py:1281} INFO - 
--------------------------------------------------------------------------------
[2024-11-28T02:37:18.109+0000] {taskinstance.py:1300} INFO - Executing <Task(BashOperator): tsk1> on 2024-11-28 02:37:16.489399+00:00
[2024-11-28T02:37:18.113+0000] {standard_task_runner.py:55} INFO - Started process 95851 to run task
[2024-11-28T02:37:18.117+0000] {standard_task_runner.py:82} INFO - Running: ['***', 'tasks', 'run', 'dagrundag2', 'tsk1', 'manual__2024-11-28T02:37:16.489399+00:00', '--job-id', '80', '--raw', '--subdir', 'DAGS_FOLDER/dagrundag2.py', '--cfg-path', '/tmp/tmp_doh8_e4']
[2024-11-28T02:37:18.118+0000] {standard_task_runner.py:83} INFO - Job 80: Subtask tsk1
[2024-11-28T02:37:18.259+0000] {task_command.py:388} INFO - Running <TaskInstance: dagrundag2.tsk1 manual__2024-11-28T02:37:16.489399+00:00 [running]> on host 6b6513c1cd28
[2024-11-28T02:37:18.393+0000] {taskinstance.py:1509} INFO - Exporting the following env vars:
AIRFLOW_CTX_DAG_OWNER=***
AIRFLOW_CTX_DAG_ID=dagrundag2
AIRFLOW_CTX_TASK_ID=tsk1
AIRFLOW_CTX_EXECUTION_DATE=2024-11-28T02:37:16.489399+00:00
AIRFLOW_CTX_TRY_NUMBER=1
AIRFLOW_CTX_DAG_RUN_ID=manual__2024-11-28T02:37:16.489399+00:00
[2024-11-28T02:37:18.395+0000] {subprocess.py:63} INFO - Tmp dir root location: 
 /tmp
[2024-11-28T02:37:18.396+0000] {subprocess.py:75} INFO - Running command: ['/bin/bash', '-c', 'sleep 5']
[2024-11-28T02:37:18.417+0000] {subprocess.py:86} INFO - Output:
[2024-11-28T02:37:23.423+0000] {subprocess.py:97} INFO - Command exited with return code 0
[2024-11-28T02:37:23.483+0000] {taskinstance.py:1323} INFO - Marking task as SUCCESS. dag_id=dagrundag2, task_id=tsk1, execution_date=20241128T023716, start_date=20241128T023718, end_date=20241128T023723
[2024-11-28T02:37:23.536+0000] {local_task_job.py:208} INFO - Task exited with return code 0
[2024-11-28T02:37:23.563+0000] {taskinstance.py:2578} INFO - 1 downstream tasks scheduled from follow-on schedule check
