[2024-11-23T16:44:09.481+0000] {taskinstance.py:1083} INFO - Dependencies all met for <TaskInstance: dagcomplexa.tsk2 manual__2024-11-23T16:44:01.834363+00:00 [queued]>
[2024-11-23T16:44:09.493+0000] {taskinstance.py:1083} INFO - Dependencies all met for <TaskInstance: dagcomplexa.tsk2 manual__2024-11-23T16:44:01.834363+00:00 [queued]>
[2024-11-23T16:44:09.493+0000] {taskinstance.py:1279} INFO - 
--------------------------------------------------------------------------------
[2024-11-23T16:44:09.493+0000] {taskinstance.py:1280} INFO - Starting attempt 1 of 1
[2024-11-23T16:44:09.493+0000] {taskinstance.py:1281} INFO - 
--------------------------------------------------------------------------------
[2024-11-23T16:44:09.512+0000] {taskinstance.py:1300} INFO - Executing <Task(BashOperator): tsk2> on 2024-11-23 16:44:01.834363+00:00
[2024-11-23T16:44:09.517+0000] {standard_task_runner.py:55} INFO - Started process 22480 to run task
[2024-11-23T16:44:09.520+0000] {standard_task_runner.py:82} INFO - Running: ['***', 'tasks', 'run', 'dagcomplexa', 'tsk2', 'manual__2024-11-23T16:44:01.834363+00:00', '--job-id', '50', '--raw', '--subdir', 'DAGS_FOLDER/dagcomplexa.py', '--cfg-path', '/tmp/tmpbatdtlwd']
[2024-11-23T16:44:09.520+0000] {standard_task_runner.py:83} INFO - Job 50: Subtask tsk2
[2024-11-23T16:44:09.586+0000] {task_command.py:388} INFO - Running <TaskInstance: dagcomplexa.tsk2 manual__2024-11-23T16:44:01.834363+00:00 [running]> on host 6b6513c1cd28
[2024-11-23T16:44:09.668+0000] {taskinstance.py:1509} INFO - Exporting the following env vars:
AIRFLOW_CTX_DAG_OWNER=***
AIRFLOW_CTX_DAG_ID=dagcomplexa
AIRFLOW_CTX_TASK_ID=tsk2
AIRFLOW_CTX_EXECUTION_DATE=2024-11-23T16:44:01.834363+00:00
AIRFLOW_CTX_TRY_NUMBER=1
AIRFLOW_CTX_DAG_RUN_ID=manual__2024-11-23T16:44:01.834363+00:00
[2024-11-23T16:44:09.670+0000] {subprocess.py:63} INFO - Tmp dir root location: 
 /tmp
[2024-11-23T16:44:09.670+0000] {subprocess.py:75} INFO - Running command: ['/bin/bash', '-c', 'sleep 5']
[2024-11-23T16:44:09.682+0000] {subprocess.py:86} INFO - Output:
[2024-11-23T16:44:14.687+0000] {subprocess.py:97} INFO - Command exited with return code 0
[2024-11-23T16:44:14.751+0000] {taskinstance.py:1323} INFO - Marking task as SUCCESS. dag_id=dagcomplexa, task_id=tsk2, execution_date=20241123T164401, start_date=20241123T164409, end_date=20241123T164414
[2024-11-23T16:44:14.790+0000] {local_task_job.py:208} INFO - Task exited with return code 0
[2024-11-23T16:44:14.842+0000] {taskinstance.py:2578} INFO - 1 downstream tasks scheduled from follow-on schedule check
