[2024-12-07T06:00:12.842+0000] {taskinstance.py:1083} INFO - Dependencies all met for <TaskInstance: defaultargs.tsk3 scheduled__2024-12-07T05:00:00+00:00 [queued]>
[2024-12-07T06:00:12.853+0000] {taskinstance.py:1083} INFO - Dependencies all met for <TaskInstance: defaultargs.tsk3 scheduled__2024-12-07T05:00:00+00:00 [queued]>
[2024-12-07T06:00:12.853+0000] {taskinstance.py:1279} INFO - 
--------------------------------------------------------------------------------
[2024-12-07T06:00:12.853+0000] {taskinstance.py:1280} INFO - Starting attempt 1 of 2
[2024-12-07T06:00:12.853+0000] {taskinstance.py:1281} INFO - 
--------------------------------------------------------------------------------
[2024-12-07T06:00:12.867+0000] {taskinstance.py:1300} INFO - Executing <Task(BashOperator): tsk3> on 2024-12-07 05:00:00+00:00
[2024-12-07T06:00:12.873+0000] {standard_task_runner.py:55} INFO - Started process 108905 to run task
[2024-12-07T06:00:12.876+0000] {standard_task_runner.py:82} INFO - Running: ['***', 'tasks', 'run', 'defaultargs', 'tsk3', 'scheduled__2024-12-07T05:00:00+00:00', '--job-id', '509', '--raw', '--subdir', 'DAGS_FOLDER/defaultargs.py', '--cfg-path', '/tmp/tmph32uxpoe']
[2024-12-07T06:00:12.877+0000] {standard_task_runner.py:83} INFO - Job 509: Subtask tsk3
[2024-12-07T06:00:12.947+0000] {task_command.py:388} INFO - Running <TaskInstance: defaultargs.tsk3 scheduled__2024-12-07T05:00:00+00:00 [running]> on host d5758c87d718
[2024-12-07T06:00:13.036+0000] {taskinstance.py:1509} INFO - Exporting the following env vars:
AIRFLOW_CTX_DAG_EMAIL=test@test.com
AIRFLOW_CTX_DAG_OWNER=***
AIRFLOW_CTX_DAG_ID=defaultargs
AIRFLOW_CTX_TASK_ID=tsk3
AIRFLOW_CTX_EXECUTION_DATE=2024-12-07T05:00:00+00:00
AIRFLOW_CTX_TRY_NUMBER=1
AIRFLOW_CTX_DAG_RUN_ID=scheduled__2024-12-07T05:00:00+00:00
[2024-12-07T06:00:13.037+0000] {subprocess.py:63} INFO - Tmp dir root location: 
 /tmp
[2024-12-07T06:00:13.037+0000] {subprocess.py:75} INFO - Running command: ['/bin/bash', '-c', 'sleep 5']
[2024-12-07T06:00:13.049+0000] {subprocess.py:86} INFO - Output:
[2024-12-07T06:00:18.054+0000] {subprocess.py:97} INFO - Command exited with return code 0
[2024-12-07T06:00:18.096+0000] {taskinstance.py:1323} INFO - Marking task as SUCCESS. dag_id=defaultargs, task_id=tsk3, execution_date=20241207T050000, start_date=20241207T060012, end_date=20241207T060018
[2024-12-07T06:00:18.124+0000] {local_task_job.py:208} INFO - Task exited with return code 0
[2024-12-07T06:00:18.145+0000] {taskinstance.py:2578} INFO - 0 downstream tasks scheduled from follow-on schedule check
