[2024-12-05T17:00:13.419+0000] {taskinstance.py:1083} INFO - Dependencies all met for <TaskInstance: defaultargs.tsk3 scheduled__2024-12-05T16:00:00+00:00 [queued]>
[2024-12-05T17:00:13.431+0000] {taskinstance.py:1083} INFO - Dependencies all met for <TaskInstance: defaultargs.tsk3 scheduled__2024-12-05T16:00:00+00:00 [queued]>
[2024-12-05T17:00:13.431+0000] {taskinstance.py:1279} INFO - 
--------------------------------------------------------------------------------
[2024-12-05T17:00:13.431+0000] {taskinstance.py:1280} INFO - Starting attempt 1 of 2
[2024-12-05T17:00:13.431+0000] {taskinstance.py:1281} INFO - 
--------------------------------------------------------------------------------
[2024-12-05T17:00:13.446+0000] {taskinstance.py:1300} INFO - Executing <Task(BashOperator): tsk3> on 2024-12-05 16:00:00+00:00
[2024-12-05T17:00:13.449+0000] {standard_task_runner.py:55} INFO - Started process 47938 to run task
[2024-12-05T17:00:13.452+0000] {standard_task_runner.py:82} INFO - Running: ['***', 'tasks', 'run', 'defaultargs', 'tsk3', 'scheduled__2024-12-05T16:00:00+00:00', '--job-id', '435', '--raw', '--subdir', 'DAGS_FOLDER/defaultargs.py', '--cfg-path', '/tmp/tmpc6d36jh4']
[2024-12-05T17:00:13.453+0000] {standard_task_runner.py:83} INFO - Job 435: Subtask tsk3
[2024-12-05T17:00:13.528+0000] {task_command.py:388} INFO - Running <TaskInstance: defaultargs.tsk3 scheduled__2024-12-05T16:00:00+00:00 [running]> on host d5758c87d718
[2024-12-05T17:00:13.620+0000] {taskinstance.py:1509} INFO - Exporting the following env vars:
AIRFLOW_CTX_DAG_EMAIL=test@test.com
AIRFLOW_CTX_DAG_OWNER=***
AIRFLOW_CTX_DAG_ID=defaultargs
AIRFLOW_CTX_TASK_ID=tsk3
AIRFLOW_CTX_EXECUTION_DATE=2024-12-05T16:00:00+00:00
AIRFLOW_CTX_TRY_NUMBER=1
AIRFLOW_CTX_DAG_RUN_ID=scheduled__2024-12-05T16:00:00+00:00
[2024-12-05T17:00:13.621+0000] {subprocess.py:63} INFO - Tmp dir root location: 
 /tmp
[2024-12-05T17:00:13.622+0000] {subprocess.py:75} INFO - Running command: ['/bin/bash', '-c', 'sleep 5']
[2024-12-05T17:00:13.636+0000] {subprocess.py:86} INFO - Output:
[2024-12-05T17:00:18.640+0000] {subprocess.py:97} INFO - Command exited with return code 0
[2024-12-05T17:00:18.670+0000] {taskinstance.py:1323} INFO - Marking task as SUCCESS. dag_id=defaultargs, task_id=tsk3, execution_date=20241205T160000, start_date=20241205T170013, end_date=20241205T170018
[2024-12-05T17:00:18.723+0000] {local_task_job.py:208} INFO - Task exited with return code 0
[2024-12-05T17:00:18.740+0000] {taskinstance.py:2578} INFO - 0 downstream tasks scheduled from follow-on schedule check
