[2024-12-05T15:00:13.305+0000] {taskinstance.py:1083} INFO - Dependencies all met for <TaskInstance: defaultargs.tsk3 scheduled__2024-12-05T14:00:00+00:00 [queued]>
[2024-12-05T15:00:13.317+0000] {taskinstance.py:1083} INFO - Dependencies all met for <TaskInstance: defaultargs.tsk3 scheduled__2024-12-05T14:00:00+00:00 [queued]>
[2024-12-05T15:00:13.317+0000] {taskinstance.py:1279} INFO - 
--------------------------------------------------------------------------------
[2024-12-05T15:00:13.317+0000] {taskinstance.py:1280} INFO - Starting attempt 1 of 2
[2024-12-05T15:00:13.317+0000] {taskinstance.py:1281} INFO - 
--------------------------------------------------------------------------------
[2024-12-05T15:00:13.334+0000] {taskinstance.py:1300} INFO - Executing <Task(BashOperator): tsk3> on 2024-12-05 14:00:00+00:00
[2024-12-05T15:00:13.339+0000] {standard_task_runner.py:55} INFO - Started process 35426 to run task
[2024-12-05T15:00:13.342+0000] {standard_task_runner.py:82} INFO - Running: ['***', 'tasks', 'run', 'defaultargs', 'tsk3', 'scheduled__2024-12-05T14:00:00+00:00', '--job-id', '429', '--raw', '--subdir', 'DAGS_FOLDER/defaultargs.py', '--cfg-path', '/tmp/tmpylu00jta']
[2024-12-05T15:00:13.343+0000] {standard_task_runner.py:83} INFO - Job 429: Subtask tsk3
[2024-12-05T15:00:13.414+0000] {task_command.py:388} INFO - Running <TaskInstance: defaultargs.tsk3 scheduled__2024-12-05T14:00:00+00:00 [running]> on host d5758c87d718
[2024-12-05T15:00:13.499+0000] {taskinstance.py:1509} INFO - Exporting the following env vars:
AIRFLOW_CTX_DAG_EMAIL=test@test.com
AIRFLOW_CTX_DAG_OWNER=***
AIRFLOW_CTX_DAG_ID=defaultargs
AIRFLOW_CTX_TASK_ID=tsk3
AIRFLOW_CTX_EXECUTION_DATE=2024-12-05T14:00:00+00:00
AIRFLOW_CTX_TRY_NUMBER=1
AIRFLOW_CTX_DAG_RUN_ID=scheduled__2024-12-05T14:00:00+00:00
[2024-12-05T15:00:13.500+0000] {subprocess.py:63} INFO - Tmp dir root location: 
 /tmp
[2024-12-05T15:00:13.500+0000] {subprocess.py:75} INFO - Running command: ['/bin/bash', '-c', 'sleep 5']
[2024-12-05T15:00:13.512+0000] {subprocess.py:86} INFO - Output:
[2024-12-05T15:00:18.516+0000] {subprocess.py:97} INFO - Command exited with return code 0
[2024-12-05T15:00:18.553+0000] {taskinstance.py:1323} INFO - Marking task as SUCCESS. dag_id=defaultargs, task_id=tsk3, execution_date=20241205T140000, start_date=20241205T150013, end_date=20241205T150018
[2024-12-05T15:00:18.610+0000] {local_task_job.py:208} INFO - Task exited with return code 0
[2024-12-05T15:00:18.633+0000] {taskinstance.py:2578} INFO - 0 downstream tasks scheduled from follow-on schedule check
