[2024-12-03T22:00:00.754+0000] {taskinstance.py:1083} INFO - Dependencies all met for <TaskInstance: defaultargs.tsk1 scheduled__2024-12-03T21:00:00+00:00 [queued]>
[2024-12-03T22:00:00.764+0000] {taskinstance.py:1083} INFO - Dependencies all met for <TaskInstance: defaultargs.tsk1 scheduled__2024-12-03T21:00:00+00:00 [queued]>
[2024-12-03T22:00:00.764+0000] {taskinstance.py:1279} INFO - 
--------------------------------------------------------------------------------
[2024-12-03T22:00:00.764+0000] {taskinstance.py:1280} INFO - Starting attempt 1 of 4
[2024-12-03T22:00:00.764+0000] {taskinstance.py:1281} INFO - 
--------------------------------------------------------------------------------
[2024-12-03T22:00:00.780+0000] {taskinstance.py:1300} INFO - Executing <Task(BashOperator): tsk1> on 2024-12-03 21:00:00+00:00
[2024-12-03T22:00:00.786+0000] {standard_task_runner.py:55} INFO - Started process 68247 to run task
[2024-12-03T22:00:00.788+0000] {standard_task_runner.py:82} INFO - Running: ['***', 'tasks', 'run', 'defaultargs', 'tsk1', 'scheduled__2024-12-03T21:00:00+00:00', '--job-id', '345', '--raw', '--subdir', 'DAGS_FOLDER/defaultargs.py', '--cfg-path', '/tmp/tmpl3xfo2g2']
[2024-12-03T22:00:00.788+0000] {standard_task_runner.py:83} INFO - Job 345: Subtask tsk1
[2024-12-03T22:00:00.852+0000] {task_command.py:388} INFO - Running <TaskInstance: defaultargs.tsk1 scheduled__2024-12-03T21:00:00+00:00 [running]> on host d5758c87d718
[2024-12-03T22:00:00.932+0000] {taskinstance.py:1509} INFO - Exporting the following env vars:
AIRFLOW_CTX_DAG_EMAIL=test@test.com
AIRFLOW_CTX_DAG_OWNER=***
AIRFLOW_CTX_DAG_ID=defaultargs
AIRFLOW_CTX_TASK_ID=tsk1
AIRFLOW_CTX_EXECUTION_DATE=2024-12-03T21:00:00+00:00
AIRFLOW_CTX_TRY_NUMBER=1
AIRFLOW_CTX_DAG_RUN_ID=scheduled__2024-12-03T21:00:00+00:00
[2024-12-03T22:00:00.933+0000] {subprocess.py:63} INFO - Tmp dir root location: 
 /tmp
[2024-12-03T22:00:00.933+0000] {subprocess.py:75} INFO - Running command: ['/bin/bash', '-c', 'sleep 5']
[2024-12-03T22:00:00.943+0000] {subprocess.py:86} INFO - Output:
[2024-12-03T22:00:05.947+0000] {subprocess.py:97} INFO - Command exited with return code 0
[2024-12-03T22:00:05.989+0000] {taskinstance.py:1323} INFO - Marking task as SUCCESS. dag_id=defaultargs, task_id=tsk1, execution_date=20241203T210000, start_date=20241203T220000, end_date=20241203T220005
[2024-12-03T22:00:06.039+0000] {local_task_job.py:208} INFO - Task exited with return code 0
[2024-12-03T22:00:06.066+0000] {taskinstance.py:2578} INFO - 1 downstream tasks scheduled from follow-on schedule check
