[2024-11-23T16:02:41.054+0000] {taskinstance.py:1083} INFO - Dependencies all met for <TaskInstance: terceira_dag.tsk3 manual__2024-11-23T16:02:33.712955+00:00 [queued]>
[2024-11-23T16:02:41.061+0000] {taskinstance.py:1083} INFO - Dependencies all met for <TaskInstance: terceira_dag.tsk3 manual__2024-11-23T16:02:33.712955+00:00 [queued]>
[2024-11-23T16:02:41.062+0000] {taskinstance.py:1279} INFO - 
--------------------------------------------------------------------------------
[2024-11-23T16:02:41.062+0000] {taskinstance.py:1280} INFO - Starting attempt 1 of 1
[2024-11-23T16:02:41.062+0000] {taskinstance.py:1281} INFO - 
--------------------------------------------------------------------------------
[2024-11-23T16:02:41.073+0000] {taskinstance.py:1300} INFO - Executing <Task(BashOperator): tsk3> on 2024-11-23 16:02:33.712955+00:00
[2024-11-23T16:02:41.077+0000] {standard_task_runner.py:55} INFO - Started process 18119 to run task
[2024-11-23T16:02:41.081+0000] {standard_task_runner.py:82} INFO - Running: ['***', 'tasks', 'run', 'terceira_dag', 'tsk3', 'manual__2024-11-23T16:02:33.712955+00:00', '--job-id', '36', '--raw', '--subdir', 'DAGS_FOLDER/terceiradag.py', '--cfg-path', '/tmp/tmpmjjgqe0_']
[2024-11-23T16:02:41.082+0000] {standard_task_runner.py:83} INFO - Job 36: Subtask tsk3
[2024-11-23T16:02:41.171+0000] {task_command.py:388} INFO - Running <TaskInstance: terceira_dag.tsk3 manual__2024-11-23T16:02:33.712955+00:00 [running]> on host 6b6513c1cd28
[2024-11-23T16:02:41.258+0000] {taskinstance.py:1509} INFO - Exporting the following env vars:
AIRFLOW_CTX_DAG_OWNER=***
AIRFLOW_CTX_DAG_ID=terceira_dag
AIRFLOW_CTX_TASK_ID=tsk3
AIRFLOW_CTX_EXECUTION_DATE=2024-11-23T16:02:33.712955+00:00
AIRFLOW_CTX_TRY_NUMBER=1
AIRFLOW_CTX_DAG_RUN_ID=manual__2024-11-23T16:02:33.712955+00:00
[2024-11-23T16:02:41.260+0000] {subprocess.py:63} INFO - Tmp dir root location: 
 /tmp
[2024-11-23T16:02:41.261+0000] {subprocess.py:75} INFO - Running command: ['/bin/bash', '-c', 'sleep 5']
[2024-11-23T16:02:41.278+0000] {subprocess.py:86} INFO - Output:
[2024-11-23T16:02:46.284+0000] {subprocess.py:97} INFO - Command exited with return code 0
[2024-11-23T16:02:46.342+0000] {taskinstance.py:1323} INFO - Marking task as SUCCESS. dag_id=terceira_dag, task_id=tsk3, execution_date=20241123T160233, start_date=20241123T160241, end_date=20241123T160246
[2024-11-23T16:02:46.389+0000] {local_task_job.py:208} INFO - Task exited with return code 0
[2024-11-23T16:02:46.423+0000] {taskinstance.py:2578} INFO - 0 downstream tasks scheduled from follow-on schedule check
