[2024-12-05T17:00:07.233+0000] {taskinstance.py:1083} INFO - Dependencies all met for <TaskInstance: defaultargs.tsk2 scheduled__2024-12-05T16:00:00+00:00 [queued]>
[2024-12-05T17:00:07.243+0000] {taskinstance.py:1083} INFO - Dependencies all met for <TaskInstance: defaultargs.tsk2 scheduled__2024-12-05T16:00:00+00:00 [queued]>
[2024-12-05T17:00:07.243+0000] {taskinstance.py:1279} INFO - 
--------------------------------------------------------------------------------
[2024-12-05T17:00:07.243+0000] {taskinstance.py:1280} INFO - Starting attempt 1 of 2
[2024-12-05T17:00:07.243+0000] {taskinstance.py:1281} INFO - 
--------------------------------------------------------------------------------
[2024-12-05T17:00:07.260+0000] {taskinstance.py:1300} INFO - Executing <Task(BashOperator): tsk2> on 2024-12-05 16:00:00+00:00
[2024-12-05T17:00:07.265+0000] {standard_task_runner.py:55} INFO - Started process 47935 to run task
[2024-12-05T17:00:07.268+0000] {standard_task_runner.py:82} INFO - Running: ['***', 'tasks', 'run', 'defaultargs', 'tsk2', 'scheduled__2024-12-05T16:00:00+00:00', '--job-id', '434', '--raw', '--subdir', 'DAGS_FOLDER/defaultargs.py', '--cfg-path', '/tmp/tmpfxji0ngh']
[2024-12-05T17:00:07.268+0000] {standard_task_runner.py:83} INFO - Job 434: Subtask tsk2
[2024-12-05T17:00:07.339+0000] {task_command.py:388} INFO - Running <TaskInstance: defaultargs.tsk2 scheduled__2024-12-05T16:00:00+00:00 [running]> on host d5758c87d718
[2024-12-05T17:00:07.420+0000] {taskinstance.py:1509} INFO - Exporting the following env vars:
AIRFLOW_CTX_DAG_EMAIL=test@test.com
AIRFLOW_CTX_DAG_OWNER=***
AIRFLOW_CTX_DAG_ID=defaultargs
AIRFLOW_CTX_TASK_ID=tsk2
AIRFLOW_CTX_EXECUTION_DATE=2024-12-05T16:00:00+00:00
AIRFLOW_CTX_TRY_NUMBER=1
AIRFLOW_CTX_DAG_RUN_ID=scheduled__2024-12-05T16:00:00+00:00
[2024-12-05T17:00:07.421+0000] {subprocess.py:63} INFO - Tmp dir root location: 
 /tmp
[2024-12-05T17:00:07.422+0000] {subprocess.py:75} INFO - Running command: ['/bin/bash', '-c', 'sleep 5']
[2024-12-05T17:00:07.433+0000] {subprocess.py:86} INFO - Output:
[2024-12-05T17:00:12.437+0000] {subprocess.py:97} INFO - Command exited with return code 0
[2024-12-05T17:00:12.466+0000] {taskinstance.py:1323} INFO - Marking task as SUCCESS. dag_id=defaultargs, task_id=tsk2, execution_date=20241205T160000, start_date=20241205T170007, end_date=20241205T170012
[2024-12-05T17:00:12.514+0000] {local_task_job.py:208} INFO - Task exited with return code 0
[2024-12-05T17:00:12.542+0000] {taskinstance.py:2578} INFO - 1 downstream tasks scheduled from follow-on schedule check
