[2024-12-10T10:37:40.872+0000] {taskinstance.py:1083} INFO - Dependencies all met for <TaskInstance: defaultargs.tsk3 scheduled__2024-12-10T00:00:00+00:00 [queued]>
[2024-12-10T10:37:40.878+0000] {taskinstance.py:1083} INFO - Dependencies all met for <TaskInstance: defaultargs.tsk3 scheduled__2024-12-10T00:00:00+00:00 [queued]>
[2024-12-10T10:37:40.879+0000] {taskinstance.py:1279} INFO - 
--------------------------------------------------------------------------------
[2024-12-10T10:37:40.879+0000] {taskinstance.py:1280} INFO - Starting attempt 1 of 2
[2024-12-10T10:37:40.879+0000] {taskinstance.py:1281} INFO - 
--------------------------------------------------------------------------------
[2024-12-10T10:37:40.889+0000] {taskinstance.py:1300} INFO - Executing <Task(BashOperator): tsk3> on 2024-12-10 00:00:00+00:00
[2024-12-10T10:37:40.895+0000] {standard_task_runner.py:55} INFO - Started process 93 to run task
[2024-12-10T10:37:40.897+0000] {standard_task_runner.py:82} INFO - Running: ['***', 'tasks', 'run', 'defaultargs', 'tsk3', 'scheduled__2024-12-10T00:00:00+00:00', '--job-id', '602', '--raw', '--subdir', 'DAGS_FOLDER/defaultargs.py', '--cfg-path', '/tmp/tmpmcez0_2_']
[2024-12-10T10:37:40.898+0000] {standard_task_runner.py:83} INFO - Job 602: Subtask tsk3
[2024-12-10T10:37:40.961+0000] {task_command.py:388} INFO - Running <TaskInstance: defaultargs.tsk3 scheduled__2024-12-10T00:00:00+00:00 [running]> on host d5758c87d718
[2024-12-10T10:37:41.034+0000] {taskinstance.py:1509} INFO - Exporting the following env vars:
AIRFLOW_CTX_DAG_EMAIL=test@test.com
AIRFLOW_CTX_DAG_OWNER=***
AIRFLOW_CTX_DAG_ID=defaultargs
AIRFLOW_CTX_TASK_ID=tsk3
AIRFLOW_CTX_EXECUTION_DATE=2024-12-10T00:00:00+00:00
AIRFLOW_CTX_TRY_NUMBER=1
AIRFLOW_CTX_DAG_RUN_ID=scheduled__2024-12-10T00:00:00+00:00
[2024-12-10T10:37:41.035+0000] {subprocess.py:63} INFO - Tmp dir root location: 
 /tmp
[2024-12-10T10:37:41.036+0000] {subprocess.py:75} INFO - Running command: ['/bin/bash', '-c', 'sleep 5']
[2024-12-10T10:37:41.052+0000] {subprocess.py:86} INFO - Output:
[2024-12-10T10:37:46.056+0000] {subprocess.py:97} INFO - Command exited with return code 0
[2024-12-10T10:37:46.092+0000] {taskinstance.py:1323} INFO - Marking task as SUCCESS. dag_id=defaultargs, task_id=tsk3, execution_date=20241210T000000, start_date=20241210T103740, end_date=20241210T103746
[2024-12-10T10:37:46.127+0000] {local_task_job.py:208} INFO - Task exited with return code 0
[2024-12-10T10:37:46.150+0000] {taskinstance.py:2578} INFO - 0 downstream tasks scheduled from follow-on schedule check
