[2024-12-05T21:00:00.854+0000] {taskinstance.py:1083} INFO - Dependencies all met for <TaskInstance: defaultargs.tsk1 scheduled__2024-12-05T20:00:00+00:00 [queued]>
[2024-12-05T21:00:00.864+0000] {taskinstance.py:1083} INFO - Dependencies all met for <TaskInstance: defaultargs.tsk1 scheduled__2024-12-05T20:00:00+00:00 [queued]>
[2024-12-05T21:00:00.864+0000] {taskinstance.py:1279} INFO - 
--------------------------------------------------------------------------------
[2024-12-05T21:00:00.864+0000] {taskinstance.py:1280} INFO - Starting attempt 1 of 4
[2024-12-05T21:00:00.864+0000] {taskinstance.py:1281} INFO - 
--------------------------------------------------------------------------------
[2024-12-05T21:00:00.880+0000] {taskinstance.py:1300} INFO - Executing <Task(BashOperator): tsk1> on 2024-12-05 20:00:00+00:00
[2024-12-05T21:00:00.885+0000] {standard_task_runner.py:55} INFO - Started process 72009 to run task
[2024-12-05T21:00:00.888+0000] {standard_task_runner.py:82} INFO - Running: ['***', 'tasks', 'run', 'defaultargs', 'tsk1', 'scheduled__2024-12-05T20:00:00+00:00', '--job-id', '445', '--raw', '--subdir', 'DAGS_FOLDER/defaultargs.py', '--cfg-path', '/tmp/tmp7r1lhtrp']
[2024-12-05T21:00:00.889+0000] {standard_task_runner.py:83} INFO - Job 445: Subtask tsk1
[2024-12-05T21:00:00.955+0000] {task_command.py:388} INFO - Running <TaskInstance: defaultargs.tsk1 scheduled__2024-12-05T20:00:00+00:00 [running]> on host d5758c87d718
[2024-12-05T21:00:01.036+0000] {taskinstance.py:1509} INFO - Exporting the following env vars:
AIRFLOW_CTX_DAG_EMAIL=test@test.com
AIRFLOW_CTX_DAG_OWNER=***
AIRFLOW_CTX_DAG_ID=defaultargs
AIRFLOW_CTX_TASK_ID=tsk1
AIRFLOW_CTX_EXECUTION_DATE=2024-12-05T20:00:00+00:00
AIRFLOW_CTX_TRY_NUMBER=1
AIRFLOW_CTX_DAG_RUN_ID=scheduled__2024-12-05T20:00:00+00:00
[2024-12-05T21:00:01.037+0000] {subprocess.py:63} INFO - Tmp dir root location: 
 /tmp
[2024-12-05T21:00:01.037+0000] {subprocess.py:75} INFO - Running command: ['/bin/bash', '-c', 'sleep 5']
[2024-12-05T21:00:01.048+0000] {subprocess.py:86} INFO - Output:
[2024-12-05T21:00:06.053+0000] {subprocess.py:97} INFO - Command exited with return code 0
[2024-12-05T21:00:06.094+0000] {taskinstance.py:1323} INFO - Marking task as SUCCESS. dag_id=defaultargs, task_id=tsk1, execution_date=20241205T200000, start_date=20241205T210000, end_date=20241205T210006
[2024-12-05T21:00:06.139+0000] {local_task_job.py:208} INFO - Task exited with return code 0
[2024-12-05T21:00:06.166+0000] {taskinstance.py:2578} INFO - 0 downstream tasks scheduled from follow-on schedule check
