[2024-12-10T13:00:01.110+0000] {taskinstance.py:1083} INFO - Dependencies all met for <TaskInstance: defaultargs.tsk1 scheduled__2024-12-10T12:00:00+00:00 [queued]>
[2024-12-10T13:00:01.121+0000] {taskinstance.py:1083} INFO - Dependencies all met for <TaskInstance: defaultargs.tsk1 scheduled__2024-12-10T12:00:00+00:00 [queued]>
[2024-12-10T13:00:01.121+0000] {taskinstance.py:1279} INFO - 
--------------------------------------------------------------------------------
[2024-12-10T13:00:01.121+0000] {taskinstance.py:1280} INFO - Starting attempt 1 of 4
[2024-12-10T13:00:01.121+0000] {taskinstance.py:1281} INFO - 
--------------------------------------------------------------------------------
[2024-12-10T13:00:01.139+0000] {taskinstance.py:1300} INFO - Executing <Task(BashOperator): tsk1> on 2024-12-10 12:00:00+00:00
[2024-12-10T13:00:01.145+0000] {standard_task_runner.py:55} INFO - Started process 14675 to run task
[2024-12-10T13:00:01.147+0000] {standard_task_runner.py:82} INFO - Running: ['***', 'tasks', 'run', 'defaultargs', 'tsk1', 'scheduled__2024-12-10T12:00:00+00:00', '--job-id', '610', '--raw', '--subdir', 'DAGS_FOLDER/defaultargs.py', '--cfg-path', '/tmp/tmp6sg_l9kk']
[2024-12-10T13:00:01.147+0000] {standard_task_runner.py:83} INFO - Job 610: Subtask tsk1
[2024-12-10T13:00:01.218+0000] {task_command.py:388} INFO - Running <TaskInstance: defaultargs.tsk1 scheduled__2024-12-10T12:00:00+00:00 [running]> on host d5758c87d718
[2024-12-10T13:00:01.301+0000] {taskinstance.py:1509} INFO - Exporting the following env vars:
AIRFLOW_CTX_DAG_EMAIL=test@test.com
AIRFLOW_CTX_DAG_OWNER=***
AIRFLOW_CTX_DAG_ID=defaultargs
AIRFLOW_CTX_TASK_ID=tsk1
AIRFLOW_CTX_EXECUTION_DATE=2024-12-10T12:00:00+00:00
AIRFLOW_CTX_TRY_NUMBER=1
AIRFLOW_CTX_DAG_RUN_ID=scheduled__2024-12-10T12:00:00+00:00
[2024-12-10T13:00:01.302+0000] {subprocess.py:63} INFO - Tmp dir root location: 
 /tmp
[2024-12-10T13:00:01.302+0000] {subprocess.py:75} INFO - Running command: ['/bin/bash', '-c', 'sleep 5']
[2024-12-10T13:00:01.314+0000] {subprocess.py:86} INFO - Output:
[2024-12-10T13:00:06.317+0000] {subprocess.py:97} INFO - Command exited with return code 0
[2024-12-10T13:00:06.346+0000] {taskinstance.py:1323} INFO - Marking task as SUCCESS. dag_id=defaultargs, task_id=tsk1, execution_date=20241210T120000, start_date=20241210T130001, end_date=20241210T130006
[2024-12-10T13:00:06.381+0000] {local_task_job.py:208} INFO - Task exited with return code 0
[2024-12-10T13:00:06.439+0000] {taskinstance.py:2578} INFO - 1 downstream tasks scheduled from follow-on schedule check
