[2024-12-04T00:00:00.614+0000] {taskinstance.py:1083} INFO - Dependencies all met for <TaskInstance: defaultargs.tsk1 scheduled__2024-12-03T23:00:00+00:00 [queued]>
[2024-12-04T00:00:00.625+0000] {taskinstance.py:1083} INFO - Dependencies all met for <TaskInstance: defaultargs.tsk1 scheduled__2024-12-03T23:00:00+00:00 [queued]>
[2024-12-04T00:00:00.626+0000] {taskinstance.py:1279} INFO - 
--------------------------------------------------------------------------------
[2024-12-04T00:00:00.626+0000] {taskinstance.py:1280} INFO - Starting attempt 1 of 4
[2024-12-04T00:00:00.626+0000] {taskinstance.py:1281} INFO - 
--------------------------------------------------------------------------------
[2024-12-04T00:00:00.643+0000] {taskinstance.py:1300} INFO - Executing <Task(BashOperator): tsk1> on 2024-12-03 23:00:00+00:00
[2024-12-04T00:00:00.649+0000] {standard_task_runner.py:55} INFO - Started process 80892 to run task
[2024-12-04T00:00:00.652+0000] {standard_task_runner.py:82} INFO - Running: ['***', 'tasks', 'run', 'defaultargs', 'tsk1', 'scheduled__2024-12-03T23:00:00+00:00', '--job-id', '351', '--raw', '--subdir', 'DAGS_FOLDER/defaultargs.py', '--cfg-path', '/tmp/tmprw91d20_']
[2024-12-04T00:00:00.652+0000] {standard_task_runner.py:83} INFO - Job 351: Subtask tsk1
[2024-12-04T00:00:00.724+0000] {task_command.py:388} INFO - Running <TaskInstance: defaultargs.tsk1 scheduled__2024-12-03T23:00:00+00:00 [running]> on host d5758c87d718
[2024-12-04T00:00:00.809+0000] {taskinstance.py:1509} INFO - Exporting the following env vars:
AIRFLOW_CTX_DAG_EMAIL=test@test.com
AIRFLOW_CTX_DAG_OWNER=***
AIRFLOW_CTX_DAG_ID=defaultargs
AIRFLOW_CTX_TASK_ID=tsk1
AIRFLOW_CTX_EXECUTION_DATE=2024-12-03T23:00:00+00:00
AIRFLOW_CTX_TRY_NUMBER=1
AIRFLOW_CTX_DAG_RUN_ID=scheduled__2024-12-03T23:00:00+00:00
[2024-12-04T00:00:00.810+0000] {subprocess.py:63} INFO - Tmp dir root location: 
 /tmp
[2024-12-04T00:00:00.811+0000] {subprocess.py:75} INFO - Running command: ['/bin/bash', '-c', 'sleep 5']
[2024-12-04T00:00:00.826+0000] {subprocess.py:86} INFO - Output:
[2024-12-04T00:00:05.831+0000] {subprocess.py:97} INFO - Command exited with return code 0
[2024-12-04T00:00:05.873+0000] {taskinstance.py:1323} INFO - Marking task as SUCCESS. dag_id=defaultargs, task_id=tsk1, execution_date=20241203T230000, start_date=20241204T000000, end_date=20241204T000005
[2024-12-04T00:00:05.906+0000] {local_task_job.py:208} INFO - Task exited with return code 0
[2024-12-04T00:00:05.944+0000] {taskinstance.py:2578} INFO - 1 downstream tasks scheduled from follow-on schedule check
