[2024-12-02T20:00:12.717+0000] {taskinstance.py:1083} INFO - Dependencies all met for <TaskInstance: defaultargs.tsk3 scheduled__2024-12-02T19:00:00+00:00 [queued]>
[2024-12-02T20:00:12.733+0000] {taskinstance.py:1083} INFO - Dependencies all met for <TaskInstance: defaultargs.tsk3 scheduled__2024-12-02T19:00:00+00:00 [queued]>
[2024-12-02T20:00:12.733+0000] {taskinstance.py:1279} INFO - 
--------------------------------------------------------------------------------
[2024-12-02T20:00:12.733+0000] {taskinstance.py:1280} INFO - Starting attempt 1 of 2
[2024-12-02T20:00:12.734+0000] {taskinstance.py:1281} INFO - 
--------------------------------------------------------------------------------
[2024-12-02T20:00:12.758+0000] {taskinstance.py:1300} INFO - Executing <Task(BashOperator): tsk3> on 2024-12-02 19:00:00+00:00
[2024-12-02T20:00:12.767+0000] {standard_task_runner.py:55} INFO - Started process 54132 to run task
[2024-12-02T20:00:12.773+0000] {standard_task_runner.py:82} INFO - Running: ['***', 'tasks', 'run', 'defaultargs', 'tsk3', 'scheduled__2024-12-02T19:00:00+00:00', '--job-id', '291', '--raw', '--subdir', 'DAGS_FOLDER/defaultargs.py', '--cfg-path', '/tmp/tmpz7cwimcf']
[2024-12-02T20:00:12.774+0000] {standard_task_runner.py:83} INFO - Job 291: Subtask tsk3
[2024-12-02T20:00:12.880+0000] {task_command.py:388} INFO - Running <TaskInstance: defaultargs.tsk3 scheduled__2024-12-02T19:00:00+00:00 [running]> on host d5758c87d718
[2024-12-02T20:00:12.999+0000] {taskinstance.py:1509} INFO - Exporting the following env vars:
AIRFLOW_CTX_DAG_EMAIL=test@test.com
AIRFLOW_CTX_DAG_OWNER=***
AIRFLOW_CTX_DAG_ID=defaultargs
AIRFLOW_CTX_TASK_ID=tsk3
AIRFLOW_CTX_EXECUTION_DATE=2024-12-02T19:00:00+00:00
AIRFLOW_CTX_TRY_NUMBER=1
AIRFLOW_CTX_DAG_RUN_ID=scheduled__2024-12-02T19:00:00+00:00
[2024-12-02T20:00:13.000+0000] {subprocess.py:63} INFO - Tmp dir root location: 
 /tmp
[2024-12-02T20:00:13.001+0000] {subprocess.py:75} INFO - Running command: ['/bin/bash', '-c', 'sleep 5']
[2024-12-02T20:00:13.020+0000] {subprocess.py:86} INFO - Output:
[2024-12-02T20:00:18.026+0000] {subprocess.py:97} INFO - Command exited with return code 0
[2024-12-02T20:00:18.059+0000] {taskinstance.py:1323} INFO - Marking task as SUCCESS. dag_id=defaultargs, task_id=tsk3, execution_date=20241202T190000, start_date=20241202T200012, end_date=20241202T200018
[2024-12-02T20:00:18.119+0000] {local_task_job.py:208} INFO - Task exited with return code 0
[2024-12-02T20:00:18.139+0000] {taskinstance.py:2578} INFO - 0 downstream tasks scheduled from follow-on schedule check
