[2024-11-28T02:38:27.712+0000] {taskinstance.py:1083} INFO - Dependencies all met for <TaskInstance: dagrundag1.tsk2 manual__2024-11-28T02:38:20.419382+00:00 [queued]>
[2024-11-28T02:38:27.726+0000] {taskinstance.py:1083} INFO - Dependencies all met for <TaskInstance: dagrundag1.tsk2 manual__2024-11-28T02:38:20.419382+00:00 [queued]>
[2024-11-28T02:38:27.726+0000] {taskinstance.py:1279} INFO - 
--------------------------------------------------------------------------------
[2024-11-28T02:38:27.727+0000] {taskinstance.py:1280} INFO - Starting attempt 1 of 1
[2024-11-28T02:38:27.727+0000] {taskinstance.py:1281} INFO - 
--------------------------------------------------------------------------------
[2024-11-28T02:38:27.746+0000] {taskinstance.py:1300} INFO - Executing <Task(TriggerDagRunOperator): tsk2> on 2024-11-28 02:38:20.419382+00:00
[2024-11-28T02:38:27.753+0000] {standard_task_runner.py:55} INFO - Started process 95980 to run task
[2024-11-28T02:38:27.757+0000] {standard_task_runner.py:82} INFO - Running: ['***', 'tasks', 'run', 'dagrundag1', 'tsk2', 'manual__2024-11-28T02:38:20.419382+00:00', '--job-id', '83', '--raw', '--subdir', 'DAGS_FOLDER/dagrundag1.py', '--cfg-path', '/tmp/tmpu95i10jg']
[2024-11-28T02:38:27.758+0000] {standard_task_runner.py:83} INFO - Job 83: Subtask tsk2
[2024-11-28T02:38:27.836+0000] {task_command.py:388} INFO - Running <TaskInstance: dagrundag1.tsk2 manual__2024-11-28T02:38:20.419382+00:00 [running]> on host 6b6513c1cd28
[2024-11-28T02:38:27.941+0000] {taskinstance.py:1509} INFO - Exporting the following env vars:
AIRFLOW_CTX_DAG_OWNER=***
AIRFLOW_CTX_DAG_ID=dagrundag1
AIRFLOW_CTX_TASK_ID=tsk2
AIRFLOW_CTX_EXECUTION_DATE=2024-11-28T02:38:20.419382+00:00
AIRFLOW_CTX_TRY_NUMBER=1
AIRFLOW_CTX_DAG_RUN_ID=manual__2024-11-28T02:38:20.419382+00:00
[2024-11-28T02:38:28.105+0000] {taskinstance.py:1323} INFO - Marking task as SUCCESS. dag_id=dagrundag1, task_id=tsk2, execution_date=20241128T023820, start_date=20241128T023827, end_date=20241128T023828
[2024-11-28T02:38:28.129+0000] {local_task_job.py:208} INFO - Task exited with return code 0
[2024-11-28T02:38:28.150+0000] {taskinstance.py:2578} INFO - 0 downstream tasks scheduled from follow-on schedule check
