[2024-12-02T22:00:07.035+0000] {taskinstance.py:1083} INFO - Dependencies all met for <TaskInstance: defaultargs.tsk2 scheduled__2024-12-02T21:00:00+00:00 [queued]>
[2024-12-02T22:00:07.042+0000] {taskinstance.py:1083} INFO - Dependencies all met for <TaskInstance: defaultargs.tsk2 scheduled__2024-12-02T21:00:00+00:00 [queued]>
[2024-12-02T22:00:07.042+0000] {taskinstance.py:1279} INFO - 
--------------------------------------------------------------------------------
[2024-12-02T22:00:07.042+0000] {taskinstance.py:1280} INFO - Starting attempt 1 of 2
[2024-12-02T22:00:07.042+0000] {taskinstance.py:1281} INFO - 
--------------------------------------------------------------------------------
[2024-12-02T22:00:07.052+0000] {taskinstance.py:1300} INFO - Executing <Task(BashOperator): tsk2> on 2024-12-02 21:00:00+00:00
[2024-12-02T22:00:07.055+0000] {standard_task_runner.py:55} INFO - Started process 66513 to run task
[2024-12-02T22:00:07.058+0000] {standard_task_runner.py:82} INFO - Running: ['***', 'tasks', 'run', 'defaultargs', 'tsk2', 'scheduled__2024-12-02T21:00:00+00:00', '--job-id', '296', '--raw', '--subdir', 'DAGS_FOLDER/defaultargs.py', '--cfg-path', '/tmp/tmppzyppoun']
[2024-12-02T22:00:07.059+0000] {standard_task_runner.py:83} INFO - Job 296: Subtask tsk2
[2024-12-02T22:00:07.119+0000] {task_command.py:388} INFO - Running <TaskInstance: defaultargs.tsk2 scheduled__2024-12-02T21:00:00+00:00 [running]> on host d5758c87d718
[2024-12-02T22:00:07.211+0000] {taskinstance.py:1509} INFO - Exporting the following env vars:
AIRFLOW_CTX_DAG_EMAIL=test@test.com
AIRFLOW_CTX_DAG_OWNER=***
AIRFLOW_CTX_DAG_ID=defaultargs
AIRFLOW_CTX_TASK_ID=tsk2
AIRFLOW_CTX_EXECUTION_DATE=2024-12-02T21:00:00+00:00
AIRFLOW_CTX_TRY_NUMBER=1
AIRFLOW_CTX_DAG_RUN_ID=scheduled__2024-12-02T21:00:00+00:00
[2024-12-02T22:00:07.213+0000] {subprocess.py:63} INFO - Tmp dir root location: 
 /tmp
[2024-12-02T22:00:07.214+0000] {subprocess.py:75} INFO - Running command: ['/bin/bash', '-c', 'sleep 5']
[2024-12-02T22:00:07.228+0000] {subprocess.py:86} INFO - Output:
[2024-12-02T22:00:12.233+0000] {subprocess.py:97} INFO - Command exited with return code 0
[2024-12-02T22:00:12.279+0000] {taskinstance.py:1323} INFO - Marking task as SUCCESS. dag_id=defaultargs, task_id=tsk2, execution_date=20241202T210000, start_date=20241202T220007, end_date=20241202T220012
[2024-12-02T22:00:12.338+0000] {local_task_job.py:208} INFO - Task exited with return code 0
[2024-12-02T22:00:12.370+0000] {taskinstance.py:2578} INFO - 1 downstream tasks scheduled from follow-on schedule check
