[2024-12-09T16:00:07.116+0000] {taskinstance.py:1083} INFO - Dependencies all met for <TaskInstance: defaultargs.tsk2 scheduled__2024-12-09T15:00:00+00:00 [queued]>
[2024-12-09T16:00:07.128+0000] {taskinstance.py:1083} INFO - Dependencies all met for <TaskInstance: defaultargs.tsk2 scheduled__2024-12-09T15:00:00+00:00 [queued]>
[2024-12-09T16:00:07.128+0000] {taskinstance.py:1279} INFO - 
--------------------------------------------------------------------------------
[2024-12-09T16:00:07.128+0000] {taskinstance.py:1280} INFO - Starting attempt 1 of 2
[2024-12-09T16:00:07.128+0000] {taskinstance.py:1281} INFO - 
--------------------------------------------------------------------------------
[2024-12-09T16:00:07.142+0000] {taskinstance.py:1300} INFO - Executing <Task(BashOperator): tsk2> on 2024-12-09 15:00:00+00:00
[2024-12-09T16:00:07.147+0000] {standard_task_runner.py:55} INFO - Started process 35972 to run task
[2024-12-09T16:00:07.149+0000] {standard_task_runner.py:82} INFO - Running: ['***', 'tasks', 'run', 'defaultargs', 'tsk2', 'scheduled__2024-12-09T15:00:00+00:00', '--job-id', '568', '--raw', '--subdir', 'DAGS_FOLDER/defaultargs.py', '--cfg-path', '/tmp/tmpaj0psnte']
[2024-12-09T16:00:07.150+0000] {standard_task_runner.py:83} INFO - Job 568: Subtask tsk2
[2024-12-09T16:00:07.227+0000] {task_command.py:388} INFO - Running <TaskInstance: defaultargs.tsk2 scheduled__2024-12-09T15:00:00+00:00 [running]> on host d5758c87d718
[2024-12-09T16:00:07.310+0000] {taskinstance.py:1509} INFO - Exporting the following env vars:
AIRFLOW_CTX_DAG_EMAIL=test@test.com
AIRFLOW_CTX_DAG_OWNER=***
AIRFLOW_CTX_DAG_ID=defaultargs
AIRFLOW_CTX_TASK_ID=tsk2
AIRFLOW_CTX_EXECUTION_DATE=2024-12-09T15:00:00+00:00
AIRFLOW_CTX_TRY_NUMBER=1
AIRFLOW_CTX_DAG_RUN_ID=scheduled__2024-12-09T15:00:00+00:00
[2024-12-09T16:00:07.312+0000] {subprocess.py:63} INFO - Tmp dir root location: 
 /tmp
[2024-12-09T16:00:07.312+0000] {subprocess.py:75} INFO - Running command: ['/bin/bash', '-c', 'sleep 5']
[2024-12-09T16:00:07.325+0000] {subprocess.py:86} INFO - Output:
[2024-12-09T16:00:12.330+0000] {subprocess.py:97} INFO - Command exited with return code 0
[2024-12-09T16:00:12.357+0000] {taskinstance.py:1323} INFO - Marking task as SUCCESS. dag_id=defaultargs, task_id=tsk2, execution_date=20241209T150000, start_date=20241209T160007, end_date=20241209T160012
[2024-12-09T16:00:12.388+0000] {local_task_job.py:208} INFO - Task exited with return code 0
[2024-12-09T16:00:12.411+0000] {taskinstance.py:2578} INFO - 1 downstream tasks scheduled from follow-on schedule check
