[2024-11-30T21:49:52.038+0000] {taskinstance.py:1083} INFO - Dependencies all met for <TaskInstance: defaultargs.tsk2 scheduled__2024-11-30T20:00:00+00:00 [queued]>
[2024-11-30T21:49:52.051+0000] {taskinstance.py:1083} INFO - Dependencies all met for <TaskInstance: defaultargs.tsk2 scheduled__2024-11-30T20:00:00+00:00 [queued]>
[2024-11-30T21:49:52.051+0000] {taskinstance.py:1279} INFO - 
--------------------------------------------------------------------------------
[2024-11-30T21:49:52.051+0000] {taskinstance.py:1280} INFO - Starting attempt 1 of 2
[2024-11-30T21:49:52.051+0000] {taskinstance.py:1281} INFO - 
--------------------------------------------------------------------------------
[2024-11-30T21:49:52.071+0000] {taskinstance.py:1300} INFO - Executing <Task(BashOperator): tsk2> on 2024-11-30 20:00:00+00:00
[2024-11-30T21:49:52.076+0000] {standard_task_runner.py:55} INFO - Started process 76350 to run task
[2024-11-30T21:49:52.079+0000] {standard_task_runner.py:82} INFO - Running: ['***', 'tasks', 'run', 'defaultargs', 'tsk2', 'scheduled__2024-11-30T20:00:00+00:00', '--job-id', '95', '--raw', '--subdir', 'DAGS_FOLDER/defaultargs.py', '--cfg-path', '/tmp/tmp8lum66u6']
[2024-11-30T21:49:52.079+0000] {standard_task_runner.py:83} INFO - Job 95: Subtask tsk2
[2024-11-30T21:49:52.150+0000] {task_command.py:388} INFO - Running <TaskInstance: defaultargs.tsk2 scheduled__2024-11-30T20:00:00+00:00 [running]> on host 6b6513c1cd28
[2024-11-30T21:49:52.224+0000] {taskinstance.py:1509} INFO - Exporting the following env vars:
AIRFLOW_CTX_DAG_EMAIL=test@test.com
AIRFLOW_CTX_DAG_OWNER=***
AIRFLOW_CTX_DAG_ID=defaultargs
AIRFLOW_CTX_TASK_ID=tsk2
AIRFLOW_CTX_EXECUTION_DATE=2024-11-30T20:00:00+00:00
AIRFLOW_CTX_TRY_NUMBER=1
AIRFLOW_CTX_DAG_RUN_ID=scheduled__2024-11-30T20:00:00+00:00
[2024-11-30T21:49:52.225+0000] {subprocess.py:63} INFO - Tmp dir root location: 
 /tmp
[2024-11-30T21:49:52.226+0000] {subprocess.py:75} INFO - Running command: ['/bin/bash', '-c', 'sleep 5']
[2024-11-30T21:49:52.238+0000] {subprocess.py:86} INFO - Output:
[2024-11-30T21:49:57.242+0000] {subprocess.py:97} INFO - Command exited with return code 0
[2024-11-30T21:49:57.274+0000] {taskinstance.py:1323} INFO - Marking task as SUCCESS. dag_id=defaultargs, task_id=tsk2, execution_date=20241130T200000, start_date=20241130T214952, end_date=20241130T214957
[2024-11-30T21:49:57.308+0000] {local_task_job.py:208} INFO - Task exited with return code 0
[2024-11-30T21:49:57.333+0000] {taskinstance.py:2578} INFO - 1 downstream tasks scheduled from follow-on schedule check
