[2024-11-30T23:28:33.695+0000] {taskinstance.py:1083} INFO - Dependencies all met for <TaskInstance: exemplo_xcom.tsk2 manual__2024-11-30T23:28:31.621387+00:00 [queued]>
[2024-11-30T23:28:33.702+0000] {taskinstance.py:1083} INFO - Dependencies all met for <TaskInstance: exemplo_xcom.tsk2 manual__2024-11-30T23:28:31.621387+00:00 [queued]>
[2024-11-30T23:28:33.703+0000] {taskinstance.py:1279} INFO - 
--------------------------------------------------------------------------------
[2024-11-30T23:28:33.703+0000] {taskinstance.py:1280} INFO - Starting attempt 1 of 1
[2024-11-30T23:28:33.703+0000] {taskinstance.py:1281} INFO - 
--------------------------------------------------------------------------------
[2024-11-30T23:28:33.715+0000] {taskinstance.py:1300} INFO - Executing <Task(PythonOperator): tsk2> on 2024-11-30 23:28:31.621387+00:00
[2024-11-30T23:28:33.720+0000] {standard_task_runner.py:55} INFO - Started process 86735 to run task
[2024-11-30T23:28:33.722+0000] {standard_task_runner.py:82} INFO - Running: ['***', 'tasks', 'run', 'exemplo_xcom', 'tsk2', 'manual__2024-11-30T23:28:31.621387+00:00', '--job-id', '105', '--raw', '--subdir', 'DAGS_FOLDER/xcom.py', '--cfg-path', '/tmp/tmpmy2dll4e']
[2024-11-30T23:28:33.723+0000] {standard_task_runner.py:83} INFO - Job 105: Subtask tsk2
[2024-11-30T23:28:33.788+0000] {task_command.py:388} INFO - Running <TaskInstance: exemplo_xcom.tsk2 manual__2024-11-30T23:28:31.621387+00:00 [running]> on host 6b6513c1cd28
[2024-11-30T23:28:33.869+0000] {taskinstance.py:1509} INFO - Exporting the following env vars:
AIRFLOW_CTX_DAG_OWNER=***
AIRFLOW_CTX_DAG_ID=exemplo_xcom
AIRFLOW_CTX_TASK_ID=tsk2
AIRFLOW_CTX_EXECUTION_DATE=2024-11-30T23:28:31.621387+00:00
AIRFLOW_CTX_TRY_NUMBER=1
AIRFLOW_CTX_DAG_RUN_ID=manual__2024-11-30T23:28:31.621387+00:00
[2024-11-30T23:28:33.883+0000] {logging_mixin.py:137} INFO - Valor recuperado : 10200
[2024-11-30T23:28:33.883+0000] {python.py:177} INFO - Done. Returned value was: None
[2024-11-30T23:28:33.892+0000] {taskinstance.py:1323} INFO - Marking task as SUCCESS. dag_id=exemplo_xcom, task_id=tsk2, execution_date=20241130T232831, start_date=20241130T232833, end_date=20241130T232833
[2024-11-30T23:28:33.935+0000] {local_task_job.py:208} INFO - Task exited with return code 0
[2024-11-30T23:28:33.953+0000] {taskinstance.py:2578} INFO - 0 downstream tasks scheduled from follow-on schedule check
