[2024-11-28T02:39:32.223+0000] {taskinstance.py:1083} INFO - Dependencies all met for <TaskInstance: dagrundag2.tsk2 manual__2024-11-28T02:38:27.942150+00:00 [queued]>
[2024-11-28T02:39:32.235+0000] {taskinstance.py:1083} INFO - Dependencies all met for <TaskInstance: dagrundag2.tsk2 manual__2024-11-28T02:38:27.942150+00:00 [queued]>
[2024-11-28T02:39:32.235+0000] {taskinstance.py:1279} INFO - 
--------------------------------------------------------------------------------
[2024-11-28T02:39:32.236+0000] {taskinstance.py:1280} INFO - Starting attempt 1 of 1
[2024-11-28T02:39:32.236+0000] {taskinstance.py:1281} INFO - 
--------------------------------------------------------------------------------
[2024-11-28T02:39:32.253+0000] {taskinstance.py:1300} INFO - Executing <Task(BashOperator): tsk2> on 2024-11-28 02:38:27.942150+00:00
[2024-11-28T02:39:32.259+0000] {standard_task_runner.py:55} INFO - Started process 96085 to run task
[2024-11-28T02:39:32.261+0000] {standard_task_runner.py:82} INFO - Running: ['***', 'tasks', 'run', 'dagrundag2', 'tsk2', 'manual__2024-11-28T02:38:27.942150+00:00', '--job-id', '85', '--raw', '--subdir', 'DAGS_FOLDER/dagrundag2.py', '--cfg-path', '/tmp/tmpof6pf9b6']
[2024-11-28T02:39:32.263+0000] {standard_task_runner.py:83} INFO - Job 85: Subtask tsk2
[2024-11-28T02:39:32.327+0000] {task_command.py:388} INFO - Running <TaskInstance: dagrundag2.tsk2 manual__2024-11-28T02:38:27.942150+00:00 [running]> on host 6b6513c1cd28
[2024-11-28T02:39:32.409+0000] {taskinstance.py:1509} INFO - Exporting the following env vars:
AIRFLOW_CTX_DAG_OWNER=***
AIRFLOW_CTX_DAG_ID=dagrundag2
AIRFLOW_CTX_TASK_ID=tsk2
AIRFLOW_CTX_EXECUTION_DATE=2024-11-28T02:38:27.942150+00:00
AIRFLOW_CTX_TRY_NUMBER=1
AIRFLOW_CTX_DAG_RUN_ID=manual__2024-11-28T02:38:27.942150+00:00
[2024-11-28T02:39:32.410+0000] {subprocess.py:63} INFO - Tmp dir root location: 
 /tmp
[2024-11-28T02:39:32.410+0000] {subprocess.py:75} INFO - Running command: ['/bin/bash', '-c', 'sleep 5']
[2024-11-28T02:39:32.421+0000] {subprocess.py:86} INFO - Output:
[2024-11-28T02:39:37.425+0000] {subprocess.py:97} INFO - Command exited with return code 0
[2024-11-28T02:39:37.456+0000] {taskinstance.py:1323} INFO - Marking task as SUCCESS. dag_id=dagrundag2, task_id=tsk2, execution_date=20241128T023827, start_date=20241128T023932, end_date=20241128T023937
[2024-11-28T02:39:37.496+0000] {local_task_job.py:208} INFO - Task exited with return code 0
[2024-11-28T02:39:37.516+0000] {taskinstance.py:2578} INFO - 0 downstream tasks scheduled from follow-on schedule check
