[2024-12-01T02:00:00.821+0000] {taskinstance.py:1083} INFO - Dependencies all met for <TaskInstance: defaultargs.tsk1 scheduled__2024-12-01T01:00:00+00:00 [queued]>
[2024-12-01T02:00:00.831+0000] {taskinstance.py:1083} INFO - Dependencies all met for <TaskInstance: defaultargs.tsk1 scheduled__2024-12-01T01:00:00+00:00 [queued]>
[2024-12-01T02:00:00.831+0000] {taskinstance.py:1279} INFO - 
--------------------------------------------------------------------------------
[2024-12-01T02:00:00.831+0000] {taskinstance.py:1280} INFO - Starting attempt 1 of 4
[2024-12-01T02:00:00.831+0000] {taskinstance.py:1281} INFO - 
--------------------------------------------------------------------------------
[2024-12-01T02:00:00.848+0000] {taskinstance.py:1300} INFO - Executing <Task(BashOperator): tsk1> on 2024-12-01 01:00:00+00:00
[2024-12-01T02:00:00.854+0000] {standard_task_runner.py:55} INFO - Started process 8734 to run task
[2024-12-01T02:00:00.857+0000] {standard_task_runner.py:82} INFO - Running: ['***', 'tasks', 'run', 'defaultargs', 'tsk1', 'scheduled__2024-12-01T01:00:00+00:00', '--job-id', '146', '--raw', '--subdir', 'DAGS_FOLDER/defaultargs.py', '--cfg-path', '/tmp/tmp6tv6metk']
[2024-12-01T02:00:00.857+0000] {standard_task_runner.py:83} INFO - Job 146: Subtask tsk1
[2024-12-01T02:00:00.922+0000] {task_command.py:388} INFO - Running <TaskInstance: defaultargs.tsk1 scheduled__2024-12-01T01:00:00+00:00 [running]> on host 5b16b263498c
[2024-12-01T02:00:01.005+0000] {taskinstance.py:1509} INFO - Exporting the following env vars:
AIRFLOW_CTX_DAG_EMAIL=test@test.com
AIRFLOW_CTX_DAG_OWNER=***
AIRFLOW_CTX_DAG_ID=defaultargs
AIRFLOW_CTX_TASK_ID=tsk1
AIRFLOW_CTX_EXECUTION_DATE=2024-12-01T01:00:00+00:00
AIRFLOW_CTX_TRY_NUMBER=1
AIRFLOW_CTX_DAG_RUN_ID=scheduled__2024-12-01T01:00:00+00:00
[2024-12-01T02:00:01.006+0000] {subprocess.py:63} INFO - Tmp dir root location: 
 /tmp
[2024-12-01T02:00:01.007+0000] {subprocess.py:75} INFO - Running command: ['/bin/bash', '-c', 'sleep 5']
[2024-12-01T02:00:01.021+0000] {subprocess.py:86} INFO - Output:
[2024-12-01T02:00:06.025+0000] {subprocess.py:97} INFO - Command exited with return code 0
[2024-12-01T02:00:06.055+0000] {taskinstance.py:1323} INFO - Marking task as SUCCESS. dag_id=defaultargs, task_id=tsk1, execution_date=20241201T010000, start_date=20241201T020000, end_date=20241201T020006
[2024-12-01T02:00:06.090+0000] {local_task_job.py:208} INFO - Task exited with return code 0
[2024-12-01T02:00:06.122+0000] {taskinstance.py:2578} INFO - 1 downstream tasks scheduled from follow-on schedule check
