[2024-11-23T16:02:35.049+0000] {taskinstance.py:1083} INFO - Dependencies all met for <TaskInstance: terceira_dag.tsk1 manual__2024-11-23T16:02:33.712955+00:00 [queued]>
[2024-11-23T16:02:35.064+0000] {taskinstance.py:1083} INFO - Dependencies all met for <TaskInstance: terceira_dag.tsk1 manual__2024-11-23T16:02:33.712955+00:00 [queued]>
[2024-11-23T16:02:35.064+0000] {taskinstance.py:1279} INFO - 
--------------------------------------------------------------------------------
[2024-11-23T16:02:35.064+0000] {taskinstance.py:1280} INFO - Starting attempt 1 of 1
[2024-11-23T16:02:35.064+0000] {taskinstance.py:1281} INFO - 
--------------------------------------------------------------------------------
[2024-11-23T16:02:35.085+0000] {taskinstance.py:1300} INFO - Executing <Task(BashOperator): tsk1> on 2024-11-23 16:02:33.712955+00:00
[2024-11-23T16:02:35.091+0000] {standard_task_runner.py:55} INFO - Started process 18114 to run task
[2024-11-23T16:02:35.096+0000] {standard_task_runner.py:82} INFO - Running: ['***', 'tasks', 'run', 'terceira_dag', 'tsk1', 'manual__2024-11-23T16:02:33.712955+00:00', '--job-id', '34', '--raw', '--subdir', 'DAGS_FOLDER/terceiradag.py', '--cfg-path', '/tmp/tmph5d_gdam']
[2024-11-23T16:02:35.097+0000] {standard_task_runner.py:83} INFO - Job 34: Subtask tsk1
[2024-11-23T16:02:35.175+0000] {task_command.py:388} INFO - Running <TaskInstance: terceira_dag.tsk1 manual__2024-11-23T16:02:33.712955+00:00 [running]> on host 6b6513c1cd28
[2024-11-23T16:02:35.272+0000] {taskinstance.py:1509} INFO - Exporting the following env vars:
AIRFLOW_CTX_DAG_OWNER=***
AIRFLOW_CTX_DAG_ID=terceira_dag
AIRFLOW_CTX_TASK_ID=tsk1
AIRFLOW_CTX_EXECUTION_DATE=2024-11-23T16:02:33.712955+00:00
AIRFLOW_CTX_TRY_NUMBER=1
AIRFLOW_CTX_DAG_RUN_ID=manual__2024-11-23T16:02:33.712955+00:00
[2024-11-23T16:02:35.273+0000] {subprocess.py:63} INFO - Tmp dir root location: 
 /tmp
[2024-11-23T16:02:35.274+0000] {subprocess.py:75} INFO - Running command: ['/bin/bash', '-c', 'sleep 5']
[2024-11-23T16:02:35.291+0000] {subprocess.py:86} INFO - Output:
[2024-11-23T16:02:40.295+0000] {subprocess.py:97} INFO - Command exited with return code 0
[2024-11-23T16:02:40.349+0000] {taskinstance.py:1323} INFO - Marking task as SUCCESS. dag_id=terceira_dag, task_id=tsk1, execution_date=20241123T160233, start_date=20241123T160235, end_date=20241123T160240
[2024-11-23T16:02:40.397+0000] {local_task_job.py:208} INFO - Task exited with return code 0
[2024-11-23T16:02:40.444+0000] {taskinstance.py:2578} INFO - 0 downstream tasks scheduled from follow-on schedule check
