[2024-11-30T21:49:46.291+0000] {taskinstance.py:1083} INFO - Dependencies all met for <TaskInstance: defaultargs.tsk1 manual__2024-11-30T21:49:45.516465+00:00 [queued]>
[2024-11-30T21:49:46.303+0000] {taskinstance.py:1083} INFO - Dependencies all met for <TaskInstance: defaultargs.tsk1 manual__2024-11-30T21:49:45.516465+00:00 [queued]>
[2024-11-30T21:49:46.303+0000] {taskinstance.py:1279} INFO - 
--------------------------------------------------------------------------------
[2024-11-30T21:49:46.303+0000] {taskinstance.py:1280} INFO - Starting attempt 1 of 4
[2024-11-30T21:49:46.303+0000] {taskinstance.py:1281} INFO - 
--------------------------------------------------------------------------------
[2024-11-30T21:49:46.321+0000] {taskinstance.py:1300} INFO - Executing <Task(BashOperator): tsk1> on 2024-11-30 21:49:45.516465+00:00
[2024-11-30T21:49:46.326+0000] {standard_task_runner.py:55} INFO - Started process 76323 to run task
[2024-11-30T21:49:46.329+0000] {standard_task_runner.py:82} INFO - Running: ['***', 'tasks', 'run', 'defaultargs', 'tsk1', 'manual__2024-11-30T21:49:45.516465+00:00', '--job-id', '92', '--raw', '--subdir', 'DAGS_FOLDER/defaultargs.py', '--cfg-path', '/tmp/tmpjjaa1ihr']
[2024-11-30T21:49:46.329+0000] {standard_task_runner.py:83} INFO - Job 92: Subtask tsk1
[2024-11-30T21:49:46.396+0000] {task_command.py:388} INFO - Running <TaskInstance: defaultargs.tsk1 manual__2024-11-30T21:49:45.516465+00:00 [running]> on host 6b6513c1cd28
[2024-11-30T21:49:46.481+0000] {taskinstance.py:1509} INFO - Exporting the following env vars:
AIRFLOW_CTX_DAG_EMAIL=test@test.com
AIRFLOW_CTX_DAG_OWNER=***
AIRFLOW_CTX_DAG_ID=defaultargs
AIRFLOW_CTX_TASK_ID=tsk1
AIRFLOW_CTX_EXECUTION_DATE=2024-11-30T21:49:45.516465+00:00
AIRFLOW_CTX_TRY_NUMBER=1
AIRFLOW_CTX_DAG_RUN_ID=manual__2024-11-30T21:49:45.516465+00:00
[2024-11-30T21:49:46.483+0000] {subprocess.py:63} INFO - Tmp dir root location: 
 /tmp
[2024-11-30T21:49:46.483+0000] {subprocess.py:75} INFO - Running command: ['/bin/bash', '-c', 'sleep 5']
[2024-11-30T21:49:46.494+0000] {subprocess.py:86} INFO - Output:
[2024-11-30T21:49:51.500+0000] {subprocess.py:97} INFO - Command exited with return code 0
[2024-11-30T21:49:51.530+0000] {taskinstance.py:1323} INFO - Marking task as SUCCESS. dag_id=defaultargs, task_id=tsk1, execution_date=20241130T214945, start_date=20241130T214946, end_date=20241130T214951
[2024-11-30T21:49:51.558+0000] {local_task_job.py:208} INFO - Task exited with return code 0
[2024-11-30T21:49:51.589+0000] {taskinstance.py:2578} INFO - 1 downstream tasks scheduled from follow-on schedule check
