[2024-11-23T16:32:36.191+0000] {taskinstance.py:1083} INFO - Dependencies all met for <TaskInstance: triggerdag2.tsk3 manual__2024-11-23T16:32:34.310436+00:00 [queued]>
[2024-11-23T16:32:36.202+0000] {taskinstance.py:1083} INFO - Dependencies all met for <TaskInstance: triggerdag2.tsk3 manual__2024-11-23T16:32:34.310436+00:00 [queued]>
[2024-11-23T16:32:36.203+0000] {taskinstance.py:1279} INFO - 
--------------------------------------------------------------------------------
[2024-11-23T16:32:36.203+0000] {taskinstance.py:1280} INFO - Starting attempt 1 of 1
[2024-11-23T16:32:36.203+0000] {taskinstance.py:1281} INFO - 
--------------------------------------------------------------------------------
[2024-11-23T16:32:36.221+0000] {taskinstance.py:1300} INFO - Executing <Task(BashOperator): tsk3> on 2024-11-23 16:32:34.310436+00:00
[2024-11-23T16:32:36.227+0000] {standard_task_runner.py:55} INFO - Started process 21264 to run task
[2024-11-23T16:32:36.230+0000] {standard_task_runner.py:82} INFO - Running: ['***', 'tasks', 'run', 'triggerdag2', 'tsk3', 'manual__2024-11-23T16:32:34.310436+00:00', '--job-id', '44', '--raw', '--subdir', 'DAGS_FOLDER/triggerDag2.py', '--cfg-path', '/tmp/tmp592lzovx']
[2024-11-23T16:32:36.230+0000] {standard_task_runner.py:83} INFO - Job 44: Subtask tsk3
[2024-11-23T16:32:36.294+0000] {task_command.py:388} INFO - Running <TaskInstance: triggerdag2.tsk3 manual__2024-11-23T16:32:34.310436+00:00 [running]> on host 6b6513c1cd28
[2024-11-23T16:32:36.373+0000] {taskinstance.py:1509} INFO - Exporting the following env vars:
AIRFLOW_CTX_DAG_OWNER=***
AIRFLOW_CTX_DAG_ID=triggerdag2
AIRFLOW_CTX_TASK_ID=tsk3
AIRFLOW_CTX_EXECUTION_DATE=2024-11-23T16:32:34.310436+00:00
AIRFLOW_CTX_TRY_NUMBER=1
AIRFLOW_CTX_DAG_RUN_ID=manual__2024-11-23T16:32:34.310436+00:00
[2024-11-23T16:32:36.374+0000] {subprocess.py:63} INFO - Tmp dir root location: 
 /tmp
[2024-11-23T16:32:36.375+0000] {subprocess.py:75} INFO - Running command: ['/bin/bash', '-c', 'sleep 5']
[2024-11-23T16:32:36.387+0000] {subprocess.py:86} INFO - Output:
[2024-11-23T16:32:41.391+0000] {subprocess.py:97} INFO - Command exited with return code 0
[2024-11-23T16:32:41.425+0000] {taskinstance.py:1323} INFO - Marking task as SUCCESS. dag_id=triggerdag2, task_id=tsk3, execution_date=20241123T163234, start_date=20241123T163236, end_date=20241123T163241
[2024-11-23T16:32:41.457+0000] {local_task_job.py:208} INFO - Task exited with return code 0
[2024-11-23T16:32:41.476+0000] {taskinstance.py:2578} INFO - 0 downstream tasks scheduled from follow-on schedule check
