[2024-12-03T00:00:06.597+0000] {taskinstance.py:1083} INFO - Dependencies all met for <TaskInstance: defaultargs.tsk2 scheduled__2024-12-02T23:00:00+00:00 [queued]>
[2024-12-03T00:00:06.612+0000] {taskinstance.py:1083} INFO - Dependencies all met for <TaskInstance: defaultargs.tsk2 scheduled__2024-12-02T23:00:00+00:00 [queued]>
[2024-12-03T00:00:06.612+0000] {taskinstance.py:1279} INFO - 
--------------------------------------------------------------------------------
[2024-12-03T00:00:06.612+0000] {taskinstance.py:1280} INFO - Starting attempt 1 of 2
[2024-12-03T00:00:06.612+0000] {taskinstance.py:1281} INFO - 
--------------------------------------------------------------------------------
[2024-12-03T00:00:06.631+0000] {taskinstance.py:1300} INFO - Executing <Task(BashOperator): tsk2> on 2024-12-02 23:00:00+00:00
[2024-12-03T00:00:06.636+0000] {standard_task_runner.py:55} INFO - Started process 79099 to run task
[2024-12-03T00:00:06.639+0000] {standard_task_runner.py:82} INFO - Running: ['***', 'tasks', 'run', 'defaultargs', 'tsk2', 'scheduled__2024-12-02T23:00:00+00:00', '--job-id', '302', '--raw', '--subdir', 'DAGS_FOLDER/defaultargs.py', '--cfg-path', '/tmp/tmp278rehyv']
[2024-12-03T00:00:06.640+0000] {standard_task_runner.py:83} INFO - Job 302: Subtask tsk2
[2024-12-03T00:00:06.708+0000] {task_command.py:388} INFO - Running <TaskInstance: defaultargs.tsk2 scheduled__2024-12-02T23:00:00+00:00 [running]> on host d5758c87d718
[2024-12-03T00:00:06.799+0000] {taskinstance.py:1509} INFO - Exporting the following env vars:
AIRFLOW_CTX_DAG_EMAIL=test@test.com
AIRFLOW_CTX_DAG_OWNER=***
AIRFLOW_CTX_DAG_ID=defaultargs
AIRFLOW_CTX_TASK_ID=tsk2
AIRFLOW_CTX_EXECUTION_DATE=2024-12-02T23:00:00+00:00
AIRFLOW_CTX_TRY_NUMBER=1
AIRFLOW_CTX_DAG_RUN_ID=scheduled__2024-12-02T23:00:00+00:00
[2024-12-03T00:00:06.800+0000] {subprocess.py:63} INFO - Tmp dir root location: 
 /tmp
[2024-12-03T00:00:06.801+0000] {subprocess.py:75} INFO - Running command: ['/bin/bash', '-c', 'sleep 5']
[2024-12-03T00:00:06.813+0000] {subprocess.py:86} INFO - Output:
[2024-12-03T00:00:11.819+0000] {subprocess.py:97} INFO - Command exited with return code 0
[2024-12-03T00:00:11.862+0000] {taskinstance.py:1323} INFO - Marking task as SUCCESS. dag_id=defaultargs, task_id=tsk2, execution_date=20241202T230000, start_date=20241203T000006, end_date=20241203T000011
[2024-12-03T00:00:11.926+0000] {local_task_job.py:208} INFO - Task exited with return code 0
[2024-12-03T00:00:11.950+0000] {taskinstance.py:2578} INFO - 1 downstream tasks scheduled from follow-on schedule check
