[2024-12-03T00:00:00.647+0000] {taskinstance.py:1083} INFO - Dependencies all met for <TaskInstance: defaultargs.tsk1 scheduled__2024-12-02T23:00:00+00:00 [queued]>
[2024-12-03T00:00:00.662+0000] {taskinstance.py:1083} INFO - Dependencies all met for <TaskInstance: defaultargs.tsk1 scheduled__2024-12-02T23:00:00+00:00 [queued]>
[2024-12-03T00:00:00.662+0000] {taskinstance.py:1279} INFO - 
--------------------------------------------------------------------------------
[2024-12-03T00:00:00.662+0000] {taskinstance.py:1280} INFO - Starting attempt 1 of 4
[2024-12-03T00:00:00.663+0000] {taskinstance.py:1281} INFO - 
--------------------------------------------------------------------------------
[2024-12-03T00:00:00.685+0000] {taskinstance.py:1300} INFO - Executing <Task(BashOperator): tsk1> on 2024-12-02 23:00:00+00:00
[2024-12-03T00:00:00.691+0000] {standard_task_runner.py:55} INFO - Started process 79096 to run task
[2024-12-03T00:00:00.693+0000] {standard_task_runner.py:82} INFO - Running: ['***', 'tasks', 'run', 'defaultargs', 'tsk1', 'scheduled__2024-12-02T23:00:00+00:00', '--job-id', '301', '--raw', '--subdir', 'DAGS_FOLDER/defaultargs.py', '--cfg-path', '/tmp/tmpaael90v4']
[2024-12-03T00:00:00.693+0000] {standard_task_runner.py:83} INFO - Job 301: Subtask tsk1
[2024-12-03T00:00:00.764+0000] {task_command.py:388} INFO - Running <TaskInstance: defaultargs.tsk1 scheduled__2024-12-02T23:00:00+00:00 [running]> on host d5758c87d718
[2024-12-03T00:00:00.846+0000] {taskinstance.py:1509} INFO - Exporting the following env vars:
AIRFLOW_CTX_DAG_EMAIL=test@test.com
AIRFLOW_CTX_DAG_OWNER=***
AIRFLOW_CTX_DAG_ID=defaultargs
AIRFLOW_CTX_TASK_ID=tsk1
AIRFLOW_CTX_EXECUTION_DATE=2024-12-02T23:00:00+00:00
AIRFLOW_CTX_TRY_NUMBER=1
AIRFLOW_CTX_DAG_RUN_ID=scheduled__2024-12-02T23:00:00+00:00
[2024-12-03T00:00:00.848+0000] {subprocess.py:63} INFO - Tmp dir root location: 
 /tmp
[2024-12-03T00:00:00.848+0000] {subprocess.py:75} INFO - Running command: ['/bin/bash', '-c', 'sleep 5']
[2024-12-03T00:00:00.863+0000] {subprocess.py:86} INFO - Output:
[2024-12-03T00:00:05.869+0000] {subprocess.py:97} INFO - Command exited with return code 0
[2024-12-03T00:00:05.912+0000] {taskinstance.py:1323} INFO - Marking task as SUCCESS. dag_id=defaultargs, task_id=tsk1, execution_date=20241202T230000, start_date=20241203T000000, end_date=20241203T000005
[2024-12-03T00:00:05.947+0000] {local_task_job.py:208} INFO - Task exited with return code 0
[2024-12-03T00:00:05.988+0000] {taskinstance.py:2578} INFO - 1 downstream tasks scheduled from follow-on schedule check
