[2024-12-01T14:23:52.659+0000] {taskinstance.py:1083} INFO - Dependencies all met for <TaskInstance: defaultargs.tsk3 scheduled__2024-12-01T04:00:00+00:00 [queued]>
[2024-12-01T14:23:52.670+0000] {taskinstance.py:1083} INFO - Dependencies all met for <TaskInstance: defaultargs.tsk3 scheduled__2024-12-01T04:00:00+00:00 [queued]>
[2024-12-01T14:23:52.671+0000] {taskinstance.py:1279} INFO - 
--------------------------------------------------------------------------------
[2024-12-01T14:23:52.671+0000] {taskinstance.py:1280} INFO - Starting attempt 1 of 2
[2024-12-01T14:23:52.671+0000] {taskinstance.py:1281} INFO - 
--------------------------------------------------------------------------------
[2024-12-01T14:23:52.686+0000] {taskinstance.py:1300} INFO - Executing <Task(BashOperator): tsk3> on 2024-12-01 04:00:00+00:00
[2024-12-01T14:23:52.691+0000] {standard_task_runner.py:55} INFO - Started process 93 to run task
[2024-12-01T14:23:52.693+0000] {standard_task_runner.py:82} INFO - Running: ['***', 'tasks', 'run', 'defaultargs', 'tsk3', 'scheduled__2024-12-01T04:00:00+00:00', '--job-id', '162', '--raw', '--subdir', 'DAGS_FOLDER/defaultargs.py', '--cfg-path', '/tmp/tmpytzntx_k']
[2024-12-01T14:23:52.693+0000] {standard_task_runner.py:83} INFO - Job 162: Subtask tsk3
[2024-12-01T14:23:52.756+0000] {task_command.py:388} INFO - Running <TaskInstance: defaultargs.tsk3 scheduled__2024-12-01T04:00:00+00:00 [running]> on host 5b16b263498c
[2024-12-01T14:23:52.835+0000] {taskinstance.py:1509} INFO - Exporting the following env vars:
AIRFLOW_CTX_DAG_EMAIL=test@test.com
AIRFLOW_CTX_DAG_OWNER=***
AIRFLOW_CTX_DAG_ID=defaultargs
AIRFLOW_CTX_TASK_ID=tsk3
AIRFLOW_CTX_EXECUTION_DATE=2024-12-01T04:00:00+00:00
AIRFLOW_CTX_TRY_NUMBER=1
AIRFLOW_CTX_DAG_RUN_ID=scheduled__2024-12-01T04:00:00+00:00
[2024-12-01T14:23:52.836+0000] {subprocess.py:63} INFO - Tmp dir root location: 
 /tmp
[2024-12-01T14:23:52.837+0000] {subprocess.py:75} INFO - Running command: ['/bin/bash', '-c', 'sleep 5']
[2024-12-01T14:23:52.849+0000] {subprocess.py:86} INFO - Output:
[2024-12-01T14:23:58.490+0000] {subprocess.py:97} INFO - Command exited with return code 0
[2024-12-01T14:23:58.522+0000] {taskinstance.py:1323} INFO - Marking task as SUCCESS. dag_id=defaultargs, task_id=tsk3, execution_date=20241201T040000, start_date=20241201T142352, end_date=20241201T142358
[2024-12-01T14:23:58.570+0000] {local_task_job.py:208} INFO - Task exited with return code 0
[2024-12-01T14:23:58.591+0000] {taskinstance.py:2578} INFO - 0 downstream tasks scheduled from follow-on schedule check
