[2024-12-01T19:00:00.405+0000] {taskinstance.py:1083} INFO - Dependencies all met for <TaskInstance: defaultargs.tsk1 scheduled__2024-12-01T18:00:00+00:00 [queued]>
[2024-12-01T19:00:00.415+0000] {taskinstance.py:1083} INFO - Dependencies all met for <TaskInstance: defaultargs.tsk1 scheduled__2024-12-01T18:00:00+00:00 [queued]>
[2024-12-01T19:00:00.415+0000] {taskinstance.py:1279} INFO - 
--------------------------------------------------------------------------------
[2024-12-01T19:00:00.415+0000] {taskinstance.py:1280} INFO - Starting attempt 1 of 4
[2024-12-01T19:00:00.415+0000] {taskinstance.py:1281} INFO - 
--------------------------------------------------------------------------------
[2024-12-01T19:00:00.431+0000] {taskinstance.py:1300} INFO - Executing <Task(BashOperator): tsk1> on 2024-12-01 18:00:00+00:00
[2024-12-01T19:00:00.437+0000] {standard_task_runner.py:55} INFO - Started process 13234 to run task
[2024-12-01T19:00:00.440+0000] {standard_task_runner.py:82} INFO - Running: ['***', 'tasks', 'run', 'defaultargs', 'tsk1', 'scheduled__2024-12-01T18:00:00+00:00', '--job-id', '236', '--raw', '--subdir', 'DAGS_FOLDER/defaultargs.py', '--cfg-path', '/tmp/tmpf2i87v__']
[2024-12-01T19:00:00.440+0000] {standard_task_runner.py:83} INFO - Job 236: Subtask tsk1
[2024-12-01T19:00:00.507+0000] {task_command.py:388} INFO - Running <TaskInstance: defaultargs.tsk1 scheduled__2024-12-01T18:00:00+00:00 [running]> on host d5758c87d718
[2024-12-01T19:00:00.592+0000] {taskinstance.py:1509} INFO - Exporting the following env vars:
AIRFLOW_CTX_DAG_EMAIL=test@test.com
AIRFLOW_CTX_DAG_OWNER=***
AIRFLOW_CTX_DAG_ID=defaultargs
AIRFLOW_CTX_TASK_ID=tsk1
AIRFLOW_CTX_EXECUTION_DATE=2024-12-01T18:00:00+00:00
AIRFLOW_CTX_TRY_NUMBER=1
AIRFLOW_CTX_DAG_RUN_ID=scheduled__2024-12-01T18:00:00+00:00
[2024-12-01T19:00:00.593+0000] {subprocess.py:63} INFO - Tmp dir root location: 
 /tmp
[2024-12-01T19:00:00.594+0000] {subprocess.py:75} INFO - Running command: ['/bin/bash', '-c', 'sleep 5']
[2024-12-01T19:00:00.608+0000] {subprocess.py:86} INFO - Output:
[2024-12-01T19:00:05.612+0000] {subprocess.py:97} INFO - Command exited with return code 0
[2024-12-01T19:00:05.643+0000] {taskinstance.py:1323} INFO - Marking task as SUCCESS. dag_id=defaultargs, task_id=tsk1, execution_date=20241201T180000, start_date=20241201T190000, end_date=20241201T190005
[2024-12-01T19:00:05.695+0000] {local_task_job.py:208} INFO - Task exited with return code 0
[2024-12-01T19:00:05.731+0000] {taskinstance.py:2578} INFO - 1 downstream tasks scheduled from follow-on schedule check
