[2024-12-07T21:00:13.125+0000] {taskinstance.py:1083} INFO - Dependencies all met for <TaskInstance: defaultargs.tsk3 scheduled__2024-12-07T20:00:00+00:00 [queued]>
[2024-12-07T21:00:13.136+0000] {taskinstance.py:1083} INFO - Dependencies all met for <TaskInstance: defaultargs.tsk3 scheduled__2024-12-07T20:00:00+00:00 [queued]>
[2024-12-07T21:00:13.136+0000] {taskinstance.py:1279} INFO - 
--------------------------------------------------------------------------------
[2024-12-07T21:00:13.136+0000] {taskinstance.py:1280} INFO - Starting attempt 1 of 2
[2024-12-07T21:00:13.136+0000] {taskinstance.py:1281} INFO - 
--------------------------------------------------------------------------------
[2024-12-07T21:00:13.149+0000] {taskinstance.py:1300} INFO - Executing <Task(BashOperator): tsk3> on 2024-12-07 20:00:00+00:00
[2024-12-07T21:00:13.156+0000] {standard_task_runner.py:55} INFO - Started process 20336 to run task
[2024-12-07T21:00:13.159+0000] {standard_task_runner.py:82} INFO - Running: ['***', 'tasks', 'run', 'defaultargs', 'tsk3', 'scheduled__2024-12-07T20:00:00+00:00', '--job-id', '537', '--raw', '--subdir', 'DAGS_FOLDER/defaultargs.py', '--cfg-path', '/tmp/tmpqo357g66']
[2024-12-07T21:00:13.160+0000] {standard_task_runner.py:83} INFO - Job 537: Subtask tsk3
[2024-12-07T21:00:13.228+0000] {task_command.py:388} INFO - Running <TaskInstance: defaultargs.tsk3 scheduled__2024-12-07T20:00:00+00:00 [running]> on host d5758c87d718
[2024-12-07T21:00:13.311+0000] {taskinstance.py:1509} INFO - Exporting the following env vars:
AIRFLOW_CTX_DAG_EMAIL=test@test.com
AIRFLOW_CTX_DAG_OWNER=***
AIRFLOW_CTX_DAG_ID=defaultargs
AIRFLOW_CTX_TASK_ID=tsk3
AIRFLOW_CTX_EXECUTION_DATE=2024-12-07T20:00:00+00:00
AIRFLOW_CTX_TRY_NUMBER=1
AIRFLOW_CTX_DAG_RUN_ID=scheduled__2024-12-07T20:00:00+00:00
[2024-12-07T21:00:13.313+0000] {subprocess.py:63} INFO - Tmp dir root location: 
 /tmp
[2024-12-07T21:00:13.313+0000] {subprocess.py:75} INFO - Running command: ['/bin/bash', '-c', 'sleep 5']
[2024-12-07T21:00:13.331+0000] {subprocess.py:86} INFO - Output:
[2024-12-07T21:00:18.337+0000] {subprocess.py:97} INFO - Command exited with return code 0
[2024-12-07T21:00:18.376+0000] {taskinstance.py:1323} INFO - Marking task as SUCCESS. dag_id=defaultargs, task_id=tsk3, execution_date=20241207T200000, start_date=20241207T210013, end_date=20241207T210018
[2024-12-07T21:00:18.403+0000] {local_task_job.py:208} INFO - Task exited with return code 0
[2024-12-07T21:00:18.429+0000] {taskinstance.py:2578} INFO - 0 downstream tasks scheduled from follow-on schedule check
