[2024-12-06T12:26:21.403+0000] {taskinstance.py:1083} INFO - Dependencies all met for <TaskInstance: defaultargs.tsk2 scheduled__2024-12-05T21:00:00+00:00 [queued]>
[2024-12-06T12:26:21.415+0000] {taskinstance.py:1083} INFO - Dependencies all met for <TaskInstance: defaultargs.tsk2 scheduled__2024-12-05T21:00:00+00:00 [queued]>
[2024-12-06T12:26:21.415+0000] {taskinstance.py:1279} INFO - 
--------------------------------------------------------------------------------
[2024-12-06T12:26:21.415+0000] {taskinstance.py:1280} INFO - Starting attempt 1 of 2
[2024-12-06T12:26:21.415+0000] {taskinstance.py:1281} INFO - 
--------------------------------------------------------------------------------
[2024-12-06T12:26:21.431+0000] {taskinstance.py:1300} INFO - Executing <Task(BashOperator): tsk2> on 2024-12-05 21:00:00+00:00
[2024-12-06T12:26:21.436+0000] {standard_task_runner.py:55} INFO - Started process 87 to run task
[2024-12-06T12:26:21.439+0000] {standard_task_runner.py:82} INFO - Running: ['***', 'tasks', 'run', 'defaultargs', 'tsk2', 'scheduled__2024-12-05T21:00:00+00:00', '--job-id', '452', '--raw', '--subdir', 'DAGS_FOLDER/defaultargs.py', '--cfg-path', '/tmp/tmpwgxlzrrp']
[2024-12-06T12:26:21.439+0000] {standard_task_runner.py:83} INFO - Job 452: Subtask tsk2
[2024-12-06T12:26:21.508+0000] {task_command.py:388} INFO - Running <TaskInstance: defaultargs.tsk2 scheduled__2024-12-05T21:00:00+00:00 [running]> on host d5758c87d718
[2024-12-06T12:26:21.587+0000] {taskinstance.py:1509} INFO - Exporting the following env vars:
AIRFLOW_CTX_DAG_EMAIL=test@test.com
AIRFLOW_CTX_DAG_OWNER=***
AIRFLOW_CTX_DAG_ID=defaultargs
AIRFLOW_CTX_TASK_ID=tsk2
AIRFLOW_CTX_EXECUTION_DATE=2024-12-05T21:00:00+00:00
AIRFLOW_CTX_TRY_NUMBER=1
AIRFLOW_CTX_DAG_RUN_ID=scheduled__2024-12-05T21:00:00+00:00
[2024-12-06T12:26:21.588+0000] {subprocess.py:63} INFO - Tmp dir root location: 
 /tmp
[2024-12-06T12:26:21.589+0000] {subprocess.py:75} INFO - Running command: ['/bin/bash', '-c', 'sleep 5']
[2024-12-06T12:26:21.605+0000] {subprocess.py:86} INFO - Output:
[2024-12-06T12:26:26.608+0000] {subprocess.py:97} INFO - Command exited with return code 0
[2024-12-06T12:26:26.636+0000] {taskinstance.py:1323} INFO - Marking task as SUCCESS. dag_id=defaultargs, task_id=tsk2, execution_date=20241205T210000, start_date=20241206T122621, end_date=20241206T122626
[2024-12-06T12:26:26.672+0000] {local_task_job.py:208} INFO - Task exited with return code 0
[2024-12-06T12:26:26.696+0000] {taskinstance.py:2578} INFO - 1 downstream tasks scheduled from follow-on schedule check
