[2024-12-07T12:04:57.950+0000] {taskinstance.py:1083} INFO - Dependencies all met for <TaskInstance: defaultargs.tsk1 scheduled__2024-12-07T06:00:00+00:00 [queued]>
[2024-12-07T12:04:57.960+0000] {taskinstance.py:1083} INFO - Dependencies all met for <TaskInstance: defaultargs.tsk1 scheduled__2024-12-07T06:00:00+00:00 [queued]>
[2024-12-07T12:04:57.960+0000] {taskinstance.py:1279} INFO - 
--------------------------------------------------------------------------------
[2024-12-07T12:04:57.960+0000] {taskinstance.py:1280} INFO - Starting attempt 1 of 4
[2024-12-07T12:04:57.960+0000] {taskinstance.py:1281} INFO - 
--------------------------------------------------------------------------------
[2024-12-07T12:04:57.975+0000] {taskinstance.py:1300} INFO - Executing <Task(BashOperator): tsk1> on 2024-12-07 06:00:00+00:00
[2024-12-07T12:04:57.980+0000] {standard_task_runner.py:55} INFO - Started process 62 to run task
[2024-12-07T12:04:57.982+0000] {standard_task_runner.py:82} INFO - Running: ['***', 'tasks', 'run', 'defaultargs', 'tsk1', 'scheduled__2024-12-07T06:00:00+00:00', '--job-id', '513', '--raw', '--subdir', 'DAGS_FOLDER/defaultargs.py', '--cfg-path', '/tmp/tmp_j6l8yoj']
[2024-12-07T12:04:57.983+0000] {standard_task_runner.py:83} INFO - Job 513: Subtask tsk1
[2024-12-07T12:04:58.044+0000] {task_command.py:388} INFO - Running <TaskInstance: defaultargs.tsk1 scheduled__2024-12-07T06:00:00+00:00 [running]> on host d5758c87d718
[2024-12-07T12:04:58.122+0000] {taskinstance.py:1509} INFO - Exporting the following env vars:
AIRFLOW_CTX_DAG_EMAIL=test@test.com
AIRFLOW_CTX_DAG_OWNER=***
AIRFLOW_CTX_DAG_ID=defaultargs
AIRFLOW_CTX_TASK_ID=tsk1
AIRFLOW_CTX_EXECUTION_DATE=2024-12-07T06:00:00+00:00
AIRFLOW_CTX_TRY_NUMBER=1
AIRFLOW_CTX_DAG_RUN_ID=scheduled__2024-12-07T06:00:00+00:00
[2024-12-07T12:04:58.123+0000] {subprocess.py:63} INFO - Tmp dir root location: 
 /tmp
[2024-12-07T12:04:58.124+0000] {subprocess.py:75} INFO - Running command: ['/bin/bash', '-c', 'sleep 5']
[2024-12-07T12:04:58.133+0000] {subprocess.py:86} INFO - Output:
[2024-12-07T12:05:03.137+0000] {subprocess.py:97} INFO - Command exited with return code 0
[2024-12-07T12:05:03.172+0000] {taskinstance.py:1323} INFO - Marking task as SUCCESS. dag_id=defaultargs, task_id=tsk1, execution_date=20241207T060000, start_date=20241207T120457, end_date=20241207T120503
[2024-12-07T12:05:03.227+0000] {local_task_job.py:208} INFO - Task exited with return code 0
[2024-12-07T12:05:03.262+0000] {taskinstance.py:2578} INFO - 1 downstream tasks scheduled from follow-on schedule check
