[2024-11-23T16:44:27.759+0000] {taskinstance.py:1083} INFO - Dependencies all met for <TaskInstance: dagcomplexa.tsk7 manual__2024-11-23T16:44:01.834363+00:00 [queued]>
[2024-11-23T16:44:27.775+0000] {taskinstance.py:1083} INFO - Dependencies all met for <TaskInstance: dagcomplexa.tsk7 manual__2024-11-23T16:44:01.834363+00:00 [queued]>
[2024-11-23T16:44:27.776+0000] {taskinstance.py:1279} INFO - 
--------------------------------------------------------------------------------
[2024-11-23T16:44:27.776+0000] {taskinstance.py:1280} INFO - Starting attempt 1 of 1
[2024-11-23T16:44:27.776+0000] {taskinstance.py:1281} INFO - 
--------------------------------------------------------------------------------
[2024-11-23T16:44:27.794+0000] {taskinstance.py:1300} INFO - Executing <Task(BashOperator): tsk7> on 2024-11-23 16:44:01.834363+00:00
[2024-11-23T16:44:27.798+0000] {standard_task_runner.py:55} INFO - Started process 22512 to run task
[2024-11-23T16:44:27.802+0000] {standard_task_runner.py:82} INFO - Running: ['***', 'tasks', 'run', 'dagcomplexa', 'tsk7', 'manual__2024-11-23T16:44:01.834363+00:00', '--job-id', '54', '--raw', '--subdir', 'DAGS_FOLDER/dagcomplexa.py', '--cfg-path', '/tmp/tmpokee8v5n']
[2024-11-23T16:44:27.803+0000] {standard_task_runner.py:83} INFO - Job 54: Subtask tsk7
[2024-11-23T16:44:27.876+0000] {task_command.py:388} INFO - Running <TaskInstance: dagcomplexa.tsk7 manual__2024-11-23T16:44:01.834363+00:00 [running]> on host 6b6513c1cd28
[2024-11-23T16:44:27.971+0000] {taskinstance.py:1509} INFO - Exporting the following env vars:
AIRFLOW_CTX_DAG_OWNER=***
AIRFLOW_CTX_DAG_ID=dagcomplexa
AIRFLOW_CTX_TASK_ID=tsk7
AIRFLOW_CTX_EXECUTION_DATE=2024-11-23T16:44:01.834363+00:00
AIRFLOW_CTX_TRY_NUMBER=1
AIRFLOW_CTX_DAG_RUN_ID=manual__2024-11-23T16:44:01.834363+00:00
[2024-11-23T16:44:27.972+0000] {subprocess.py:63} INFO - Tmp dir root location: 
 /tmp
[2024-11-23T16:44:27.973+0000] {subprocess.py:75} INFO - Running command: ['/bin/bash', '-c', 'sleep 5']
[2024-11-23T16:44:27.988+0000] {subprocess.py:86} INFO - Output:
[2024-11-23T16:44:32.993+0000] {subprocess.py:97} INFO - Command exited with return code 0
[2024-11-23T16:44:33.028+0000] {taskinstance.py:1323} INFO - Marking task as SUCCESS. dag_id=dagcomplexa, task_id=tsk7, execution_date=20241123T164401, start_date=20241123T164427, end_date=20241123T164433
[2024-11-23T16:44:33.075+0000] {local_task_job.py:208} INFO - Task exited with return code 0
[2024-11-23T16:44:33.095+0000] {taskinstance.py:2578} INFO - 0 downstream tasks scheduled from follow-on schedule check
