[2024-11-28T02:26:07.197+0000] {taskinstance.py:1083} INFO - Dependencies all met for <TaskInstance: dagrundag1.tsk2 manual__2024-11-28T02:26:00.296511+00:00 [queued]>
[2024-11-28T02:26:07.208+0000] {taskinstance.py:1083} INFO - Dependencies all met for <TaskInstance: dagrundag1.tsk2 manual__2024-11-28T02:26:00.296511+00:00 [queued]>
[2024-11-28T02:26:07.209+0000] {taskinstance.py:1279} INFO - 
--------------------------------------------------------------------------------
[2024-11-28T02:26:07.209+0000] {taskinstance.py:1280} INFO - Starting attempt 1 of 1
[2024-11-28T02:26:07.209+0000] {taskinstance.py:1281} INFO - 
--------------------------------------------------------------------------------
[2024-11-28T02:26:07.227+0000] {taskinstance.py:1300} INFO - Executing <Task(TriggerDagRunOperator): tsk2> on 2024-11-28 02:26:00.296511+00:00
[2024-11-28T02:26:07.232+0000] {standard_task_runner.py:55} INFO - Started process 94657 to run task
[2024-11-28T02:26:07.235+0000] {standard_task_runner.py:82} INFO - Running: ['***', 'tasks', 'run', 'dagrundag1', 'tsk2', 'manual__2024-11-28T02:26:00.296511+00:00', '--job-id', '75', '--raw', '--subdir', 'DAGS_FOLDER/dagrundag1.py', '--cfg-path', '/tmp/tmptzzn7b6y']
[2024-11-28T02:26:07.235+0000] {standard_task_runner.py:83} INFO - Job 75: Subtask tsk2
[2024-11-28T02:26:07.308+0000] {task_command.py:388} INFO - Running <TaskInstance: dagrundag1.tsk2 manual__2024-11-28T02:26:00.296511+00:00 [running]> on host 6b6513c1cd28
[2024-11-28T02:26:07.400+0000] {taskinstance.py:1509} INFO - Exporting the following env vars:
AIRFLOW_CTX_DAG_OWNER=***
AIRFLOW_CTX_DAG_ID=dagrundag1
AIRFLOW_CTX_TASK_ID=tsk2
AIRFLOW_CTX_EXECUTION_DATE=2024-11-28T02:26:00.296511+00:00
AIRFLOW_CTX_TRY_NUMBER=1
AIRFLOW_CTX_DAG_RUN_ID=manual__2024-11-28T02:26:00.296511+00:00
[2024-11-28T02:26:07.520+0000] {taskinstance.py:1323} INFO - Marking task as SUCCESS. dag_id=dagrundag1, task_id=tsk2, execution_date=20241128T022600, start_date=20241128T022607, end_date=20241128T022607
[2024-11-28T02:26:07.567+0000] {local_task_job.py:208} INFO - Task exited with return code 0
[2024-11-28T02:26:07.599+0000] {taskinstance.py:2578} INFO - 0 downstream tasks scheduled from follow-on schedule check
