[2024-11-23T01:48:05.918+0000] {taskinstance.py:1083} INFO - Dependencies all met for <TaskInstance: primeira_dag.tsk3 manual__2024-11-23T01:47:52.622792+00:00 [queued]>
[2024-11-23T01:48:05.930+0000] {taskinstance.py:1083} INFO - Dependencies all met for <TaskInstance: primeira_dag.tsk3 manual__2024-11-23T01:47:52.622792+00:00 [queued]>
[2024-11-23T01:48:05.930+0000] {taskinstance.py:1279} INFO - 
--------------------------------------------------------------------------------
[2024-11-23T01:48:05.930+0000] {taskinstance.py:1280} INFO - Starting attempt 1 of 1
[2024-11-23T01:48:05.931+0000] {taskinstance.py:1281} INFO - 
--------------------------------------------------------------------------------
[2024-11-23T01:48:05.950+0000] {taskinstance.py:1300} INFO - Executing <Task(BashOperator): tsk3> on 2024-11-23 01:47:52.622792+00:00
[2024-11-23T01:48:05.958+0000] {standard_task_runner.py:55} INFO - Started process 766 to run task
[2024-11-23T01:48:05.961+0000] {standard_task_runner.py:82} INFO - Running: ['***', 'tasks', 'run', 'primeira_dag', 'tsk3', 'manual__2024-11-23T01:47:52.622792+00:00', '--job-id', '28', '--raw', '--subdir', 'DAGS_FOLDER/primeiradag.py', '--cfg-path', '/tmp/tmpydcwazus']
[2024-11-23T01:48:05.962+0000] {standard_task_runner.py:83} INFO - Job 28: Subtask tsk3
[2024-11-23T01:48:06.031+0000] {task_command.py:388} INFO - Running <TaskInstance: primeira_dag.tsk3 manual__2024-11-23T01:47:52.622792+00:00 [running]> on host 6b6513c1cd28
[2024-11-23T01:48:06.112+0000] {taskinstance.py:1509} INFO - Exporting the following env vars:
AIRFLOW_CTX_DAG_OWNER=***
AIRFLOW_CTX_DAG_ID=primeira_dag
AIRFLOW_CTX_TASK_ID=tsk3
AIRFLOW_CTX_EXECUTION_DATE=2024-11-23T01:47:52.622792+00:00
AIRFLOW_CTX_TRY_NUMBER=1
AIRFLOW_CTX_DAG_RUN_ID=manual__2024-11-23T01:47:52.622792+00:00
[2024-11-23T01:48:06.113+0000] {subprocess.py:63} INFO - Tmp dir root location: 
 /tmp
[2024-11-23T01:48:06.113+0000] {subprocess.py:75} INFO - Running command: ['/bin/bash', '-c', 'sleep 5']
[2024-11-23T01:48:06.130+0000] {subprocess.py:86} INFO - Output:
[2024-11-23T01:48:11.133+0000] {subprocess.py:97} INFO - Command exited with return code 0
[2024-11-23T01:48:11.169+0000] {taskinstance.py:1323} INFO - Marking task as SUCCESS. dag_id=primeira_dag, task_id=tsk3, execution_date=20241123T014752, start_date=20241123T014805, end_date=20241123T014811
[2024-11-23T01:48:11.231+0000] {local_task_job.py:208} INFO - Task exited with return code 0
[2024-11-23T01:48:11.252+0000] {taskinstance.py:2578} INFO - 0 downstream tasks scheduled from follow-on schedule check
