[2024-12-07T17:48:43.942+0000] {taskinstance.py:1083} INFO - Dependencies all met for <TaskInstance: defaultargs.tsk2 scheduled__2024-12-07T16:00:00+00:00 [queued]>
[2024-12-07T17:48:43.953+0000] {taskinstance.py:1083} INFO - Dependencies all met for <TaskInstance: defaultargs.tsk2 scheduled__2024-12-07T16:00:00+00:00 [queued]>
[2024-12-07T17:48:43.953+0000] {taskinstance.py:1279} INFO - 
--------------------------------------------------------------------------------
[2024-12-07T17:48:43.953+0000] {taskinstance.py:1280} INFO - Starting attempt 1 of 2
[2024-12-07T17:48:43.953+0000] {taskinstance.py:1281} INFO - 
--------------------------------------------------------------------------------
[2024-12-07T17:48:43.968+0000] {taskinstance.py:1300} INFO - Executing <Task(BashOperator): tsk2> on 2024-12-07 16:00:00+00:00
[2024-12-07T17:48:43.974+0000] {standard_task_runner.py:55} INFO - Started process 88 to run task
[2024-12-07T17:48:43.977+0000] {standard_task_runner.py:82} INFO - Running: ['***', 'tasks', 'run', 'defaultargs', 'tsk2', 'scheduled__2024-12-07T16:00:00+00:00', '--job-id', '523', '--raw', '--subdir', 'DAGS_FOLDER/defaultargs.py', '--cfg-path', '/tmp/tmp70yylh7m']
[2024-12-07T17:48:43.978+0000] {standard_task_runner.py:83} INFO - Job 523: Subtask tsk2
[2024-12-07T17:48:44.054+0000] {task_command.py:388} INFO - Running <TaskInstance: defaultargs.tsk2 scheduled__2024-12-07T16:00:00+00:00 [running]> on host d5758c87d718
[2024-12-07T17:48:44.145+0000] {taskinstance.py:1509} INFO - Exporting the following env vars:
AIRFLOW_CTX_DAG_EMAIL=test@test.com
AIRFLOW_CTX_DAG_OWNER=***
AIRFLOW_CTX_DAG_ID=defaultargs
AIRFLOW_CTX_TASK_ID=tsk2
AIRFLOW_CTX_EXECUTION_DATE=2024-12-07T16:00:00+00:00
AIRFLOW_CTX_TRY_NUMBER=1
AIRFLOW_CTX_DAG_RUN_ID=scheduled__2024-12-07T16:00:00+00:00
[2024-12-07T17:48:44.146+0000] {subprocess.py:63} INFO - Tmp dir root location: 
 /tmp
[2024-12-07T17:48:44.146+0000] {subprocess.py:75} INFO - Running command: ['/bin/bash', '-c', 'sleep 5']
[2024-12-07T17:48:44.159+0000] {subprocess.py:86} INFO - Output:
[2024-12-07T17:48:49.162+0000] {subprocess.py:97} INFO - Command exited with return code 0
[2024-12-07T17:48:49.199+0000] {taskinstance.py:1323} INFO - Marking task as SUCCESS. dag_id=defaultargs, task_id=tsk2, execution_date=20241207T160000, start_date=20241207T174843, end_date=20241207T174849
[2024-12-07T17:48:49.222+0000] {local_task_job.py:208} INFO - Task exited with return code 0
[2024-12-07T17:48:49.244+0000] {taskinstance.py:2578} INFO - 1 downstream tasks scheduled from follow-on schedule check
